<?xml version="1.0" encoding="utf-8"?>
<TestRun id="79c2e587-f7fc-496f-bb15-9861681fd67c" name="marco@DESKTOP-5I2MT27 2026-09-03 10:39:22" runUser="DESKTOP-5I2MT27\marco" xmlns="http://microsoft.com/schemas/VisualStudio/TeamTest/2010">
  <Times creation="2026-09-03T10:39:22.0707635-03:00" queuing="2026-09-03T10:39:22.0707646-03:00" start="2026-09-03T10:39:17.8535539-03:00" finish="2026-09-03T10:40:13.8822850-03:00" />
  <TestSettings name="default" id="ae2ba97b-b15d-48dc-8c02-8e7a98bfb871">
    <Deployment runDeploymentRoot="marco_DESKTOP-5I2MT27_2026-09-03_10_39_22" />
  </TestSettings>
  <Results>
    <UnitTestResult executionId="8ce5eba1-5ad5-454a-95f2-3b4d5ba899de" testId="f1da1987-e357-8287-5fae-38d4162a339a" testName="OrderHub.Integration.Tests.PublicOrderingApiTests.Invalid_public_reference_returns_problem_details_without_lookup" computerName="DESKTOP-5I2MT27" duration="00:00:00.8507877" startTime="2026-09-03T10:39:20.9338489-03:00" endTime="2026-09-03T10:39:21.7830747-03:00" testType="13cdc9d9-ddb5-4fa4-a97d-d965ccfc6d4b" outcome="Passed" testListId="8c84fa94-04c1-424b-9868-57a2d4851a1d" relativeResultsDirectory="8ce5eba1-5ad5-454a-95f2-3b4d5ba899de" />
    <UnitTestResult executionId="bccc6f3c-b1ea-48b1-b597-1f5671717fb4" testId="eacc109e-b275-4ce1-310e-02b949b41d16" testName="OrderHub.Integration.Tests.TenancyMigrationTests.Coupon_management_migration_upgrades_rolls_back_and_reapplies" computerName="DESKTOP-5I2MT27" duration="00:00:00.8042652" startTime="2026-09-03T10:40:01.3129606-03:00" endTime="2026-09-03T10:40:06.3100101-03:00" testType="13cdc9d9-ddb5-4fa4-a97d-d965ccfc6d4b" outcome="Passed" testListId="8c84fa94-04c1-424b-9868-57a2d4851a1d" relativeResultsDirectory="bccc6f3c-b1ea-48b1-b597-1f5671717fb4" />
    <UnitTestResult executionId="de90a884-5202-41c3-bc92-3ee3f5cc6516" testId="e078d07d-88ed-4674-cf1d-f85e01684cb1" testName="OrderHub.Integration.Tests.AdministrationApiTests.Coupon_management_obeys_role_matrix(role: Owner, allowed: True)" computerName="DESKTOP-5I2MT27" duration="00:00:00.8040079" startTime="2026-09-03T10:39:37.5074515-03:00" endTime="2026-09-03T10:39:38.3116537-03:00" testType="13cdc9d9-ddb5-4fa4-a97d-d965ccfc6d4b" outcome="Passed" testListId="8c84fa94-04c1-424b-9868-57a2d4851a1d" relativeResultsDirectory="de90a884-5202-41c3-bc92-3ee3f5cc6516" />
    <UnitTestResult executionId="f70c7999-8301-4a20-a82c-4bc5b310c151" testId="8bceabc6-2f20-06d8-1416-1228c3780ad3" testName="OrderHub.Integration.Tests.CustomerPersistenceTests.Concurrent_primary_address_changes_keep_one_atomic_winner" computerName="DESKTOP-5I2MT27" duration="00:00:03.4596244" startTime="2026-09-03T10:39:19.0009449-03:00" endTime="2026-09-03T10:39:38.9721914-03:00" testType="13cdc9d9-ddb5-4fa4-a97d-d965ccfc6d4b" outcome="Passed" testListId="8c84fa94-04c1-424b-9868-57a2d4851a1d" relativeResultsDirectory="f70c7999-8301-4a20-a82c-4bc5b310c151" />
    <UnitTestResult executionId="6d04933b-d16b-4ac3-82ef-ca5cc0199c8b" testId="a2de8734-9d5e-1cf9-e240-f2c8c9dea2c6" testName="OrderHub.Integration.Tests.TenancyMigrationTests.Order_lifecycle_migration_upgrades_rolls_back_and_reapplies" computerName="DESKTOP-5I2MT27" duration="00:00:01.2387562" startTime="2026-09-03T10:39:50.8892214-03:00" endTime="2026-09-03T10:39:56.5211220-03:00" testType="13cdc9d9-ddb5-4fa4-a97d-d965ccfc6d4b" outcome="Passed" testListId="8c84fa94-04c1-424b-9868-57a2d4851a1d" relativeResultsDirectory="6d04933b-d16b-4ac3-82ef-ca5cc0199c8b" />
    <UnitTestResult executionId="a06e8566-4b57-4e68-b269-0989caec0a2e" testId="36d485a6-3642-eec7-766b-22095bf4393c" testName="OrderHub.Integration.Tests.PublicOrderingApiTests.OpenApi_contains_public_ordering_routes_and_contracts" computerName="DESKTOP-5I2MT27" duration="00:00:00.8954524" startTime="2026-09-03T10:39:23.0787498-03:00" endTime="2026-09-03T10:39:23.9747654-03:00" testType="13cdc9d9-ddb5-4fa4-a97d-d965ccfc6d4b" outcome="Passed" testListId="8c84fa94-04c1-424b-9868-57a2d4851a1d" relativeResultsDirectory="a06e8566-4b57-4e68-b269-0989caec0a2e" />
    <UnitTestResult executionId="4e5a1c39-0922-40c2-88e6-bb56179a4275" testId="3b368219-1dd9-4d7d-1bc3-0e171038d50f" testName="OrderHub.Integration.Tests.CatalogApiTests.Public_catalog_returns_external_contract_without_tenant_id" computerName="DESKTOP-5I2MT27" duration="00:00:00.7771881" startTime="2026-09-03T10:39:30.4125837-03:00" endTime="2026-09-03T10:39:31.1914157-03:00" testType="13cdc9d9-ddb5-4fa4-a97d-d965ccfc6d4b" outcome="Passed" testListId="8c84fa94-04c1-424b-9868-57a2d4851a1d" relativeResultsDirectory="4e5a1c39-0922-40c2-88e6-bb56179a4275" />
    <UnitTestResult executionId="e16a380c-ff8a-4cba-b61d-69b33bd99f6e" testId="ce9978e8-39ca-b1b4-a814-57c5a8dfda4d" testName="OrderHub.Integration.Tests.PublicOrderingApiTests.Confirmation_contract_has_no_client_price_or_tenant_authority" computerName="DESKTOP-5I2MT27" duration="00:00:00.6834393" startTime="2026-09-03T10:39:20.2471969-03:00" endTime="2026-09-03T10:39:20.9317048-03:00" testType="13cdc9d9-ddb5-4fa4-a97d-d965ccfc6d4b" outcome="Passed" testListId="8c84fa94-04c1-424b-9868-57a2d4851a1d" relativeResultsDirectory="e16a380c-ff8a-4cba-b61d-69b33bd99f6e" />
    <UnitTestResult executionId="ae2367a4-1261-42c4-a86d-2d18d966356f" testId="49c9c481-2621-aafb-0686-e95506673abc" testName="OrderHub.Integration.Tests.CatalogPersistenceTests.Repository_translates_duplicate_product_code_to_conflict" computerName="DESKTOP-5I2MT27" duration="00:00:02.9384351" startTime="2026-09-03T10:39:18.9980672-03:00" endTime="2026-09-03T10:39:38.4033845-03:00" testType="13cdc9d9-ddb5-4fa4-a97d-d965ccfc6d4b" outcome="Passed" testListId="8c84fa94-04c1-424b-9868-57a2d4851a1d" relativeResultsDirectory="ae2367a4-1261-42c4-a86d-2d18d966356f" />
    <UnitTestResult executionId="f3d34c8d-6888-4251-a21f-f394319c4d5b" testId="2510c1cf-d0fc-f6c2-10f0-b258d361bf8d" testName="OrderHub.Integration.Tests.OpenApiExposureTests.OpenApi_and_Swagger_UI_are_available_in_development" computerName="DESKTOP-5I2MT27" duration="00:00:01.1023704" startTime="2026-09-03T10:39:20.6216980-03:00" endTime="2026-09-03T10:39:21.7079875-03:00" testType="13cdc9d9-ddb5-4fa4-a97d-d965ccfc6d4b" outcome="Passed" testListId="8c84fa94-04c1-424b-9868-57a2d4851a1d" relativeResultsDirectory="f3d34c8d-6888-4251-a21f-f394319c4d5b" />
    <UnitTestResult executionId="655a39ea-ff60-4070-94b3-da9c0f09553d" testId="71575f39-4ce2-a53d-3909-515421105de5" testName="OrderHub.Integration.Tests.CatalogApiTests.Administrative_errors_are_problem_details(error: &quot;validation&quot;, status: BadRequest)" computerName="DESKTOP-5I2MT27" duration="00:00:00.6289457" startTime="2026-09-03T10:39:25.0979910-03:00" endTime="2026-09-03T10:39:25.7274636-03:00" testType="13cdc9d9-ddb5-4fa4-a97d-d965ccfc6d4b" outcome="Passed" testListId="8c84fa94-04c1-424b-9868-57a2d4851a1d" relativeResultsDirectory="655a39ea-ff60-4070-94b3-da9c0f09553d" />
    <UnitTestResult executionId="5b32950f-088f-4363-ad48-ea54f7507417" testId="f205f437-9d88-1b9e-cecb-63559c9fb416" testName="OrderHub.Integration.Tests.CatalogPersistenceTests.Database_rejects_duplicate_code_and_cross_unit_relations" computerName="DESKTOP-5I2MT27" duration="00:00:00.5197345" startTime="2026-09-03T10:39:38.4038245-03:00" endTime="2026-09-03T10:39:46.5272898-03:00" testType="13cdc9d9-ddb5-4fa4-a97d-d965ccfc6d4b" outcome="Passed" testListId="8c84fa94-04c1-424b-9868-57a2d4851a1d" relativeResultsDirectory="5b32950f-088f-4363-ad48-ea54f7507417" />
    <UnitTestResult executionId="c787ca47-5a8a-417b-a34e-004699117741" testId="32f6860b-fcdb-a2bc-8a7d-1debd3df856a" testName="OrderHub.Integration.Tests.PublicOrderingApiTests.Confirmation_requires_idempotency_header_as_problem_details" computerName="DESKTOP-5I2MT27" duration="00:00:00.7431278" startTime="2026-09-03T10:39:21.7834958-03:00" endTime="2026-09-03T10:39:22.5267124-03:00" testType="13cdc9d9-ddb5-4fa4-a97d-d965ccfc6d4b" outcome="Passed" testListId="8c84fa94-04c1-424b-9868-57a2d4851a1d" relativeResultsDirectory="c787ca47-5a8a-417b-a34e-004699117741" />
    <UnitTestResult executionId="ce119e8c-559e-45d3-b3e8-e2fcba0d2906" testId="e0093778-3b9f-cd0b-2546-b9e1993e7df7" testName="OrderHub.Integration.Tests.CatalogApiTests.Missing_public_catalog_uses_standard_problem_details" computerName="DESKTOP-5I2MT27" duration="00:00:01.5785893" startTime="2026-09-03T10:39:26.8689103-03:00" endTime="2026-09-03T10:39:28.4478361-03:00" testType="13cdc9d9-ddb5-4fa4-a97d-d965ccfc6d4b" outcome="Passed" testListId="8c84fa94-04c1-424b-9868-57a2d4851a1d" relativeResultsDirectory="ce119e8c-559e-45d3-b3e8-e2fcba0d2906" />
    <UnitTestResult executionId="ca416066-0c2b-40c4-b692-485c9d548bee" testId="f844fb45-8f34-11a9-7d39-769008a17c28" testName="OrderHub.Integration.Tests.PostgreSqlPersistenceTests.Ef_write_and_dapper_read_connect_and_keep_tenants_isolated" computerName="DESKTOP-5I2MT27" duration="00:00:00.1154689" startTime="2026-09-03T10:39:33.7467201-03:00" endTime="2026-09-03T10:39:40.5200919-03:00" testType="13cdc9d9-ddb5-4fa4-a97d-d965ccfc6d4b" outcome="Passed" testListId="8c84fa94-04c1-424b-9868-57a2d4851a1d" relativeResultsDirectory="ca416066-0c2b-40c4-b692-485c9d548bee" />
    <UnitTestResult executionId="72ded282-e010-40a9-89ab-0f5619cbdbb5" testId="6c0f8c6b-ac8e-c984-eebc-48975e0498fc" testName="OrderHub.Integration.Tests.AdministrationApiTests.Coupon_management_obeys_role_matrix(role: Kitchen, allowed: False)" computerName="DESKTOP-5I2MT27" duration="00:00:00.7264540" startTime="2026-09-03T10:39:38.3119900-03:00" endTime="2026-09-03T10:39:39.0386366-03:00" testType="13cdc9d9-ddb5-4fa4-a97d-d965ccfc6d4b" outcome="Passed" testListId="8c84fa94-04c1-424b-9868-57a2d4851a1d" relativeResultsDirectory="72ded282-e010-40a9-89ab-0f5619cbdbb5" />
    <UnitTestResult executionId="61c563f7-78b2-44db-90fc-8db8108ff9c1" testId="2271f189-27bb-3cb7-88f6-f1d91388d147" testName="OrderHub.Integration.Tests.PublicOrderingApiTests.Context_exposes_only_public_active_data" computerName="DESKTOP-5I2MT27" duration="00:00:00.5487341" startTime="2026-09-03T10:39:22.5270198-03:00" endTime="2026-09-03T10:39:23.0784154-03:00" testType="13cdc9d9-ddb5-4fa4-a97d-d965ccfc6d4b" outcome="Passed" testListId="8c84fa94-04c1-424b-9868-57a2d4851a1d" relativeResultsDirectory="61c563f7-78b2-44db-90fc-8db8108ff9c1" />
    <UnitTestResult executionId="96bca4d7-0169-4731-b577-287f8c9a1886" testId="dfd82172-4397-7a6c-02fe-ba64c66916cd" testName="OrderHub.Integration.Tests.CatalogApiTests.Manager_can_dispatch_administrative_catalog_command" computerName="DESKTOP-5I2MT27" duration="00:00:00.8568072" startTime="2026-09-03T10:39:29.5549476-03:00" endTime="2026-09-03T10:39:30.4121714-03:00" testType="13cdc9d9-ddb5-4fa4-a97d-d965ccfc6d4b" outcome="Passed" testListId="8c84fa94-04c1-424b-9868-57a2d4851a1d" relativeResultsDirectory="96bca4d7-0169-4731-b577-287f8c9a1886" />
    <UnitTestResult executionId="81bd98fa-b419-4cbf-bacb-d56b495da1d3" testId="0f4ef9d0-e561-56f1-c202-196148c41961" testName="OrderHub.Integration.Tests.AdministrationApiTests.Customer_operations_obey_role_matrix(role: Manager, allowed: True)" computerName="DESKTOP-5I2MT27" duration="00:00:01.0240343" startTime="2026-09-03T10:39:28.4503805-03:00" endTime="2026-09-03T10:39:29.4835269-03:00" testType="13cdc9d9-ddb5-4fa4-a97d-d965ccfc6d4b" outcome="Passed" testListId="8c84fa94-04c1-424b-9868-57a2d4851a1d" relativeResultsDirectory="81bd98fa-b419-4cbf-bacb-d56b495da1d3" />
    <UnitTestResult executionId="5d7c7e86-a28c-4d45-8679-b52c8313f44d" testId="8668b9c1-1529-0edb-17d4-d200981c8303" testName="OrderHub.Integration.Tests.AdministrationApiTests.Kitchen_transition_obeys_role_matrix(role: Attendant, allowed: False)" computerName="DESKTOP-5I2MT27" duration="00:00:00.5096540" startTime="2026-09-03T10:39:32.9630067-03:00" endTime="2026-09-03T10:39:33.4727596-03:00" testType="13cdc9d9-ddb5-4fa4-a97d-d965ccfc6d4b" outcome="Passed" testListId="8c84fa94-04c1-424b-9868-57a2d4851a1d" relativeResultsDirectory="5d7c7e86-a28c-4d45-8679-b52c8313f44d" />
    <UnitTestResult executionId="22c89129-8662-48f2-8b3d-f55468ebedd2" testId="736aadb0-b3b7-8201-1a57-3355cb09ae5d" testName="OrderHub.Integration.Tests.ModelConventionsTests.Ordering_metadata_has_scoped_numbers_snapshots_and_concurrency" computerName="DESKTOP-5I2MT27" duration="00:00:00.0699507" startTime="2026-09-03T10:39:33.6707098-03:00" endTime="2026-09-03T10:39:33.7404651-03:00" testType="13cdc9d9-ddb5-4fa4-a97d-d965ccfc6d4b" outcome="Passed" testListId="8c84fa94-04c1-424b-9868-57a2d4851a1d" relativeResultsDirectory="22c89129-8662-48f2-8b3d-f55468ebedd2" />
    <UnitTestResult executionId="d7a69cbd-d323-4089-bc36-978264b7e19f" testId="0311581a-f63e-b828-4af3-f2c68236e4ca" testName="OrderHub.Integration.Tests.AdministrationApiTests.Delivery_transition_obeys_role_matrix(role: Delivery, allowed: True)" computerName="DESKTOP-5I2MT27" duration="00:00:00.8192735" startTime="2026-09-03T10:39:20.9916955-03:00" endTime="2026-09-03T10:39:21.8111665-03:00" testType="13cdc9d9-ddb5-4fa4-a97d-d965ccfc6d4b" outcome="Passed" testListId="8c84fa94-04c1-424b-9868-57a2d4851a1d" relativeResultsDirectory="d7a69cbd-d323-4089-bc36-978264b7e19f" />
    <UnitTestResult executionId="a7da5dcc-656e-41c2-bd0d-2a8e37b4040a" testId="bc679aa6-0679-fb5c-95f4-6a6dba0d94f1" testName="OrderHub.Integration.Tests.CatalogApiTests.Administrative_errors_are_problem_details(error: &quot;conflict&quot;, status: Conflict)" computerName="DESKTOP-5I2MT27" duration="00:00:01.1344295" startTime="2026-09-03T10:39:25.7277518-03:00" endTime="2026-09-03T10:39:26.8685480-03:00" testType="13cdc9d9-ddb5-4fa4-a97d-d965ccfc6d4b" outcome="Passed" testListId="8c84fa94-04c1-424b-9868-57a2d4851a1d" relativeResultsDirectory="a7da5dcc-656e-41c2-bd0d-2a8e37b4040a" />
    <UnitTestResult executionId="ec6a459f-420a-4f35-9097-81d26a023b61" testId="0a2feb50-c2a0-3195-b45a-3d8681eb0aec" testName="OrderHub.Integration.Tests.AdministrationApiTests.Administrative_routes_and_explicit_contracts_are_in_openapi" computerName="DESKTOP-5I2MT27" duration="00:00:02.0242308" startTime="2026-09-03T10:39:19.0008558-03:00" endTime="2026-09-03T10:39:20.9913139-03:00" testType="13cdc9d9-ddb5-4fa4-a97d-d965ccfc6d4b" outcome="Passed" testListId="8c84fa94-04c1-424b-9868-57a2d4851a1d" relativeResultsDirectory="ec6a459f-420a-4f35-9097-81d26a023b61" />
    <UnitTestResult executionId="1b988eff-0cef-41e6-bc63-dd80368a6b38" testId="196ee092-b0b3-6f93-2edc-76e8c4fe6c66" testName="OrderHub.Integration.Tests.IdentityPersistenceTests.Access_gateway_observes_explicit_active_same_tenant_association" computerName="DESKTOP-5I2MT27" duration="00:00:03.4335800" startTime="2026-09-03T10:39:19.0008845-03:00" endTime="2026-09-03T10:39:38.6491924-03:00" testType="13cdc9d9-ddb5-4fa4-a97d-d965ccfc6d4b" outcome="Passed" testListId="8c84fa94-04c1-424b-9868-57a2d4851a1d" relativeResultsDirectory="1b988eff-0cef-41e6-bc63-dd80368a6b38" />
    <UnitTestResult executionId="40cbe692-647e-4a54-9f74-d96b16b04172" testId="a34004a7-a1d7-772d-a6f3-9ec01d5d2153" testName="OrderHub.Integration.Tests.CatalogApiTests.Administrative_errors_are_problem_details(error: &quot;forbidden&quot;, status: Forbidden)" computerName="DESKTOP-5I2MT27" duration="00:00:01.1219030" startTime="2026-09-03T10:39:23.9754376-03:00" endTime="2026-09-03T10:39:25.0977524-03:00" testType="13cdc9d9-ddb5-4fa4-a97d-d965ccfc6d4b" outcome="Passed" testListId="8c84fa94-04c1-424b-9868-57a2d4851a1d" relativeResultsDirectory="40cbe692-647e-4a54-9f74-d96b16b04172" />
    <UnitTestResult executionId="d09f2c20-b06b-4dd8-897a-05671b58174b" testId="1bf98bc6-485b-1926-8fa9-fb980dbe56bc" testName="OrderHub.Integration.Tests.TenancyMigrationTests.Order_payments_migration_upgrades_rolls_back_and_reapplies" computerName="DESKTOP-5I2MT27" duration="00:00:04.4913066" startTime="2026-09-03T10:39:19.0010029-03:00" endTime="2026-09-03T10:39:40.8542621-03:00" testType="13cdc9d9-ddb5-4fa4-a97d-d965ccfc6d4b" outcome="Passed" testListId="8c84fa94-04c1-424b-9868-57a2d4851a1d" relativeResultsDirectory="d09f2c20-b06b-4dd8-897a-05671b58174b" />
    <UnitTestResult executionId="6717881f-0c94-4ee6-bee4-69a11ef21607" testId="9cc7151e-10f1-27a3-2c1c-6598f347ac37" testName="OrderHub.Integration.Tests.TenancyMigrationTests.Initial_tenancy_migration_applies_and_rolls_back_on_empty_database" computerName="DESKTOP-5I2MT27" duration="00:00:00.8161728" startTime="2026-09-03T10:40:09.9180845-03:00" endTime="2026-09-03T10:40:13.7560446-03:00" testType="13cdc9d9-ddb5-4fa4-a97d-d965ccfc6d4b" outcome="Passed" testListId="8c84fa94-04c1-424b-9868-57a2d4851a1d" relativeResultsDirectory="6717881f-0c94-4ee6-bee4-69a11ef21607" />
    <UnitTestResult executionId="88d7ac54-689b-4f5f-9bf3-c0fef4ce4a80" testId="9f84078c-e81f-8e27-4e11-3d1f4dd87675" testName="OrderHub.Integration.Tests.AdministrationApiTests.Customer_operations_obey_role_matrix(role: Admin, allowed: True)" computerName="DESKTOP-5I2MT27" duration="00:00:01.0502916" startTime="2026-09-03T10:39:27.3994597-03:00" endTime="2026-09-03T10:39:28.4499077-03:00" testType="13cdc9d9-ddb5-4fa4-a97d-d965ccfc6d4b" outcome="Passed" testListId="8c84fa94-04c1-424b-9868-57a2d4851a1d" relativeResultsDirectory="88d7ac54-689b-4f5f-9bf3-c0fef4ce4a80" />
    <UnitTestResult executionId="ecdd62a4-807f-4f90-b77a-bd83fbcc99f6" testId="be622ec7-5e8d-5fbb-3590-5e56fa31def9" testName="OrderHub.Integration.Tests.AdministrationApiTests.Kitchen_transition_obeys_role_matrix(role: Admin, allowed: True)" computerName="DESKTOP-5I2MT27" duration="00:00:00.6610568" startTime="2026-09-03T10:39:32.3014908-03:00" endTime="2026-09-03T10:39:32.9627400-03:00" testType="13cdc9d9-ddb5-4fa4-a97d-d965ccfc6d4b" outcome="Passed" testListId="8c84fa94-04c1-424b-9868-57a2d4851a1d" relativeResultsDirectory="ecdd62a4-807f-4f90-b77a-bd83fbcc99f6" />
    <UnitTestResult executionId="6568a19d-a69a-404f-8cf2-d94aa64b742a" testId="53f0077f-deaf-6f2e-d115-fa620ed63201" testName="OrderHub.Integration.Tests.AdministrationApiTests.Coupon_management_obeys_role_matrix(role: Attendant, allowed: False)" computerName="DESKTOP-5I2MT27" duration="00:00:01.0688067" startTime="2026-09-03T10:39:36.4360951-03:00" endTime="2026-09-03T10:39:37.5071585-03:00" testType="13cdc9d9-ddb5-4fa4-a97d-d965ccfc6d4b" outcome="Passed" testListId="8c84fa94-04c1-424b-9868-57a2d4851a1d" relativeResultsDirectory="6568a19d-a69a-404f-8cf2-d94aa64b742a" />
    <UnitTestResult executionId="2cef57e6-9fdf-40a5-8dc7-becedbc7a1ad" testId="5ad2ed3f-f7da-ea37-1605-cc9481ea1b6d" testName="OrderHub.Integration.Tests.PaymentPersistenceTests.Concurrent_confirmations_are_serialized_and_idempotent_against_authoritative_total" computerName="DESKTOP-5I2MT27" duration="00:00:04.1320657" startTime="2026-09-03T10:39:19.0009742-03:00" endTime="2026-09-03T10:39:39.0658423-03:00" testType="13cdc9d9-ddb5-4fa4-a97d-d965ccfc6d4b" outcome="Passed" testListId="8c84fa94-04c1-424b-9868-57a2d4851a1d" relativeResultsDirectory="2cef57e6-9fdf-40a5-8dc7-becedbc7a1ad" />
    <UnitTestResult executionId="aa347846-a15f-4218-979f-52a9f4d321b2" testId="bd5d25b3-a25f-7c95-a2ce-b4ca6470d7db" testName="OrderHub.Integration.Tests.OrderPersistenceTests.Concurrent_sequence_reservations_are_distinct_and_monotonic_per_establishment" computerName="DESKTOP-5I2MT27" duration="00:00:02.6418868" startTime="2026-09-03T10:39:19.0009133-03:00" endTime="2026-09-03T10:39:38.9038237-03:00" testType="13cdc9d9-ddb5-4fa4-a97d-d965ccfc6d4b" outcome="Passed" testListId="8c84fa94-04c1-424b-9868-57a2d4851a1d" relativeResultsDirectory="aa347846-a15f-4218-979f-52a9f4d321b2" />
    <UnitTestResult executionId="a09f1fb2-cbe0-40b1-aca9-540884a5cacc" testId="6a1a73d0-dc95-5697-bfed-64936bb43608" testName="OrderHub.Integration.Tests.AdministrationApiTests.Kitchen_transition_obeys_role_matrix(role: Owner, allowed: True)" computerName="DESKTOP-5I2MT27" duration="00:00:00.5101482" startTime="2026-09-03T10:39:34.3918809-03:00" endTime="2026-09-03T10:39:34.9020686-03:00" testType="13cdc9d9-ddb5-4fa4-a97d-d965ccfc6d4b" outcome="Passed" testListId="8c84fa94-04c1-424b-9868-57a2d4851a1d" relativeResultsDirectory="a09f1fb2-cbe0-40b1-aca9-540884a5cacc" />
    <UnitTestResult executionId="7a469efc-2a25-4dc7-9d42-3e67045d8b86" testId="dcb42c9b-6f7f-5890-d089-c81ce2564481" testName="OrderHub.Integration.Tests.OpenApiExposureTests.OpenApi_and_Swagger_UI_are_not_available_outside_development" computerName="DESKTOP-5I2MT27" duration="00:00:01.6208573" startTime="2026-09-03T10:39:19.0008234-03:00" endTime="2026-09-03T10:39:20.6011382-03:00" testType="13cdc9d9-ddb5-4fa4-a97d-d965ccfc6d4b" outcome="Passed" testListId="8c84fa94-04c1-424b-9868-57a2d4851a1d" relativeResultsDirectory="7a469efc-2a25-4dc7-9d42-3e67045d8b86" />
    <UnitTestResult executionId="152bab6f-b8f4-4db1-89cf-4ba8b67b35c8" testId="5f599e2e-6672-3c85-94cb-0bbe046df154" testName="OrderHub.Integration.Tests.AdministrationApiTests.Delivery_transition_obeys_role_matrix(role: Kitchen, allowed: False)" computerName="DESKTOP-5I2MT27" duration="00:00:00.6522017" startTime="2026-09-03T10:39:21.8114845-03:00" endTime="2026-09-03T10:39:22.4641273-03:00" testType="13cdc9d9-ddb5-4fa4-a97d-d965ccfc6d4b" outcome="Passed" testListId="8c84fa94-04c1-424b-9868-57a2d4851a1d" relativeResultsDirectory="152bab6f-b8f4-4db1-89cf-4ba8b67b35c8" />
    <UnitTestResult executionId="245d5eb5-419b-4a14-9260-41bbb3aa9b7e" testId="47bbb92e-31d7-68bc-b508-ea21fab43e38" testName="OrderHub.Integration.Tests.TenancyMigrationTests.Public_ordering_migration_upgrades_rolls_back_and_reapplies" computerName="DESKTOP-5I2MT27" duration="00:00:00.5362028" startTime="2026-09-03T10:39:56.5217106-03:00" endTime="2026-09-03T10:40:01.3124574-03:00" testType="13cdc9d9-ddb5-4fa4-a97d-d965ccfc6d4b" outcome="Passed" testListId="8c84fa94-04c1-424b-9868-57a2d4851a1d" relativeResultsDirectory="245d5eb5-419b-4a14-9260-41bbb3aa9b7e" />
    <UnitTestResult executionId="3dad0dd7-1ffb-430e-8e09-a677478f7756" testId="b5bd217d-c3ce-9139-060f-27044e46017a" testName="OrderHub.Integration.Tests.AdministrationApiTests.Coupon_management_obeys_role_matrix(role: Delivery, allowed: False)" computerName="DESKTOP-5I2MT27" duration="00:00:00.8642237" startTime="2026-09-03T10:39:35.5467960-03:00" endTime="2026-09-03T10:39:36.4354078-03:00" testType="13cdc9d9-ddb5-4fa4-a97d-d965ccfc6d4b" outcome="Passed" testListId="8c84fa94-04c1-424b-9868-57a2d4851a1d" relativeResultsDirectory="3dad0dd7-1ffb-430e-8e09-a677478f7756" />
    <UnitTestResult executionId="74ab818c-b629-4018-b54d-242d02533d5d" testId="920298c3-1474-4d08-119d-561eae30fdc2" testName="OrderHub.Integration.Tests.AdministrationApiTests.Delivery_transition_obeys_role_matrix(role: Owner, allowed: True)" computerName="DESKTOP-5I2MT27" duration="00:00:00.9833421" startTime="2026-09-03T10:39:23.0212085-03:00" endTime="2026-09-03T10:39:24.0050465-03:00" testType="13cdc9d9-ddb5-4fa4-a97d-d965ccfc6d4b" outcome="Passed" testListId="8c84fa94-04c1-424b-9868-57a2d4851a1d" relativeResultsDirectory="74ab818c-b629-4018-b54d-242d02533d5d" />
    <UnitTestResult executionId="529d2e52-b50b-41ae-ab3c-7609fd1eb283" testId="8741c69d-de3d-4b55-b8cd-3a81800acc85" testName="OrderHub.Integration.Tests.AdministrationApiTests.Cross_unit_scope_is_forbidden_as_problem_details" computerName="DESKTOP-5I2MT27" duration="00:00:01.1041859" startTime="2026-09-03T10:39:39.7747592-03:00" endTime="2026-09-03T10:39:40.8791287-03:00" testType="13cdc9d9-ddb5-4fa4-a97d-d965ccfc6d4b" outcome="Passed" testListId="8c84fa94-04c1-424b-9868-57a2d4851a1d" relativeResultsDirectory="529d2e52-b50b-41ae-ab3c-7609fd1eb283" />
    <UnitTestResult executionId="70cae0f6-0c45-4f14-9176-84518a358068" testId="8c6b4536-c0e6-dcfb-2c6c-5c9cfe71002e" testName="OrderHub.Integration.Tests.AdministrationApiTests.Customer_operations_obey_role_matrix(role: Attendant, allowed: True)" computerName="DESKTOP-5I2MT27" duration="00:00:00.8404481" startTime="2026-09-03T10:39:29.4840420-03:00" endTime="2026-09-03T10:39:30.3247947-03:00" testType="13cdc9d9-ddb5-4fa4-a97d-d965ccfc6d4b" outcome="Passed" testListId="8c84fa94-04c1-424b-9868-57a2d4851a1d" relativeResultsDirectory="70cae0f6-0c45-4f14-9176-84518a358068" />
    <UnitTestResult executionId="4b8b124e-7a74-4208-99b4-f915c446094a" testId="5c519e53-fa95-60d3-19b4-cf4119a4efed" testName="OrderHub.Integration.Tests.CustomerPersistenceTests.Ef_and_Dapper_keep_customers_and_addresses_isolated_by_establishment" computerName="DESKTOP-5I2MT27" duration="00:00:00.8300878" startTime="2026-09-03T10:39:38.9739625-03:00" endTime="2026-09-03T10:39:48.2594874-03:00" testType="13cdc9d9-ddb5-4fa4-a97d-d965ccfc6d4b" outcome="Passed" testListId="8c84fa94-04c1-424b-9868-57a2d4851a1d" relativeResultsDirectory="4b8b124e-7a74-4208-99b4-f915c446094a" />
    <UnitTestResult executionId="728ae3a0-352f-4221-9993-5a948209e398" testId="28776393-96ad-2d42-a46c-e733e75c523a" testName="OrderHub.Integration.Tests.CouponPersistenceTests.Only_one_concurrent_confirmation_consumes_last_use_and_loser_remains_draft" computerName="DESKTOP-5I2MT27" duration="00:00:04.5349369" startTime="2026-09-03T10:39:19.0007868-03:00" endTime="2026-09-03T10:39:39.2897181-03:00" testType="13cdc9d9-ddb5-4fa4-a97d-d965ccfc6d4b" outcome="Passed" testListId="8c84fa94-04c1-424b-9868-57a2d4851a1d" relativeResultsDirectory="728ae3a0-352f-4221-9993-5a948209e398" />
    <UnitTestResult executionId="c54576cb-3d6d-4c4e-b3ab-abb653016146" testId="b44b36a3-164a-95a8-9304-bdfe2ffe8a55" testName="OrderHub.Integration.Tests.AdministrationApiTests.Kitchen_transition_obeys_role_matrix(role: Kitchen, allowed: True)" computerName="DESKTOP-5I2MT27" duration="00:00:00.4488826" startTime="2026-09-03T10:39:33.4730191-03:00" endTime="2026-09-03T10:39:33.9220355-03:00" testType="13cdc9d9-ddb5-4fa4-a97d-d965ccfc6d4b" outcome="Passed" testListId="8c84fa94-04c1-424b-9868-57a2d4851a1d" relativeResultsDirectory="c54576cb-3d6d-4c4e-b3ab-abb653016146" />
    <UnitTestResult executionId="39b81a3a-bc6d-4ad7-b41e-909448b11680" testId="24c44e29-bb9a-23a1-7e46-09f668d14607" testName="OrderHub.Integration.Tests.PublicOrderingPersistenceTests.Idempotency_key_is_scoped_by_establishment" computerName="DESKTOP-5I2MT27" duration="00:00:01.2102584" startTime="2026-09-03T10:39:21.7161443-03:00" endTime="2026-09-03T10:39:39.4035139-03:00" testType="13cdc9d9-ddb5-4fa4-a97d-d965ccfc6d4b" outcome="Passed" testListId="8c84fa94-04c1-424b-9868-57a2d4851a1d" relativeResultsDirectory="39b81a3a-bc6d-4ad7-b41e-909448b11680" />
    <UnitTestResult executionId="b4b5c358-4f6b-42aa-8e91-b118ba12cc0e" testId="4fe09273-c14e-3aa9-5cc5-451884c02e55" testName="OrderHub.Integration.Tests.AdministrationApiTests.Coupon_management_obeys_role_matrix(role: Admin, allowed: True)" computerName="DESKTOP-5I2MT27" duration="00:00:00.6435377" startTime="2026-09-03T10:39:34.9023512-03:00" endTime="2026-09-03T10:39:35.5464545-03:00" testType="13cdc9d9-ddb5-4fa4-a97d-d965ccfc6d4b" outcome="Passed" testListId="8c84fa94-04c1-424b-9868-57a2d4851a1d" relativeResultsDirectory="b4b5c358-4f6b-42aa-8e91-b118ba12cc0e" />
    <UnitTestResult executionId="0c84a536-f1fd-4177-a0e0-3c9ef414c350" testId="a74178df-7586-5f18-9668-470f420d9d74" testName="OrderHub.Integration.Tests.CatalogPersistenceTests.Ef_and_Dapper_keep_catalogs_isolated_and_public_projection_active_only" computerName="DESKTOP-5I2MT27" duration="00:00:00.8464600" startTime="2026-09-03T10:39:46.5284903-03:00" endTime="2026-09-03T10:39:52.0322834-03:00" testType="13cdc9d9-ddb5-4fa4-a97d-d965ccfc6d4b" outcome="Passed" testListId="8c84fa94-04c1-424b-9868-57a2d4851a1d" relativeResultsDirectory="0c84a536-f1fd-4177-a0e0-3c9ef414c350" />
    <UnitTestResult executionId="2abccee6-110a-46dc-a568-2a53a934e0c3" testId="71ef6a05-5fd4-595f-a32b-ad241af70644" testName="OrderHub.Integration.Tests.ApiFoundationTests.Correlation_id_is_preserved_in_response" computerName="DESKTOP-5I2MT27" duration="00:00:00.0122201" startTime="2026-09-03T10:39:31.7573673-03:00" endTime="2026-09-03T10:39:31.7698569-03:00" testType="13cdc9d9-ddb5-4fa4-a97d-d965ccfc6d4b" outcome="Passed" testListId="8c84fa94-04c1-424b-9868-57a2d4851a1d" relativeResultsDirectory="2abccee6-110a-46dc-a568-2a53a934e0c3" />
    <UnitTestResult executionId="a13e5f63-0b72-4c9b-99ce-fadc517465a2" testId="343e7a5a-e064-2cdc-c1cf-0edefb1bf664" testName="OrderHub.Integration.Tests.CatalogApiTests.Administrative_catalog_requires_authentication" computerName="DESKTOP-5I2MT27" duration="00:00:01.1061909" startTime="2026-09-03T10:39:28.4483613-03:00" endTime="2026-09-03T10:39:29.5546385-03:00" testType="13cdc9d9-ddb5-4fa4-a97d-d965ccfc6d4b" outcome="Passed" testListId="8c84fa94-04c1-424b-9868-57a2d4851a1d" relativeResultsDirectory="a13e5f63-0b72-4c9b-99ce-fadc517465a2" />
    <UnitTestResult executionId="6d5fd057-bd5e-4240-ba2d-364619ab7090" testId="038e5073-99c3-08f6-e107-3c4ebbebc329" testName="OrderHub.Integration.Tests.AdministrationApiTests.Customer_operations_obey_role_matrix(role: Owner, allowed: True)" computerName="DESKTOP-5I2MT27" duration="00:00:01.7260872" startTime="2026-09-03T10:39:25.6667823-03:00" endTime="2026-09-03T10:39:27.3991380-03:00" testType="13cdc9d9-ddb5-4fa4-a97d-d965ccfc6d4b" outcome="Passed" testListId="8c84fa94-04c1-424b-9868-57a2d4851a1d" relativeResultsDirectory="6d5fd057-bd5e-4240-ba2d-364619ab7090" />
    <UnitTestResult executionId="002947b1-9bc1-4f40-a248-135aa36a4b00" testId="5045c560-0ff1-c507-ea11-c8c562ee5011" testName="OrderHub.Integration.Tests.ModelConventionsTests.Customer_metadata_has_scoped_contact_and_single_primary_constraints" computerName="DESKTOP-5I2MT27" duration="00:00:00.0013077" startTime="2026-09-03T10:39:33.7426180-03:00" endTime="2026-09-03T10:39:33.7437168-03:00" testType="13cdc9d9-ddb5-4fa4-a97d-d965ccfc6d4b" outcome="Passed" testListId="8c84fa94-04c1-424b-9868-57a2d4851a1d" relativeResultsDirectory="002947b1-9bc1-4f40-a248-135aa36a4b00" />
    <UnitTestResult executionId="821d7777-3a60-4f9e-8781-e78e1d338429" testId="da877cc6-ee78-f754-7c23-27622150aeeb" testName="OrderHub.Integration.Tests.AdministrationApiTests.Kitchen_transition_obeys_role_matrix(role: Delivery, allowed: False)" computerName="DESKTOP-5I2MT27" duration="00:00:00.4688332" startTime="2026-09-03T10:39:33.9222779-03:00" endTime="2026-09-03T10:39:34.3915230-03:00" testType="13cdc9d9-ddb5-4fa4-a97d-d965ccfc6d4b" outcome="Passed" testListId="8c84fa94-04c1-424b-9868-57a2d4851a1d" relativeResultsDirectory="821d7777-3a60-4f9e-8781-e78e1d338429" />
    <UnitTestResult executionId="1c50b5a4-0926-4846-bf3a-90624e0c89fa" testId="4cc189c9-336b-2609-cdba-76e1b9862f99" testName="OrderHub.Integration.Tests.ModelConventionsTests.Tenancy_metadata_uses_expected_schema_columns_and_delete_behavior" computerName="DESKTOP-5I2MT27" duration="00:00:00.0448941" startTime="2026-09-03T10:39:33.6256765-03:00" endTime="2026-09-03T10:39:33.6703285-03:00" testType="13cdc9d9-ddb5-4fa4-a97d-d965ccfc6d4b" outcome="Passed" testListId="8c84fa94-04c1-424b-9868-57a2d4851a1d" relativeResultsDirectory="1c50b5a4-0926-4846-bf3a-90624e0c89fa" />
    <UnitTestResult executionId="e4772af1-0b11-4585-b9cb-e4ae09790f10" testId="f7637013-9573-d1c5-1a70-f88f9427f9d3" testName="OrderHub.Integration.Tests.ModelConventionsTests.Payment_metadata_has_scoped_codes_idempotency_and_concurrency" computerName="DESKTOP-5I2MT27" duration="00:00:00.0017658" startTime="2026-09-03T10:39:33.7408604-03:00" endTime="2026-09-03T10:39:33.7423288-03:00" testType="13cdc9d9-ddb5-4fa4-a97d-d965ccfc6d4b" outcome="Passed" testListId="8c84fa94-04c1-424b-9868-57a2d4851a1d" relativeResultsDirectory="e4772af1-0b11-4585-b9cb-e4ae09790f10" />
    <UnitTestResult executionId="1706e8a4-00dc-4551-8f85-43781da8b74e" testId="3f815fe9-05de-7e3a-df80-bd211b246a63" testName="OrderHub.Integration.Tests.AdministrationApiTests.Customer_operations_obey_role_matrix(role: Delivery, allowed: False)" computerName="DESKTOP-5I2MT27" duration="00:00:00.5279059" startTime="2026-09-03T10:39:31.0746301-03:00" endTime="2026-09-03T10:39:31.6024140-03:00" testType="13cdc9d9-ddb5-4fa4-a97d-d965ccfc6d4b" outcome="Passed" testListId="8c84fa94-04c1-424b-9868-57a2d4851a1d" relativeResultsDirectory="1706e8a4-00dc-4551-8f85-43781da8b74e" />
    <UnitTestResult executionId="f37de3d1-eca3-47a4-a4ab-edc550de0352" testId="a2ae4f74-edc1-d7ce-11df-82d1524c7f65" testName="OrderHub.Integration.Tests.AdministrationApiTests.Kitchen_transition_obeys_role_matrix(role: Manager, allowed: True)" computerName="DESKTOP-5I2MT27" duration="00:00:00.6970360" startTime="2026-09-03T10:39:31.6027588-03:00" endTime="2026-09-03T10:39:32.3012053-03:00" testType="13cdc9d9-ddb5-4fa4-a97d-d965ccfc6d4b" outcome="Passed" testListId="8c84fa94-04c1-424b-9868-57a2d4851a1d" relativeResultsDirectory="f37de3d1-eca3-47a4-a4ab-edc550de0352" />
    <UnitTestResult executionId="f23e358b-2852-4ada-b473-284ce2f9e420" testId="8bb3be91-7102-54f1-caeb-f18e65fd2a7b" testName="OrderHub.Integration.Tests.ModelConventionsTests.Coupon_metadata_has_scoped_code_usage_and_concurrency_constraints" computerName="DESKTOP-5I2MT27" duration="00:00:00.0014268" startTime="2026-09-03T10:39:33.7440210-03:00" endTime="2026-09-03T10:39:33.7452327-03:00" testType="13cdc9d9-ddb5-4fa4-a97d-d965ccfc6d4b" outcome="Passed" testListId="8c84fa94-04c1-424b-9868-57a2d4851a1d" relativeResultsDirectory="f23e358b-2852-4ada-b473-284ce2f9e420" />
    <UnitTestResult executionId="655b277c-c548-46d2-9b6c-fbc3686f7ff4" testId="7bdfeb7b-7102-32cb-8a63-16dad8a68c04" testName="OrderHub.Integration.Tests.PublicOrderingPersistenceTests.Failed_public_confirmation_rolls_back_saved_order" computerName="DESKTOP-5I2MT27" duration="00:00:00.6422782" startTime="2026-09-03T10:39:39.4040794-03:00" endTime="2026-09-03T10:39:48.5298107-03:00" testType="13cdc9d9-ddb5-4fa4-a97d-d965ccfc6d4b" outcome="Passed" testListId="8c84fa94-04c1-424b-9868-57a2d4851a1d" relativeResultsDirectory="655b277c-c548-46d2-9b6c-fbc3686f7ff4" />
    <UnitTestResult executionId="ecbb6d9d-718e-4d9f-b5ff-d537aa5570d3" testId="92d6633a-9bb1-4dd1-9afa-0b989075cec7" testName="OrderHub.Integration.Tests.TenancyMigrationTests.Product_catalog_migration_upgrades_rolls_back_and_reapplies" computerName="DESKTOP-5I2MT27" duration="00:00:02.0487693" startTime="2026-09-03T10:39:40.8552491-03:00" endTime="2026-09-03T10:39:50.8889955-03:00" testType="13cdc9d9-ddb5-4fa4-a97d-d965ccfc6d4b" outcome="Passed" testListId="8c84fa94-04c1-424b-9868-57a2d4851a1d" relativeResultsDirectory="ecbb6d9d-718e-4d9f-b5ff-d537aa5570d3" />
    <UnitTestResult executionId="7061a95f-bbff-452c-91c7-d2d89ac61078" testId="dd952674-bf53-0939-275c-516d4751956f" testName="OrderHub.Integration.Tests.ApiFoundationTests.Health_endpoint_is_available" computerName="DESKTOP-5I2MT27" duration="00:00:00.0063374" startTime="2026-09-03T10:39:31.7702264-03:00" endTime="2026-09-03T10:39:31.7766969-03:00" testType="13cdc9d9-ddb5-4fa4-a97d-d965ccfc6d4b" outcome="Passed" testListId="8c84fa94-04c1-424b-9868-57a2d4851a1d" relativeResultsDirectory="7061a95f-bbff-452c-91c7-d2d89ac61078" />
    <UnitTestResult executionId="20293c23-a025-4087-a2d7-4c9edd3fc620" testId="9af3d785-f4f7-6a76-2da1-cf8263111714" testName="OrderHub.Integration.Tests.AdministrationApiTests.Customer_operations_obey_role_matrix(role: Kitchen, allowed: False)" computerName="DESKTOP-5I2MT27" duration="00:00:00.7479164" startTime="2026-09-03T10:39:30.3250520-03:00" endTime="2026-09-03T10:39:31.0740679-03:00" testType="13cdc9d9-ddb5-4fa4-a97d-d965ccfc6d4b" outcome="Passed" testListId="8c84fa94-04c1-424b-9868-57a2d4851a1d" relativeResultsDirectory="20293c23-a025-4087-a2d7-4c9edd3fc620" />
    <UnitTestResult executionId="91d2acbc-188c-41e1-b678-c6495e248c05" testId="3c616276-2552-be04-0804-6159a145fe71" testName="OrderHub.Integration.Tests.ApiFoundationTests.Missing_tenant_fails_safely_with_problem_details" computerName="DESKTOP-5I2MT27" duration="00:00:00.5595054" startTime="2026-09-03T10:39:31.1980949-03:00" endTime="2026-09-03T10:39:31.7569717-03:00" testType="13cdc9d9-ddb5-4fa4-a97d-d965ccfc6d4b" outcome="Passed" testListId="8c84fa94-04c1-424b-9868-57a2d4851a1d" relativeResultsDirectory="91d2acbc-188c-41e1-b678-c6495e248c05" />
    <UnitTestResult executionId="1fb82e65-afef-487a-8504-5f16e01ed742" testId="0cb8f215-4f12-f1da-df54-f054b077a652" testName="OrderHub.Integration.Tests.AdministrationApiTests.Delivery_transition_obeys_role_matrix(role: Admin, allowed: True)" computerName="DESKTOP-5I2MT27" duration="00:00:01.0207228" startTime="2026-09-03T10:39:24.0054346-03:00" endTime="2026-09-03T10:39:25.0267135-03:00" testType="13cdc9d9-ddb5-4fa4-a97d-d965ccfc6d4b" outcome="Passed" testListId="8c84fa94-04c1-424b-9868-57a2d4851a1d" relativeResultsDirectory="1fb82e65-afef-487a-8504-5f16e01ed742" />
    <UnitTestResult executionId="383631b3-f7b2-421a-9149-5c0cc05ddc41" testId="c6f3f74a-7695-96c3-0ac3-3b7135186241" testName="OrderHub.Integration.Tests.AdministrationApiTests.Delivery_transition_obeys_role_matrix(role: Manager, allowed: True)" computerName="DESKTOP-5I2MT27" duration="00:00:00.6390253" startTime="2026-09-03T10:39:25.0270477-03:00" endTime="2026-09-03T10:39:25.6663179-03:00" testType="13cdc9d9-ddb5-4fa4-a97d-d965ccfc6d4b" outcome="Passed" testListId="8c84fa94-04c1-424b-9868-57a2d4851a1d" relativeResultsDirectory="383631b3-f7b2-421a-9149-5c0cc05ddc41" />
    <UnitTestResult executionId="e89479b0-0af5-4d3a-868f-2baa0cecbf5e" testId="31ee3418-58f0-2466-e423-ff771d34a30e" testName="OrderHub.Integration.Tests.OrderPersistenceTests.Ef_and_Dapper_preserve_order_snapshots_totals_and_history" computerName="DESKTOP-5I2MT27" duration="00:00:00.7867271" startTime="2026-09-03T10:39:38.9041411-03:00" endTime="2026-09-03T10:39:48.3185251-03:00" testType="13cdc9d9-ddb5-4fa4-a97d-d965ccfc6d4b" outcome="Passed" testListId="8c84fa94-04c1-424b-9868-57a2d4851a1d" relativeResultsDirectory="e89479b0-0af5-4d3a-868f-2baa0cecbf5e" />
    <UnitTestResult executionId="cc0085f8-a1c4-4f92-abda-13eb620e858f" testId="214e62af-e1c3-6b30-4bd2-8d679b2108e9" testName="OrderHub.Integration.Tests.TenancyMigrationTests.Customer_records_migration_upgrades_rolls_back_and_reapplies" computerName="DESKTOP-5I2MT27" duration="00:00:00.6770774" startTime="2026-09-03T10:40:06.3105292-03:00" endTime="2026-09-03T10:40:09.9175760-03:00" testType="13cdc9d9-ddb5-4fa4-a97d-d965ccfc6d4b" outcome="Passed" testListId="8c84fa94-04c1-424b-9868-57a2d4851a1d" relativeResultsDirectory="cc0085f8-a1c4-4f92-abda-13eb620e858f" />
    <UnitTestResult executionId="f900ee52-df87-46c0-928a-a082fd31d56a" testId="1c14673c-ebea-5257-1ec5-85dc6922812b" testName="OrderHub.Integration.Tests.CustomerPersistenceTests.Database_allows_same_phone_in_other_unit_and_rejects_duplicate_in_same_unit" computerName="DESKTOP-5I2MT27" duration="00:00:00.5028473" startTime="2026-09-03T10:39:48.2604871-03:00" endTime="2026-09-03T10:39:53.4212053-03:00" testType="13cdc9d9-ddb5-4fa4-a97d-d965ccfc6d4b" outcome="Passed" testListId="8c84fa94-04c1-424b-9868-57a2d4851a1d" relativeResultsDirectory="f900ee52-df87-46c0-928a-a082fd31d56a" />
    <UnitTestResult executionId="644abb9e-4d81-48a6-bde5-d3305df616e9" testId="d7a46417-2b36-5bb8-36ca-d70311f28774" testName="OrderHub.Integration.Tests.AdministrationApiTests.Coupon_management_obeys_role_matrix(role: Manager, allowed: True)" computerName="DESKTOP-5I2MT27" duration="00:00:00.7349911" startTime="2026-09-03T10:39:39.0389051-03:00" endTime="2026-09-03T10:39:39.7742298-03:00" testType="13cdc9d9-ddb5-4fa4-a97d-d965ccfc6d4b" outcome="Passed" testListId="8c84fa94-04c1-424b-9868-57a2d4851a1d" relativeResultsDirectory="644abb9e-4d81-48a6-bde5-d3305df616e9" />
    <UnitTestResult executionId="0bdd5662-c41f-47bf-9065-be6171c7820a" testId="944f60dd-3d77-4b65-bd90-de546d1f9fa7" testName="OrderHub.Integration.Tests.TenancyPersistenceTests.Ef_write_and_dapper_read_enforce_tenant_and_active_public_scope" computerName="DESKTOP-5I2MT27" duration="00:00:01.6907768" startTime="2026-09-03T10:39:20.2827101-03:00" endTime="2026-09-03T10:39:38.3284719-03:00" testType="13cdc9d9-ddb5-4fa4-a97d-d965ccfc6d4b" outcome="Passed" testListId="8c84fa94-04c1-424b-9868-57a2d4851a1d" relativeResultsDirectory="0bdd5662-c41f-47bf-9065-be6171c7820a" />
    <UnitTestResult executionId="e4223997-9bbc-4ad5-a4bd-540e79aeb8b2" testId="3008a9cc-211e-bafc-cff4-4ef3d140dd80" testName="OrderHub.Integration.Tests.AdministrationApiTests.Delivery_transition_obeys_role_matrix(role: Attendant, allowed: False)" computerName="DESKTOP-5I2MT27" duration="00:00:00.5561233" startTime="2026-09-03T10:39:22.4756849-03:00" endTime="2026-09-03T10:39:23.0209339-03:00" testType="13cdc9d9-ddb5-4fa4-a97d-d965ccfc6d4b" outcome="Passed" testListId="8c84fa94-04c1-424b-9868-57a2d4851a1d" relativeResultsDirectory="e4223997-9bbc-4ad5-a4bd-540e79aeb8b2" />
    <UnitTestResult executionId="472efcd2-a846-45a9-9d01-dccbd21e9d30" testId="715a83b5-6acf-0fd4-41a1-0c9e5a54528c" testName="OrderHub.Integration.Tests.CouponPersistenceTests.Code_is_unique_per_establishment_and_Dapper_is_tenant_scoped" computerName="DESKTOP-5I2MT27" duration="00:00:00.8690035" startTime="2026-09-03T10:39:39.2900421-03:00" endTime="2026-09-03T10:39:49.5236692-03:00" testType="13cdc9d9-ddb5-4fa4-a97d-d965ccfc6d4b" outcome="Passed" testListId="8c84fa94-04c1-424b-9868-57a2d4851a1d" relativeResultsDirectory="472efcd2-a846-45a9-9d01-dccbd21e9d30" />
    <UnitTestResult executionId="cdc9b198-2592-4f95-a923-3b1548cad813" testId="20001cab-be0c-797b-0765-9553cc525e0b" testName="OrderHub.Integration.Tests.ModelConventionsTests.Catalog_metadata_has_scoped_keys_constraints_and_restrictive_links" computerName="DESKTOP-5I2MT27" duration="00:00:01.8471166" startTime="2026-09-03T10:39:31.7778489-03:00" endTime="2026-09-03T10:39:33.6252470-03:00" testType="13cdc9d9-ddb5-4fa4-a97d-d965ccfc6d4b" outcome="Passed" testListId="8c84fa94-04c1-424b-9868-57a2d4851a1d" relativeResultsDirectory="cdc9b198-2592-4f95-a923-3b1548cad813" />
    <UnitTestResult executionId="e48720c1-f1e6-439d-83ef-4e1f6851a1a8" testId="19ac5c30-46c9-fcc7-4870-ce24df94f797" testName="OrderHub.Integration.Tests.OperationsPersistenceTests.Qr_requires_matching_slug_and_token_and_hours_are_unit_scoped" computerName="DESKTOP-5I2MT27" duration="00:00:03.1275882" startTime="2026-09-03T10:39:19.0006907-03:00" endTime="2026-09-03T10:39:38.5765913-03:00" testType="13cdc9d9-ddb5-4fa4-a97d-d965ccfc6d4b" outcome="Passed" testListId="8c84fa94-04c1-424b-9868-57a2d4851a1d" relativeResultsDirectory="e48720c1-f1e6-439d-83ef-4e1f6851a1a8" />
  </Results>
  <TestDefinitions>
    <UnitTest name="OrderHub.Integration.Tests.CatalogPersistenceTests.Database_rejects_duplicate_code_and_cross_unit_relations" storage="c:\users\marco\source\repos\orderhub\tests\orderhub.integration.tests\bin\debug\net10.0\orderhub.integration.tests.dll" id="f205f437-9d88-1b9e-cecb-63559c9fb416">
      <Execution id="5b32950f-088f-4363-ad48-ea54f7507417" />
      <TestMethod codeBase="C:\Users\marco\source\repos\OrderHub\tests\OrderHub.Integration.Tests\bin\Debug\net10.0\OrderHub.Integration.Tests.dll" adapterTypeName="executor://xunit/VsTestRunner3/netcore/" className="OrderHub.Integration.Tests.CatalogPersistenceTests" name="Database_rejects_duplicate_code_and_cross_unit_relations" />
    </UnitTest>
    <UnitTest name="OrderHub.Integration.Tests.AdministrationApiTests.Coupon_management_obeys_role_matrix(role: Delivery, allowed: False)" storage="c:\users\marco\source\repos\orderhub\tests\orderhub.integration.tests\bin\debug\net10.0\orderhub.integration.tests.dll" id="b5bd217d-c3ce-9139-060f-27044e46017a">
      <Execution id="3dad0dd7-1ffb-430e-8e09-a677478f7756" />
      <TestMethod codeBase="C:\Users\marco\source\repos\OrderHub\tests\OrderHub.Integration.Tests\bin\Debug\net10.0\OrderHub.Integration.Tests.dll" adapterTypeName="executor://xunit/VsTestRunner3/netcore/" className="OrderHub.Integration.Tests.AdministrationApiTests" name="Coupon_management_obeys_role_matrix" />
    </UnitTest>
    <UnitTest name="OrderHub.Integration.Tests.AdministrationApiTests.Customer_operations_obey_role_matrix(role: Manager, allowed: True)" storage="c:\users\marco\source\repos\orderhub\tests\orderhub.integration.tests\bin\debug\net10.0\orderhub.integration.tests.dll" id="0f4ef9d0-e561-56f1-c202-196148c41961">
      <Execution id="81bd98fa-b419-4cbf-bacb-d56b495da1d3" />
      <TestMethod codeBase="C:\Users\marco\source\repos\OrderHub\tests\OrderHub.Integration.Tests\bin\Debug\net10.0\OrderHub.Integration.Tests.dll" adapterTypeName="executor://xunit/VsTestRunner3/netcore/" className="OrderHub.Integration.Tests.AdministrationApiTests" name="Customer_operations_obey_role_matrix" />
    </UnitTest>
    <UnitTest name="OrderHub.Integration.Tests.AdministrationApiTests.Customer_operations_obey_role_matrix(role: Kitchen, allowed: False)" storage="c:\users\marco\source\repos\orderhub\tests\orderhub.integration.tests\bin\debug\net10.0\orderhub.integration.tests.dll" id="9af3d785-f4f7-6a76-2da1-cf8263111714">
      <Execution id="20293c23-a025-4087-a2d7-4c9edd3fc620" />
      <TestMethod codeBase="C:\Users\marco\source\repos\OrderHub\tests\OrderHub.Integration.Tests\bin\Debug\net10.0\OrderHub.Integration.Tests.dll" adapterTypeName="executor://xunit/VsTestRunner3/netcore/" className="OrderHub.Integration.Tests.AdministrationApiTests" name="Customer_operations_obey_role_matrix" />
    </UnitTest>
    <UnitTest name="OrderHub.Integration.Tests.CatalogApiTests.Manager_can_dispatch_administrative_catalog_command" storage="c:\users\marco\source\repos\orderhub\tests\orderhub.integration.tests\bin\debug\net10.0\orderhub.integration.tests.dll" id="dfd82172-4397-7a6c-02fe-ba64c66916cd">
      <Execution id="96bca4d7-0169-4731-b577-287f8c9a1886" />
      <TestMethod codeBase="C:\Users\marco\source\repos\OrderHub\tests\OrderHub.Integration.Tests\bin\Debug\net10.0\OrderHub.Integration.Tests.dll" adapterTypeName="executor://xunit/VsTestRunner3/netcore/" className="OrderHub.Integration.Tests.CatalogApiTests" name="Manager_can_dispatch_administrative_catalog_command" />
    </UnitTest>
    <UnitTest name="OrderHub.Integration.Tests.CustomerPersistenceTests.Database_allows_same_phone_in_other_unit_and_rejects_duplicate_in_same_unit" storage="c:\users\marco\source\repos\orderhub\tests\orderhub.integration.tests\bin\debug\net10.0\orderhub.integration.tests.dll" id="1c14673c-ebea-5257-1ec5-85dc6922812b">
      <Execution id="f900ee52-df87-46c0-928a-a082fd31d56a" />
      <TestMethod codeBase="C:\Users\marco\source\repos\OrderHub\tests\OrderHub.Integration.Tests\bin\Debug\net10.0\OrderHub.Integration.Tests.dll" adapterTypeName="executor://xunit/VsTestRunner3/netcore/" className="OrderHub.Integration.Tests.CustomerPersistenceTests" name="Database_allows_same_phone_in_other_unit_and_rejects_duplicate_in_same_unit" />
    </UnitTest>
    <UnitTest name="OrderHub.Integration.Tests.CustomerPersistenceTests.Ef_and_Dapper_keep_customers_and_addresses_isolated_by_establishment" storage="c:\users\marco\source\repos\orderhub\tests\orderhub.integration.tests\bin\debug\net10.0\orderhub.integration.tests.dll" id="5c519e53-fa95-60d3-19b4-cf4119a4efed">
      <Execution id="4b8b124e-7a74-4208-99b4-f915c446094a" />
      <TestMethod codeBase="C:\Users\marco\source\repos\OrderHub\tests\OrderHub.Integration.Tests\bin\Debug\net10.0\OrderHub.Integration.Tests.dll" adapterTypeName="executor://xunit/VsTestRunner3/netcore/" className="OrderHub.Integration.Tests.CustomerPersistenceTests" name="Ef_and_Dapper_keep_customers_and_addresses_isolated_by_establishment" />
    </UnitTest>
    <UnitTest name="OrderHub.Integration.Tests.CatalogApiTests.Public_catalog_returns_external_contract_without_tenant_id" storage="c:\users\marco\source\repos\orderhub\tests\orderhub.integration.tests\bin\debug\net10.0\orderhub.integration.tests.dll" id="3b368219-1dd9-4d7d-1bc3-0e171038d50f">
      <Execution id="4e5a1c39-0922-40c2-88e6-bb56179a4275" />
      <TestMethod codeBase="C:\Users\marco\source\repos\OrderHub\tests\OrderHub.Integration.Tests\bin\Debug\net10.0\OrderHub.Integration.Tests.dll" adapterTypeName="executor://xunit/VsTestRunner3/netcore/" className="OrderHub.Integration.Tests.CatalogApiTests" name="Public_catalog_returns_external_contract_without_tenant_id" />
    </UnitTest>
    <UnitTest name="OrderHub.Integration.Tests.AdministrationApiTests.Customer_operations_obey_role_matrix(role: Admin, allowed: True)" storage="c:\users\marco\source\repos\orderhub\tests\orderhub.integration.tests\bin\debug\net10.0\orderhub.integration.tests.dll" id="9f84078c-e81f-8e27-4e11-3d1f4dd87675">
      <Execution id="88d7ac54-689b-4f5f-9bf3-c0fef4ce4a80" />
      <TestMethod codeBase="C:\Users\marco\source\repos\OrderHub\tests\OrderHub.Integration.Tests\bin\Debug\net10.0\OrderHub.Integration.Tests.dll" adapterTypeName="executor://xunit/VsTestRunner3/netcore/" className="OrderHub.Integration.Tests.AdministrationApiTests" name="Customer_operations_obey_role_matrix" />
    </UnitTest>
    <UnitTest name="OrderHub.Integration.Tests.IdentityPersistenceTests.Access_gateway_observes_explicit_active_same_tenant_association" storage="c:\users\marco\source\repos\orderhub\tests\orderhub.integration.tests\bin\debug\net10.0\orderhub.integration.tests.dll" id="196ee092-b0b3-6f93-2edc-76e8c4fe6c66">
      <Execution id="1b988eff-0cef-41e6-bc63-dd80368a6b38" />
      <TestMethod codeBase="C:\Users\marco\source\repos\OrderHub\tests\OrderHub.Integration.Tests\bin\Debug\net10.0\OrderHub.Integration.Tests.dll" adapterTypeName="executor://xunit/VsTestRunner3/netcore/" className="OrderHub.Integration.Tests.IdentityPersistenceTests" name="Access_gateway_observes_explicit_active_same_tenant_association" />
    </UnitTest>
    <UnitTest name="OrderHub.Integration.Tests.TenancyMigrationTests.Customer_records_migration_upgrades_rolls_back_and_reapplies" storage="c:\users\marco\source\repos\orderhub\tests\orderhub.integration.tests\bin\debug\net10.0\orderhub.integration.tests.dll" id="214e62af-e1c3-6b30-4bd2-8d679b2108e9">
      <Execution id="cc0085f8-a1c4-4f92-abda-13eb620e858f" />
      <TestMethod codeBase="C:\Users\marco\source\repos\OrderHub\tests\OrderHub.Integration.Tests\bin\Debug\net10.0\OrderHub.Integration.Tests.dll" adapterTypeName="executor://xunit/VsTestRunner3/netcore/" className="OrderHub.Integration.Tests.TenancyMigrationTests" name="Customer_records_migration_upgrades_rolls_back_and_reapplies" />
    </UnitTest>
    <UnitTest name="OrderHub.Integration.Tests.CatalogApiTests.Administrative_catalog_requires_authentication" storage="c:\users\marco\source\repos\orderhub\tests\orderhub.integration.tests\bin\debug\net10.0\orderhub.integration.tests.dll" id="343e7a5a-e064-2cdc-c1cf-0edefb1bf664">
      <Execution id="a13e5f63-0b72-4c9b-99ce-fadc517465a2" />
      <TestMethod codeBase="C:\Users\marco\source\repos\OrderHub\tests\OrderHub.Integration.Tests\bin\Debug\net10.0\OrderHub.Integration.Tests.dll" adapterTypeName="executor://xunit/VsTestRunner3/netcore/" className="OrderHub.Integration.Tests.CatalogApiTests" name="Administrative_catalog_requires_authentication" />
    </UnitTest>
    <UnitTest name="OrderHub.Integration.Tests.AdministrationApiTests.Coupon_management_obeys_role_matrix(role: Owner, allowed: True)" storage="c:\users\marco\source\repos\orderhub\tests\orderhub.integration.tests\bin\debug\net10.0\orderhub.integration.tests.dll" id="e078d07d-88ed-4674-cf1d-f85e01684cb1">
      <Execution id="de90a884-5202-41c3-bc92-3ee3f5cc6516" />
      <TestMethod codeBase="C:\Users\marco\source\repos\OrderHub\tests\OrderHub.Integration.Tests\bin\Debug\net10.0\OrderHub.Integration.Tests.dll" adapterTypeName="executor://xunit/VsTestRunner3/netcore/" className="OrderHub.Integration.Tests.AdministrationApiTests" name="Coupon_management_obeys_role_matrix" />
    </UnitTest>
    <UnitTest name="OrderHub.Integration.Tests.PublicOrderingApiTests.Confirmation_requires_idempotency_header_as_problem_details" storage="c:\users\marco\source\repos\orderhub\tests\orderhub.integration.tests\bin\debug\net10.0\orderhub.integration.tests.dll" id="32f6860b-fcdb-a2bc-8a7d-1debd3df856a">
      <Execution id="c787ca47-5a8a-417b-a34e-004699117741" />
      <TestMethod codeBase="C:\Users\marco\source\repos\OrderHub\tests\OrderHub.Integration.Tests\bin\Debug\net10.0\OrderHub.Integration.Tests.dll" adapterTypeName="executor://xunit/VsTestRunner3/netcore/" className="OrderHub.Integration.Tests.PublicOrderingApiTests" name="Confirmation_requires_idempotency_header_as_problem_details" />
    </UnitTest>
    <UnitTest name="OrderHub.Integration.Tests.CatalogApiTests.Administrative_errors_are_problem_details(error: &quot;validation&quot;, status: BadRequest)" storage="c:\users\marco\source\repos\orderhub\tests\orderhub.integration.tests\bin\debug\net10.0\orderhub.integration.tests.dll" id="71575f39-4ce2-a53d-3909-515421105de5">
      <Execution id="655a39ea-ff60-4070-94b3-da9c0f09553d" />
      <TestMethod codeBase="C:\Users\marco\source\repos\OrderHub\tests\OrderHub.Integration.Tests\bin\Debug\net10.0\OrderHub.Integration.Tests.dll" adapterTypeName="executor://xunit/VsTestRunner3/netcore/" className="OrderHub.Integration.Tests.CatalogApiTests" name="Administrative_errors_are_problem_details" />
    </UnitTest>
    <UnitTest name="OrderHub.Integration.Tests.AdministrationApiTests.Administrative_routes_and_explicit_contracts_are_in_openapi" storage="c:\users\marco\source\repos\orderhub\tests\orderhub.integration.tests\bin\debug\net10.0\orderhub.integration.tests.dll" id="0a2feb50-c2a0-3195-b45a-3d8681eb0aec">
      <Execution id="ec6a459f-420a-4f35-9097-81d26a023b61" />
      <TestMethod codeBase="C:\Users\marco\source\repos\OrderHub\tests\OrderHub.Integration.Tests\bin\Debug\net10.0\OrderHub.Integration.Tests.dll" adapterTypeName="executor://xunit/VsTestRunner3/netcore/" className="OrderHub.Integration.Tests.AdministrationApiTests" name="Administrative_routes_and_explicit_contracts_are_in_openapi" />
    </UnitTest>
    <UnitTest name="OrderHub.Integration.Tests.OpenApiExposureTests.OpenApi_and_Swagger_UI_are_available_in_development" storage="c:\users\marco\source\repos\orderhub\tests\orderhub.integration.tests\bin\debug\net10.0\orderhub.integration.tests.dll" id="2510c1cf-d0fc-f6c2-10f0-b258d361bf8d">
      <Execution id="f3d34c8d-6888-4251-a21f-f394319c4d5b" />
      <TestMethod codeBase="C:\Users\marco\source\repos\OrderHub\tests\OrderHub.Integration.Tests\bin\Debug\net10.0\OrderHub.Integration.Tests.dll" adapterTypeName="executor://xunit/VsTestRunner3/netcore/" className="OrderHub.Integration.Tests.OpenApiExposureTests" name="OpenApi_and_Swagger_UI_are_available_in_development" />
    </UnitTest>
    <UnitTest name="OrderHub.Integration.Tests.CatalogApiTests.Administrative_errors_are_problem_details(error: &quot;conflict&quot;, status: Conflict)" storage="c:\users\marco\source\repos\orderhub\tests\orderhub.integration.tests\bin\debug\net10.0\orderhub.integration.tests.dll" id="bc679aa6-0679-fb5c-95f4-6a6dba0d94f1">
      <Execution id="a7da5dcc-656e-41c2-bd0d-2a8e37b4040a" />
      <TestMethod codeBase="C:\Users\marco\source\repos\OrderHub\tests\OrderHub.Integration.Tests\bin\Debug\net10.0\OrderHub.Integration.Tests.dll" adapterTypeName="executor://xunit/VsTestRunner3/netcore/" className="OrderHub.Integration.Tests.CatalogApiTests" name="Administrative_errors_are_problem_details" />
    </UnitTest>
    <UnitTest name="OrderHub.Integration.Tests.ModelConventionsTests.Coupon_metadata_has_scoped_code_usage_and_concurrency_constraints" storage="c:\users\marco\source\repos\orderhub\tests\orderhub.integration.tests\bin\debug\net10.0\orderhub.integration.tests.dll" id="8bb3be91-7102-54f1-caeb-f18e65fd2a7b">
      <Execution id="f23e358b-2852-4ada-b473-284ce2f9e420" />
      <TestMethod codeBase="C:\Users\marco\source\repos\OrderHub\tests\OrderHub.Integration.Tests\bin\Debug\net10.0\OrderHub.Integration.Tests.dll" adapterTypeName="executor://xunit/VsTestRunner3/netcore/" className="OrderHub.Integration.Tests.ModelConventionsTests" name="Coupon_metadata_has_scoped_code_usage_and_concurrency_constraints" />
    </UnitTest>
    <UnitTest name="OrderHub.Integration.Tests.TenancyMigrationTests.Coupon_management_migration_upgrades_rolls_back_and_reapplies" storage="c:\users\marco\source\repos\orderhub\tests\orderhub.integration.tests\bin\debug\net10.0\orderhub.integration.tests.dll" id="eacc109e-b275-4ce1-310e-02b949b41d16">
      <Execution id="bccc6f3c-b1ea-48b1-b597-1f5671717fb4" />
      <TestMethod codeBase="C:\Users\marco\source\repos\OrderHub\tests\OrderHub.Integration.Tests\bin\Debug\net10.0\OrderHub.Integration.Tests.dll" adapterTypeName="executor://xunit/VsTestRunner3/netcore/" className="OrderHub.Integration.Tests.TenancyMigrationTests" name="Coupon_management_migration_upgrades_rolls_back_and_reapplies" />
    </UnitTest>
    <UnitTest name="OrderHub.Integration.Tests.AdministrationApiTests.Coupon_management_obeys_role_matrix(role: Attendant, allowed: False)" storage="c:\users\marco\source\repos\orderhub\tests\orderhub.integration.tests\bin\debug\net10.0\orderhub.integration.tests.dll" id="53f0077f-deaf-6f2e-d115-fa620ed63201">
      <Execution id="6568a19d-a69a-404f-8cf2-d94aa64b742a" />
      <TestMethod codeBase="C:\Users\marco\source\repos\OrderHub\tests\OrderHub.Integration.Tests\bin\Debug\net10.0\OrderHub.Integration.Tests.dll" adapterTypeName="executor://xunit/VsTestRunner3/netcore/" className="OrderHub.Integration.Tests.AdministrationApiTests" name="Coupon_management_obeys_role_matrix" />
    </UnitTest>
    <UnitTest name="OrderHub.Integration.Tests.AdministrationApiTests.Kitchen_transition_obeys_role_matrix(role: Delivery, allowed: False)" storage="c:\users\marco\source\repos\orderhub\tests\orderhub.integration.tests\bin\debug\net10.0\orderhub.integration.tests.dll" id="da877cc6-ee78-f754-7c23-27622150aeeb">
      <Execution id="821d7777-3a60-4f9e-8781-e78e1d338429" />
      <TestMethod codeBase="C:\Users\marco\source\repos\OrderHub\tests\OrderHub.Integration.Tests\bin\Debug\net10.0\OrderHub.Integration.Tests.dll" adapterTypeName="executor://xunit/VsTestRunner3/netcore/" className="OrderHub.Integration.Tests.AdministrationApiTests" name="Kitchen_transition_obeys_role_matrix" />
    </UnitTest>
    <UnitTest name="OrderHub.Integration.Tests.AdministrationApiTests.Customer_operations_obey_role_matrix(role: Delivery, allowed: False)" storage="c:\users\marco\source\repos\orderhub\tests\orderhub.integration.tests\bin\debug\net10.0\orderhub.integration.tests.dll" id="3f815fe9-05de-7e3a-df80-bd211b246a63">
      <Execution id="1706e8a4-00dc-4551-8f85-43781da8b74e" />
      <TestMethod codeBase="C:\Users\marco\source\repos\OrderHub\tests\OrderHub.Integration.Tests\bin\Debug\net10.0\OrderHub.Integration.Tests.dll" adapterTypeName="executor://xunit/VsTestRunner3/netcore/" className="OrderHub.Integration.Tests.AdministrationApiTests" name="Customer_operations_obey_role_matrix" />
    </UnitTest>
    <UnitTest name="OrderHub.Integration.Tests.AdministrationApiTests.Delivery_transition_obeys_role_matrix(role: Delivery, allowed: True)" storage="c:\users\marco\source\repos\orderhub\tests\orderhub.integration.tests\bin\debug\net10.0\orderhub.integration.tests.dll" id="0311581a-f63e-b828-4af3-f2c68236e4ca">
      <Execution id="d7a69cbd-d323-4089-bc36-978264b7e19f" />
      <TestMethod codeBase="C:\Users\marco\source\repos\OrderHub\tests\OrderHub.Integration.Tests\bin\Debug\net10.0\OrderHub.Integration.Tests.dll" adapterTypeName="executor://xunit/VsTestRunner3/netcore/" className="OrderHub.Integration.Tests.AdministrationApiTests" name="Delivery_transition_obeys_role_matrix" />
    </UnitTest>
    <UnitTest name="OrderHub.Integration.Tests.TenancyMigrationTests.Order_payments_migration_upgrades_rolls_back_and_reapplies" storage="c:\users\marco\source\repos\orderhub\tests\orderhub.integration.tests\bin\debug\net10.0\orderhub.integration.tests.dll" id="1bf98bc6-485b-1926-8fa9-fb980dbe56bc">
      <Execution id="d09f2c20-b06b-4dd8-897a-05671b58174b" />
      <TestMethod codeBase="C:\Users\marco\source\repos\OrderHub\tests\OrderHub.Integration.Tests\bin\Debug\net10.0\OrderHub.Integration.Tests.dll" adapterTypeName="executor://xunit/VsTestRunner3/netcore/" className="OrderHub.Integration.Tests.TenancyMigrationTests" name="Order_payments_migration_upgrades_rolls_back_and_reapplies" />
    </UnitTest>
    <UnitTest name="OrderHub.Integration.Tests.AdministrationApiTests.Customer_operations_obey_role_matrix(role: Owner, allowed: True)" storage="c:\users\marco\source\repos\orderhub\tests\orderhub.integration.tests\bin\debug\net10.0\orderhub.integration.tests.dll" id="038e5073-99c3-08f6-e107-3c4ebbebc329">
      <Execution id="6d5fd057-bd5e-4240-ba2d-364619ab7090" />
      <TestMethod codeBase="C:\Users\marco\source\repos\OrderHub\tests\OrderHub.Integration.Tests\bin\Debug\net10.0\OrderHub.Integration.Tests.dll" adapterTypeName="executor://xunit/VsTestRunner3/netcore/" className="OrderHub.Integration.Tests.AdministrationApiTests" name="Customer_operations_obey_role_matrix" />
    </UnitTest>
    <UnitTest name="OrderHub.Integration.Tests.PublicOrderingPersistenceTests.Failed_public_confirmation_rolls_back_saved_order" storage="c:\users\marco\source\repos\orderhub\tests\orderhub.integration.tests\bin\debug\net10.0\orderhub.integration.tests.dll" id="7bdfeb7b-7102-32cb-8a63-16dad8a68c04">
      <Execution id="655b277c-c548-46d2-9b6c-fbc3686f7ff4" />
      <TestMethod codeBase="C:\Users\marco\source\repos\OrderHub\tests\OrderHub.Integration.Tests\bin\Debug\net10.0\OrderHub.Integration.Tests.dll" adapterTypeName="executor://xunit/VsTestRunner3/netcore/" className="OrderHub.Integration.Tests.PublicOrderingPersistenceTests" name="Failed_public_confirmation_rolls_back_saved_order" />
    </UnitTest>
    <UnitTest name="OrderHub.Integration.Tests.CatalogApiTests.Missing_public_catalog_uses_standard_problem_details" storage="c:\users\marco\source\repos\orderhub\tests\orderhub.integration.tests\bin\debug\net10.0\orderhub.integration.tests.dll" id="e0093778-3b9f-cd0b-2546-b9e1993e7df7">
      <Execution id="ce119e8c-559e-45d3-b3e8-e2fcba0d2906" />
      <TestMethod codeBase="C:\Users\marco\source\repos\OrderHub\tests\OrderHub.Integration.Tests\bin\Debug\net10.0\OrderHub.Integration.Tests.dll" adapterTypeName="executor://xunit/VsTestRunner3/netcore/" className="OrderHub.Integration.Tests.CatalogApiTests" name="Missing_public_catalog_uses_standard_problem_details" />
    </UnitTest>
    <UnitTest name="OrderHub.Integration.Tests.AdministrationApiTests.Kitchen_transition_obeys_role_matrix(role: Kitchen, allowed: True)" storage="c:\users\marco\source\repos\orderhub\tests\orderhub.integration.tests\bin\debug\net10.0\orderhub.integration.tests.dll" id="b44b36a3-164a-95a8-9304-bdfe2ffe8a55">
      <Execution id="c54576cb-3d6d-4c4e-b3ab-abb653016146" />
      <TestMethod codeBase="C:\Users\marco\source\repos\OrderHub\tests\OrderHub.Integration.Tests\bin\Debug\net10.0\OrderHub.Integration.Tests.dll" adapterTypeName="executor://xunit/VsTestRunner3/netcore/" className="OrderHub.Integration.Tests.AdministrationApiTests" name="Kitchen_transition_obeys_role_matrix" />
    </UnitTest>
    <UnitTest name="OrderHub.Integration.Tests.PublicOrderingApiTests.Confirmation_contract_has_no_client_price_or_tenant_authority" storage="c:\users\marco\source\repos\orderhub\tests\orderhub.integration.tests\bin\debug\net10.0\orderhub.integration.tests.dll" id="ce9978e8-39ca-b1b4-a814-57c5a8dfda4d">
      <Execution id="e16a380c-ff8a-4cba-b61d-69b33bd99f6e" />
      <TestMethod codeBase="C:\Users\marco\source\repos\OrderHub\tests\OrderHub.Integration.Tests\bin\Debug\net10.0\OrderHub.Integration.Tests.dll" adapterTypeName="executor://xunit/VsTestRunner3/netcore/" className="OrderHub.Integration.Tests.PublicOrderingApiTests" name="Confirmation_contract_has_no_client_price_or_tenant_authority" />
    </UnitTest>
    <UnitTest name="OrderHub.Integration.Tests.PaymentPersistenceTests.Concurrent_confirmations_are_serialized_and_idempotent_against_authoritative_total" storage="c:\users\marco\source\repos\orderhub\tests\orderhub.integration.tests\bin\debug\net10.0\orderhub.integration.tests.dll" id="5ad2ed3f-f7da-ea37-1605-cc9481ea1b6d">
      <Execution id="2cef57e6-9fdf-40a5-8dc7-becedbc7a1ad" />
      <TestMethod codeBase="C:\Users\marco\source\repos\OrderHub\tests\OrderHub.Integration.Tests\bin\Debug\net10.0\OrderHub.Integration.Tests.dll" adapterTypeName="executor://xunit/VsTestRunner3/netcore/" className="OrderHub.Integration.Tests.PaymentPersistenceTests" name="Concurrent_confirmations_are_serialized_and_idempotent_against_authoritative_total" />
    </UnitTest>
    <UnitTest name="OrderHub.Integration.Tests.AdministrationApiTests.Coupon_management_obeys_role_matrix(role: Manager, allowed: True)" storage="c:\users\marco\source\repos\orderhub\tests\orderhub.integration.tests\bin\debug\net10.0\orderhub.integration.tests.dll" id="d7a46417-2b36-5bb8-36ca-d70311f28774">
      <Execution id="644abb9e-4d81-48a6-bde5-d3305df616e9" />
      <TestMethod codeBase="C:\Users\marco\source\repos\OrderHub\tests\OrderHub.Integration.Tests\bin\Debug\net10.0\OrderHub.Integration.Tests.dll" adapterTypeName="executor://xunit/VsTestRunner3/netcore/" className="OrderHub.Integration.Tests.AdministrationApiTests" name="Coupon_management_obeys_role_matrix" />
    </UnitTest>
    <UnitTest name="OrderHub.Integration.Tests.AdministrationApiTests.Delivery_transition_obeys_role_matrix(role: Owner, allowed: True)" storage="c:\users\marco\source\repos\orderhub\tests\orderhub.integration.tests\bin\debug\net10.0\orderhub.integration.tests.dll" id="920298c3-1474-4d08-119d-561eae30fdc2">
      <Execution id="74ab818c-b629-4018-b54d-242d02533d5d" />
      <TestMethod codeBase="C:\Users\marco\source\repos\OrderHub\tests\OrderHub.Integration.Tests\bin\Debug\net10.0\OrderHub.Integration.Tests.dll" adapterTypeName="executor://xunit/VsTestRunner3/netcore/" className="OrderHub.Integration.Tests.AdministrationApiTests" name="Delivery_transition_obeys_role_matrix" />
    </UnitTest>
    <UnitTest name="OrderHub.Integration.Tests.TenancyMigrationTests.Order_lifecycle_migration_upgrades_rolls_back_and_reapplies" storage="c:\users\marco\source\repos\orderhub\tests\orderhub.integration.tests\bin\debug\net10.0\orderhub.integration.tests.dll" id="a2de8734-9d5e-1cf9-e240-f2c8c9dea2c6">
      <Execution id="6d04933b-d16b-4ac3-82ef-ca5cc0199c8b" />
      <TestMethod codeBase="C:\Users\marco\source\repos\OrderHub\tests\OrderHub.Integration.Tests\bin\Debug\net10.0\OrderHub.Integration.Tests.dll" adapterTypeName="executor://xunit/VsTestRunner3/netcore/" className="OrderHub.Integration.Tests.TenancyMigrationTests" name="Order_lifecycle_migration_upgrades_rolls_back_and_reapplies" />
    </UnitTest>
    <UnitTest name="OrderHub.Integration.Tests.OperationsPersistenceTests.Qr_requires_matching_slug_and_token_and_hours_are_unit_scoped" storage="c:\users\marco\source\repos\orderhub\tests\orderhub.integration.tests\bin\debug\net10.0\orderhub.integration.tests.dll" id="19ac5c30-46c9-fcc7-4870-ce24df94f797">
      <Execution id="e48720c1-f1e6-439d-83ef-4e1f6851a1a8" />
      <TestMethod codeBase="C:\Users\marco\source\repos\OrderHub\tests\OrderHub.Integration.Tests\bin\Debug\net10.0\OrderHub.Integration.Tests.dll" adapterTypeName="executor://xunit/VsTestRunner3/netcore/" className="OrderHub.Integration.Tests.OperationsPersistenceTests" name="Qr_requires_matching_slug_and_token_and_hours_are_unit_scoped" />
    </UnitTest>
    <UnitTest name="OrderHub.Integration.Tests.ApiFoundationTests.Health_endpoint_is_available" storage="c:\users\marco\source\repos\orderhub\tests\orderhub.integration.tests\bin\debug\net10.0\orderhub.integration.tests.dll" id="dd952674-bf53-0939-275c-516d4751956f">
      <Execution id="7061a95f-bbff-452c-91c7-d2d89ac61078" />
      <TestMethod codeBase="C:\Users\marco\source\repos\OrderHub\tests\OrderHub.Integration.Tests\bin\Debug\net10.0\OrderHub.Integration.Tests.dll" adapterTypeName="executor://xunit/VsTestRunner3/netcore/" className="OrderHub.Integration.Tests.ApiFoundationTests" name="Health_endpoint_is_available" />
    </UnitTest>
    <UnitTest name="OrderHub.Integration.Tests.ModelConventionsTests.Payment_metadata_has_scoped_codes_idempotency_and_concurrency" storage="c:\users\marco\source\repos\orderhub\tests\orderhub.integration.tests\bin\debug\net10.0\orderhub.integration.tests.dll" id="f7637013-9573-d1c5-1a70-f88f9427f9d3">
      <Execution id="e4772af1-0b11-4585-b9cb-e4ae09790f10" />
      <TestMethod codeBase="C:\Users\marco\source\repos\OrderHub\tests\OrderHub.Integration.Tests\bin\Debug\net10.0\OrderHub.Integration.Tests.dll" adapterTypeName="executor://xunit/VsTestRunner3/netcore/" className="OrderHub.Integration.Tests.ModelConventionsTests" name="Payment_metadata_has_scoped_codes_idempotency_and_concurrency" />
    </UnitTest>
    <UnitTest name="OrderHub.Integration.Tests.PublicOrderingPersistenceTests.Idempotency_key_is_scoped_by_establishment" storage="c:\users\marco\source\repos\orderhub\tests\orderhub.integration.tests\bin\debug\net10.0\orderhub.integration.tests.dll" id="24c44e29-bb9a-23a1-7e46-09f668d14607">
      <Execution id="39b81a3a-bc6d-4ad7-b41e-909448b11680" />
      <TestMethod codeBase="C:\Users\marco\source\repos\OrderHub\tests\OrderHub.Integration.Tests\bin\Debug\net10.0\OrderHub.Integration.Tests.dll" adapterTypeName="executor://xunit/VsTestRunner3/netcore/" className="OrderHub.Integration.Tests.PublicOrderingPersistenceTests" name="Idempotency_key_is_scoped_by_establishment" />
    </UnitTest>
    <UnitTest name="OrderHub.Integration.Tests.CatalogPersistenceTests.Ef_and_Dapper_keep_catalogs_isolated_and_public_projection_active_only" storage="c:\users\marco\source\repos\orderhub\tests\orderhub.integration.tests\bin\debug\net10.0\orderhub.integration.tests.dll" id="a74178df-7586-5f18-9668-470f420d9d74">
      <Execution id="0c84a536-f1fd-4177-a0e0-3c9ef414c350" />
      <TestMethod codeBase="C:\Users\marco\source\repos\OrderHub\tests\OrderHub.Integration.Tests\bin\Debug\net10.0\OrderHub.Integration.Tests.dll" adapterTypeName="executor://xunit/VsTestRunner3/netcore/" className="OrderHub.Integration.Tests.CatalogPersistenceTests" name="Ef_and_Dapper_keep_catalogs_isolated_and_public_projection_active_only" />
    </UnitTest>
    <UnitTest name="OrderHub.Integration.Tests.AdministrationApiTests.Delivery_transition_obeys_role_matrix(role: Admin, allowed: True)" storage="c:\users\marco\source\repos\orderhub\tests\orderhub.integration.tests\bin\debug\net10.0\orderhub.integration.tests.dll" id="0cb8f215-4f12-f1da-df54-f054b077a652">
      <Execution id="1fb82e65-afef-487a-8504-5f16e01ed742" />
      <TestMethod codeBase="C:\Users\marco\source\repos\OrderHub\tests\OrderHub.Integration.Tests\bin\Debug\net10.0\OrderHub.Integration.Tests.dll" adapterTypeName="executor://xunit/VsTestRunner3/netcore/" className="OrderHub.Integration.Tests.AdministrationApiTests" name="Delivery_transition_obeys_role_matrix" />
    </UnitTest>
    <UnitTest name="OrderHub.Integration.Tests.AdministrationApiTests.Kitchen_transition_obeys_role_matrix(role: Admin, allowed: True)" storage="c:\users\marco\source\repos\orderhub\tests\orderhub.integration.tests\bin\debug\net10.0\orderhub.integration.tests.dll" id="be622ec7-5e8d-5fbb-3590-5e56fa31def9">
      <Execution id="ecdd62a4-807f-4f90-b77a-bd83fbcc99f6" />
      <TestMethod codeBase="C:\Users\marco\source\repos\OrderHub\tests\OrderHub.Integration.Tests\bin\Debug\net10.0\OrderHub.Integration.Tests.dll" adapterTypeName="executor://xunit/VsTestRunner3/netcore/" className="OrderHub.Integration.Tests.AdministrationApiTests" name="Kitchen_transition_obeys_role_matrix" />
    </UnitTest>
    <UnitTest name="OrderHub.Integration.Tests.TenancyMigrationTests.Product_catalog_migration_upgrades_rolls_back_and_reapplies" storage="c:\users\marco\source\repos\orderhub\tests\orderhub.integration.tests\bin\debug\net10.0\orderhub.integration.tests.dll" id="92d6633a-9bb1-4dd1-9afa-0b989075cec7">
      <Execution id="ecbb6d9d-718e-4d9f-b5ff-d537aa5570d3" />
      <TestMethod codeBase="C:\Users\marco\source\repos\OrderHub\tests\OrderHub.Integration.Tests\bin\Debug\net10.0\OrderHub.Integration.Tests.dll" adapterTypeName="executor://xunit/VsTestRunner3/netcore/" className="OrderHub.Integration.Tests.TenancyMigrationTests" name="Product_catalog_migration_upgrades_rolls_back_and_reapplies" />
    </UnitTest>
    <UnitTest name="OrderHub.Integration.Tests.PublicOrderingApiTests.Context_exposes_only_public_active_data" storage="c:\users\marco\source\repos\orderhub\tests\orderhub.integration.tests\bin\debug\net10.0\orderhub.integration.tests.dll" id="2271f189-27bb-3cb7-88f6-f1d91388d147">
      <Execution id="61c563f7-78b2-44db-90fc-8db8108ff9c1" />
      <TestMethod codeBase="C:\Users\marco\source\repos\OrderHub\tests\OrderHub.Integration.Tests\bin\Debug\net10.0\OrderHub.Integration.Tests.dll" adapterTypeName="executor://xunit/VsTestRunner3/netcore/" className="OrderHub.Integration.Tests.PublicOrderingApiTests" name="Context_exposes_only_public_active_data" />
    </UnitTest>
    <UnitTest name="OrderHub.Integration.Tests.OrderPersistenceTests.Ef_and_Dapper_preserve_order_snapshots_totals_and_history" storage="c:\users\marco\source\repos\orderhub\tests\orderhub.integration.tests\bin\debug\net10.0\orderhub.integration.tests.dll" id="31ee3418-58f0-2466-e423-ff771d34a30e">
      <Execution id="e89479b0-0af5-4d3a-868f-2baa0cecbf5e" />
      <TestMethod codeBase="C:\Users\marco\source\repos\OrderHub\tests\OrderHub.Integration.Tests\bin\Debug\net10.0\OrderHub.Integration.Tests.dll" adapterTypeName="executor://xunit/VsTestRunner3/netcore/" className="OrderHub.Integration.Tests.OrderPersistenceTests" name="Ef_and_Dapper_preserve_order_snapshots_totals_and_history" />
    </UnitTest>
    <UnitTest name="OrderHub.Integration.Tests.AdministrationApiTests.Coupon_management_obeys_role_matrix(role: Admin, allowed: True)" storage="c:\users\marco\source\repos\orderhub\tests\orderhub.integration.tests\bin\debug\net10.0\orderhub.integration.tests.dll" id="4fe09273-c14e-3aa9-5cc5-451884c02e55">
      <Execution id="b4b5c358-4f6b-42aa-8e91-b118ba12cc0e" />
      <TestMethod codeBase="C:\Users\marco\source\repos\OrderHub\tests\OrderHub.Integration.Tests\bin\Debug\net10.0\OrderHub.Integration.Tests.dll" adapterTypeName="executor://xunit/VsTestRunner3/netcore/" className="OrderHub.Integration.Tests.AdministrationApiTests" name="Coupon_management_obeys_role_matrix" />
    </UnitTest>
    <UnitTest name="OrderHub.Integration.Tests.AdministrationApiTests.Cross_unit_scope_is_forbidden_as_problem_details" storage="c:\users\marco\source\repos\orderhub\tests\orderhub.integration.tests\bin\debug\net10.0\orderhub.integration.tests.dll" id="8741c69d-de3d-4b55-b8cd-3a81800acc85">
      <Execution id="529d2e52-b50b-41ae-ab3c-7609fd1eb283" />
      <TestMethod codeBase="C:\Users\marco\source\repos\OrderHub\tests\OrderHub.Integration.Tests\bin\Debug\net10.0\OrderHub.Integration.Tests.dll" adapterTypeName="executor://xunit/VsTestRunner3/netcore/" className="OrderHub.Integration.Tests.AdministrationApiTests" name="Cross_unit_scope_is_forbidden_as_problem_details" />
    </UnitTest>
    <UnitTest name="OrderHub.Integration.Tests.CustomerPersistenceTests.Concurrent_primary_address_changes_keep_one_atomic_winner" storage="c:\users\marco\source\repos\orderhub\tests\orderhub.integration.tests\bin\debug\net10.0\orderhub.integration.tests.dll" id="8bceabc6-2f20-06d8-1416-1228c3780ad3">
      <Execution id="f70c7999-8301-4a20-a82c-4bc5b310c151" />
      <TestMethod codeBase="C:\Users\marco\source\repos\OrderHub\tests\OrderHub.Integration.Tests\bin\Debug\net10.0\OrderHub.Integration.Tests.dll" adapterTypeName="executor://xunit/VsTestRunner3/netcore/" className="OrderHub.Integration.Tests.CustomerPersistenceTests" name="Concurrent_primary_address_changes_keep_one_atomic_winner" />
    </UnitTest>
    <UnitTest name="OrderHub.Integration.Tests.AdministrationApiTests.Delivery_transition_obeys_role_matrix(role: Manager, allowed: True)" storage="c:\users\marco\source\repos\orderhub\tests\orderhub.integration.tests\bin\debug\net10.0\orderhub.integration.tests.dll" id="c6f3f74a-7695-96c3-0ac3-3b7135186241">
      <Execution id="383631b3-f7b2-421a-9149-5c0cc05ddc41" />
      <TestMethod codeBase="C:\Users\marco\source\repos\OrderHub\tests\OrderHub.Integration.Tests\bin\Debug\net10.0\OrderHub.Integration.Tests.dll" adapterTypeName="executor://xunit/VsTestRunner3/netcore/" className="OrderHub.Integration.Tests.AdministrationApiTests" name="Delivery_transition_obeys_role_matrix" />
    </UnitTest>
    <UnitTest name="OrderHub.Integration.Tests.ModelConventionsTests.Catalog_metadata_has_scoped_keys_constraints_and_restrictive_links" storage="c:\users\marco\source\repos\orderhub\tests\orderhub.integration.tests\bin\debug\net10.0\orderhub.integration.tests.dll" id="20001cab-be0c-797b-0765-9553cc525e0b">
      <Execution id="cdc9b198-2592-4f95-a923-3b1548cad813" />
      <TestMethod codeBase="C:\Users\marco\source\repos\OrderHub\tests\OrderHub.Integration.Tests\bin\Debug\net10.0\OrderHub.Integration.Tests.dll" adapterTypeName="executor://xunit/VsTestRunner3/netcore/" className="OrderHub.Integration.Tests.ModelConventionsTests" name="Catalog_metadata_has_scoped_keys_constraints_and_restrictive_links" />
    </UnitTest>
    <UnitTest name="OrderHub.Integration.Tests.ApiFoundationTests.Missing_tenant_fails_safely_with_problem_details" storage="c:\users\marco\source\repos\orderhub\tests\orderhub.integration.tests\bin\debug\net10.0\orderhub.integration.tests.dll" id="3c616276-2552-be04-0804-6159a145fe71">
      <Execution id="91d2acbc-188c-41e1-b678-c6495e248c05" />
      <TestMethod codeBase="C:\Users\marco\source\repos\OrderHub\tests\OrderHub.Integration.Tests\bin\Debug\net10.0\OrderHub.Integration.Tests.dll" adapterTypeName="executor://xunit/VsTestRunner3/netcore/" className="OrderHub.Integration.Tests.ApiFoundationTests" name="Missing_tenant_fails_safely_with_problem_details" />
    </UnitTest>
    <UnitTest name="OrderHub.Integration.Tests.PublicOrderingApiTests.Invalid_public_reference_returns_problem_details_without_lookup" storage="c:\users\marco\source\repos\orderhub\tests\orderhub.integration.tests\bin\debug\net10.0\orderhub.integration.tests.dll" id="f1da1987-e357-8287-5fae-38d4162a339a">
      <Execution id="8ce5eba1-5ad5-454a-95f2-3b4d5ba899de" />
      <TestMethod codeBase="C:\Users\marco\source\repos\OrderHub\tests\OrderHub.Integration.Tests\bin\Debug\net10.0\OrderHub.Integration.Tests.dll" adapterTypeName="executor://xunit/VsTestRunner3/netcore/" className="OrderHub.Integration.Tests.PublicOrderingApiTests" name="Invalid_public_reference_returns_problem_details_without_lookup" />
    </UnitTest>
    <UnitTest name="OrderHub.Integration.Tests.PostgreSqlPersistenceTests.Ef_write_and_dapper_read_connect_and_keep_tenants_isolated" storage="c:\users\marco\source\repos\orderhub\tests\orderhub.integration.tests\bin\debug\net10.0\orderhub.integration.tests.dll" id="f844fb45-8f34-11a9-7d39-769008a17c28">
      <Execution id="ca416066-0c2b-40c4-b692-485c9d548bee" />
      <TestMethod codeBase="C:\Users\marco\source\repos\OrderHub\tests\OrderHub.Integration.Tests\bin\Debug\net10.0\OrderHub.Integration.Tests.dll" adapterTypeName="executor://xunit/VsTestRunner3/netcore/" className="OrderHub.Integration.Tests.PostgreSqlPersistenceTests" name="Ef_write_and_dapper_read_connect_and_keep_tenants_isolated" />
    </UnitTest>
    <UnitTest name="OrderHub.Integration.Tests.TenancyMigrationTests.Public_ordering_migration_upgrades_rolls_back_and_reapplies" storage="c:\users\marco\source\repos\orderhub\tests\orderhub.integration.tests\bin\debug\net10.0\orderhub.integration.tests.dll" id="47bbb92e-31d7-68bc-b508-ea21fab43e38">
      <Execution id="245d5eb5-419b-4a14-9260-41bbb3aa9b7e" />
[...]
[testcontainers.org 00:00:14.13] Execute "pg_isready --host localhost --dbname postgres --username postgres" at Docker container 862de5ff4136&#xD;
[testcontainers.org 00:00:14.13] Execute "pg_isready --host localhost --dbname postgres --username postgres" at Docker container 97b90d167fce&#xD;
[testcontainers.org 00:00:14.13] Execute "pg_isready --host localhost --dbname postgres --username postgres" at Docker container 4d72e0de79a7&#xD;
[testcontainers.org 00:00:14.16] Wait for Docker container 335082f657c7 to complete readiness checks&#xD;
[testcontainers.org 00:00:14.18] Execute "pg_isready --host localhost --dbname postgres --username postgres" at Docker container 335082f657c7&#xD;
[testcontainers.org 00:00:14.25] Execute "pg_isready --host localhost --dbname postgres --username postgres" at Docker container aad7a930ac8f&#xD;
[testcontainers.org 00:00:14.30] Execute "pg_isready --host localhost --dbname postgres --username postgres" at Docker container 174dc01c020a&#xD;
[testcontainers.org 00:00:14.46] Execute "pg_isready --host localhost --dbname postgres --username postgres" at Docker container 10fe154be682&#xD;
[testcontainers.org 00:00:14.70] Execute "pg_isready --host localhost --dbname postgres --username postgres" at Docker container c2c6210c84d4&#xD;
[testcontainers.org 00:00:14.77] Docker container c2c6210c84d4 ready&#xD;
[testcontainers.org 00:00:14.85] Execute "pg_isready --host localhost --dbname postgres --username postgres" at Docker container 334ffdb732d9&#xD;
[testcontainers.org 00:00:14.97] Execute "pg_isready --host localhost --dbname postgres --username postgres" at Docker container 370f11b9e9a0&#xD;
[testcontainers.org 00:00:14.97] Execute "pg_isready --host localhost --dbname postgres --username postgres" at Docker container 807128fe02e5&#xD;
[testcontainers.org 00:00:15.09] Docker container 370f11b9e9a0 ready&#xD;
[testcontainers.org 00:00:15.26] Execute "pg_isready --host localhost --dbname postgres --username postgres" at Docker container 97b90d167fce&#xD;
[testcontainers.org 00:00:15.27] Execute "pg_isready --host localhost --dbname postgres --username postgres" at Docker container 862de5ff4136&#xD;
[testcontainers.org 00:00:15.27] Execute "pg_isready --host localhost --dbname postgres --username postgres" at Docker container 4d72e0de79a7&#xD;
[testcontainers.org 00:00:15.29] Execute "pg_isready --host localhost --dbname postgres --username postgres" at Docker container 335082f657c7&#xD;
[testcontainers.org 00:00:15.35] Execute "pg_isready --host localhost --dbname postgres --username postgres" at Docker container aad7a930ac8f&#xD;
[testcontainers.org 00:00:15.42] Execute "pg_isready --host localhost --dbname postgres --username postgres" at Docker container 174dc01c020a&#xD;
[testcontainers.org 00:00:15.52] Docker container 862de5ff4136 ready&#xD;
[testcontainers.org 00:00:15.53] Docker container 4d72e0de79a7 ready&#xD;
[testcontainers.org 00:00:15.55] Execute "pg_isready --host localhost --dbname postgres --username postgres" at Docker container 10fe154be682&#xD;
[testcontainers.org 00:00:15.59] Docker container 97b90d167fce ready&#xD;
[testcontainers.org 00:00:15.65] Docker container 174dc01c020a ready&#xD;
[testcontainers.org 00:00:15.71] Docker container 10fe154be682 ready&#xD;
[testcontainers.org 00:00:15.94] Execute "pg_isready --host localhost --dbname postgres --username postgres" at Docker container 334ffdb732d9&#xD;
[testcontainers.org 00:00:16.11] Execute "pg_isready --host localhost --dbname postgres --username postgres" at Docker container 807128fe02e5&#xD;
[testcontainers.org 00:00:16.11] Docker container 334ffdb732d9 ready&#xD;
[testcontainers.org 00:00:16.32] Docker container 807128fe02e5 ready&#xD;
[testcontainers.org 00:00:16.54] Execute "pg_isready --host localhost --dbname postgres --username postgres" at Docker container 335082f657c7&#xD;
[testcontainers.org 00:00:16.58] Execute "pg_isready --host localhost --dbname postgres --username postgres" at Docker container aad7a930ac8f&#xD;
[testcontainers.org 00:00:16.80] Docker container aad7a930ac8f ready&#xD;
[testcontainers.org 00:00:17.36] Delete Docker container 10fe154be682&#xD;
[testcontainers.org 00:00:17.36] Delete Docker container 4d72e0de79a7&#xD;
[testcontainers.org 00:00:17.36] Delete Docker container 174dc01c020a&#xD;
[testcontainers.org 00:00:17.65] Delete Docker container 862de5ff4136&#xD;
[testcontainers.org 00:00:17.66] Delete Docker container 807128fe02e5&#xD;
[testcontainers.org 00:00:17.75] Delete Docker container 97b90d167fce&#xD;
[testcontainers.org 00:00:17.76] Execute "pg_isready --host localhost --dbname postgres --username postgres" at Docker container 335082f657c7&#xD;
[testcontainers.org 00:00:17.92] Delete Docker container 370f11b9e9a0&#xD;
[testcontainers.org 00:00:18.01] Delete Docker container c2c6210c84d4&#xD;
[testcontainers.org 00:00:18.03] Delete Docker container aad7a930ac8f&#xD;
[testcontainers.org 00:00:18.56] Docker container 50411fd3a57a created&#xD;
[testcontainers.org 00:00:18.58] Start Docker container 50411fd3a57a&#xD;
[testcontainers.org 00:00:18.92] Execute "pg_isready --host localhost --dbname postgres --username postgres" at Docker container 335082f657c7&#xD;
[testcontainers.org 00:00:19.07] Docker container 335082f657c7 ready&#xD;
[testcontainers.org 00:00:19.16] Wait for Docker container 50411fd3a57a to complete readiness checks&#xD;
[testcontainers.org 00:00:19.21] Delete Docker container 335082f657c7&#xD;
[testcontainers.org 00:00:19.21] Execute "pg_isready --host localhost --dbname postgres --username postgres" at Docker container 50411fd3a57a&#xD;
[testcontainers.org 00:00:19.31] Delete Docker container 334ffdb732d9&#xD;
[testcontainers.org 00:00:19.36] Docker container 2bad2adbc178 created&#xD;
[testcontainers.org 00:00:19.36] Docker container 9806bbc26bbd created&#xD;
[testcontainers.org 00:00:19.40] Start Docker container 2bad2adbc178&#xD;
[testcontainers.org 00:00:19.42] Start Docker container 9806bbc26bbd&#xD;
[testcontainers.org 00:00:19.67] Docker container f3cc28a2cede created&#xD;
[testcontainers.org 00:00:19.78] Start Docker container f3cc28a2cede&#xD;
[testcontainers.org 00:00:20.02] Docker container e04842eb641f created&#xD;
[testcontainers.org 00:00:20.10] Start Docker container e04842eb641f&#xD;
[testcontainers.org 00:00:20.44] Execute "pg_isready --host localhost --dbname postgres --username postgres" at Docker container 50411fd3a57a&#xD;
[testcontainers.org 00:00:20.64] Wait for Docker container 2bad2adbc178 to complete readiness checks&#xD;
[testcontainers.org 00:00:20.67] Execute "pg_isready --host localhost --dbname postgres --username postgres" at Docker container 2bad2adbc178&#xD;
[testcontainers.org 00:00:20.81] Wait for Docker container 9806bbc26bbd to complete readiness checks&#xD;
[testcontainers.org 00:00:20.87] Execute "pg_isready --host localhost --dbname postgres --username postgres" at Docker container 9806bbc26bbd&#xD;
[testcontainers.org 00:00:20.90] Wait for Docker container f3cc28a2cede to complete readiness checks&#xD;
[testcontainers.org 00:00:20.95] Execute "pg_isready --host localhost --dbname postgres --username postgres" at Docker container f3cc28a2cede&#xD;
[testcontainers.org 00:00:21.00] Wait for Docker container e04842eb641f to complete readiness checks&#xD;
[testcontainers.org 00:00:21.03] Execute "pg_isready --host localhost --dbname postgres --username postgres" at Docker container e04842eb641f&#xD;
[testcontainers.org 00:00:21.29] Docker container 8d453168fd62 created&#xD;
[testcontainers.org 00:00:21.32] Start Docker container 8d453168fd62&#xD;
[testcontainers.org 00:00:21.70] Execute "pg_isready --host localhost --dbname postgres --username postgres" at Docker container 50411fd3a57a&#xD;
[testcontainers.org 00:00:21.86] Execute "pg_isready --host localhost --dbname postgres --username postgres" at Docker container 2bad2adbc178&#xD;
[testcontainers.org 00:00:22.03] Execute "pg_isready --host localhost --dbname postgres --username postgres" at Docker container 9806bbc26bbd&#xD;
[testcontainers.org 00:00:22.13] Execute "pg_isready --host localhost --dbname postgres --username postgres" at Docker container f3cc28a2cede&#xD;
[testcontainers.org 00:00:22.19] Wait for Docker container 8d453168fd62 to complete readiness checks&#xD;
[testcontainers.org 00:00:22.23] Execute "pg_isready --host localhost --dbname postgres --username postgres" at Docker container 8d453168fd62&#xD;
[testcontainers.org 00:00:22.29] Execute "pg_isready --host localhost --dbname postgres --username postgres" at Docker container e04842eb641f&#xD;
[testcontainers.org 00:00:22.96] Execute "pg_isready --host localhost --dbname postgres --username postgres" at Docker container 50411fd3a57a&#xD;
[testcontainers.org 00:00:23.22] Execute "pg_isready --host localhost --dbname postgres --username postgres" at Docker container 2bad2adbc178&#xD;
[testcontainers.org 00:00:23.31] Execute "pg_isready --host localhost --dbname postgres --username postgres" at Docker container 9806bbc26bbd&#xD;
[testcontainers.org 00:00:23.36] Execute "pg_isready --host localhost --dbname postgres --username postgres" at Docker container f3cc28a2cede&#xD;
[testcontainers.org 00:00:23.45] Execute "pg_isready --host localhost --dbname postgres --username postgres" at Docker container 8d453168fd62&#xD;
[testcontainers.org 00:00:23.48] Execute "pg_isready --host localhost --dbname postgres --username postgres" at Docker container e04842eb641f&#xD;
[testcontainers.org 00:00:24.05] Execute "pg_isready --host localhost --dbname postgres --username postgres" at Docker container 50411fd3a57a&#xD;
[testcontainers.org 00:00:24.32] Execute "pg_isready --host localhost --dbname postgres --username postgres" at Docker container 2bad2adbc178&#xD;
[testcontainers.org 00:00:24.41] Execute "pg_isready --host localhost --dbname postgres --username postgres" at Docker container 9806bbc26bbd&#xD;
[testcontainers.org 00:00:24.45] Execute "pg_isready --host localhost --dbname postgres --username postgres" at Docker container f3cc28a2cede&#xD;
[testcontainers.org 00:00:24.53] Execute "pg_isready --host localhost --dbname postgres --username postgres" at Docker container 8d453168fd62&#xD;
[testcontainers.org 00:00:24.56] Execute "pg_isready --host localhost --dbname postgres --username postgres" at Docker container e04842eb641f&#xD;
[testcontainers.org 00:00:25.13] Execute "pg_isready --host localhost --dbname postgres --username postgres" at Docker container 50411fd3a57a&#xD;
[testcontainers.org 00:00:25.20] Docker container 50411fd3a57a ready&#xD;
[testcontainers.org 00:00:25.39] Execute "pg_isready --host localhost --dbname postgres --username postgres" at Docker container 2bad2adbc178&#xD;
[testcontainers.org 00:00:25.48] Execute "pg_isready --host localhost --dbname postgres --username postgres" at Docker container 9806bbc26bbd&#xD;
[testcontainers.org 00:00:25.52] Execute "pg_isready --host localhost --dbname postgres --username postgres" at Docker container f3cc28a2cede&#xD;
[testcontainers.org 00:00:25.60] Execute "pg_isready --host localhost --dbname postgres --username postgres" at Docker container 8d453168fd62&#xD;
[testcontainers.org 00:00:25.63] Execute "pg_isready --host localhost --dbname postgres --username postgres" at Docker container e04842eb641f&#xD;
[testcontainers.org 00:00:25.73] Delete Docker container 50411fd3a57a&#xD;
[testcontainers.org 00:00:26.46] Execute "pg_isready --host localhost --dbname postgres --username postgres" at Docker container 2bad2adbc178&#xD;
[testcontainers.org 00:00:26.51] Docker container ce4db518b4f1 created&#xD;
[testcontainers.org 00:00:26.53] Start Docker container ce4db518b4f1&#xD;
[testcontainers.org 00:00:26.55] Execute "pg_isready --host localhost --dbname postgres --username postgres" at Docker container 9806bbc26bbd&#xD;
[testcontainers.org 00:00:26.58] Docker container 2bad2adbc178 ready&#xD;
[testcontainers.org 00:00:26.60] Execute "pg_isready --host localhost --dbname postgres --username postgres" at Docker container f3cc28a2cede&#xD;
[testcontainers.org 00:00:26.69] Docker container 9806bbc26bbd ready&#xD;
[testcontainers.org 00:00:26.70] Execute "pg_isready --host localhost --dbname postgres --username postgres" at Docker container 8d453168fd62&#xD;
[testcontainers.org 00:00:26.71] Execute "pg_isready --host localhost --dbname postgres --username postgres" at Docker container e04842eb641f&#xD;
[testcontainers.org 00:00:26.83] Docker container e04842eb641f ready&#xD;
[testcontainers.org 00:00:26.99] Wait for Docker container ce4db518b4f1 to complete readiness checks&#xD;
[testcontainers.org 00:00:27.01] Execute "pg_isready --host localhost --dbname postgres --username postgres" at Docker container ce4db518b4f1&#xD;
[testcontainers.org 00:00:27.42] Delete Docker container 2bad2adbc178&#xD;
[testcontainers.org 00:00:27.48] Delete Docker container e04842eb641f&#xD;
[testcontainers.org 00:00:27.48] Delete Docker container 9806bbc26bbd&#xD;
[testcontainers.org 00:00:27.76] Execute "pg_isready --host localhost --dbname postgres --username postgres" at Docker container f3cc28a2cede&#xD;
[testcontainers.org 00:00:27.82] Execute "pg_isready --host localhost --dbname postgres --username postgres" at Docker container 8d453168fd62&#xD;
[testcontainers.org 00:00:27.85] Docker container f3cc28a2cede ready&#xD;
[testcontainers.org 00:00:27.94] Docker container 8d453168fd62 ready&#xD;
[testcontainers.org 00:00:28.13] Execute "pg_isready --host localhost --dbname postgres --username postgres" at Docker container ce4db518b4f1&#xD;
[testcontainers.org 00:00:28.38] Docker container e29232f2f485 created&#xD;
[testcontainers.org 00:00:28.41] Start Docker container e29232f2f485&#xD;
[testcontainers.org 00:00:28.73] Delete Docker container f3cc28a2cede&#xD;
[testcontainers.org 00:00:28.80] Wait for Docker container e29232f2f485 to complete readiness checks&#xD;
[testcontainers.org 00:00:28.82] Execute "pg_isready --host localhost --dbname postgres --username postgres" at Docker container e29232f2f485&#xD;
[testcontainers.org 00:00:29.27] Execute "pg_isready --host localhost --dbname postgres --username postgres" at Docker container ce4db518b4f1&#xD;
[testcontainers.org 00:00:29.94] Execute "pg_isready --host localhost --dbname postgres --username postgres" at Docker container e29232f2f485&#xD;
[testcontainers.org 00:00:29.99] Delete Docker container 8d453168fd62&#xD;
[testcontainers.org 00:00:30.35] Execute "pg_isready --host localhost --dbname postgres --username postgres" at Docker container ce4db518b4f1&#xD;
[testcontainers.org 00:00:30.46] Docker container ce4db518b4f1 ready&#xD;
[testcontainers.org 00:00:30.95] Docker container dd531e2d0b96 created&#xD;
[testcontainers.org 00:00:30.96] Start Docker container dd531e2d0b96&#xD;
[testcontainers.org 00:00:31.03] Execute "pg_isready --host localhost --dbname postgres --username postgres" at Docker container e29232f2f485&#xD;
[testcontainers.org 00:00:31.27] Wait for Docker container dd531e2d0b96 to complete readiness checks&#xD;
[testcontainers.org 00:00:31.29] Execute "pg_isready --host localhost --dbname postgres --username postgres" at Docker container dd531e2d0b96&#xD;
[testcontainers.org 00:00:31.31] Delete Docker container ce4db518b4f1&#xD;
[testcontainers.org 00:00:32.12] Execute "pg_isready --host localhost --dbname postgres --username postgres" at Docker container e29232f2f485&#xD;
[testcontainers.org 00:00:32.20] Docker container e29232f2f485 ready&#xD;
[testcontainers.org 00:00:32.36] Execute "pg_isready --host localhost --dbname postgres --username postgres" at Docker container dd531e2d0b96&#xD;
[testcontainers.org 00:00:32.71] Delete Docker container e29232f2f485&#xD;
[testcontainers.org 00:00:33.44] Execute "pg_isready --host localhost --dbname postgres --username postgres" at Docker container dd531e2d0b96&#xD;
[testcontainers.org 00:00:34.52] Execute "pg_isready --host localhost --dbname postgres --username postgres" at Docker container dd531e2d0b96&#xD;
[testcontainers.org 00:00:34.59] Docker container dd531e2d0b96 ready&#xD;
[testcontainers.org 00:00:35.83] Delete Docker container dd531e2d0b96&#xD;
[testcontainers.org 00:00:36.47] Docker container d94b7f4290ef created&#xD;
[testcontainers.org 00:00:36.49] Start Docker container d94b7f4290ef&#xD;
[testcontainers.org 00:00:36.78] Wait for Docker container d94b7f4290ef to complete readiness checks&#xD;
[testcontainers.org 00:00:36.80] Execute "pg_isready --host localhost --dbname postgres --username postgres" at Docker container d94b7f4290ef&#xD;
[testcontainers.org 00:00:37.88] Execute "pg_isready --host localhost --dbname postgres --username postgres" at Docker container d94b7f4290ef&#xD;
[testcontainers.org 00:00:38.97] Execute "pg_isready --host localhost --dbname postgres --username postgres" at Docker container d94b7f4290ef&#xD;
[testcontainers.org 00:00:40.05] Execute "pg_isready --host localhost --dbname postgres --username postgres" at Docker container d94b7f4290ef&#xD;
[testcontainers.org 00:00:40.11] Docker container d94b7f4290ef ready&#xD;
[testcontainers.org 00:00:40.65] Delete Docker container d94b7f4290ef&#xD;
[testcontainers.org 00:00:41.21] Docker container b68b129c0874 created&#xD;
[testcontainers.org 00:00:41.22] Start Docker container b68b129c0874&#xD;
[testcontainers.org 00:00:41.48] Wait for Docker container b68b129c0874 to complete readiness checks&#xD;
[testcontainers.org 00:00:41.49] Execute "pg_isready --host localhost --dbname postgres --username postgres" at Docker container b68b129c0874&#xD;
[testcontainers.org 00:00:42.57] Execute "pg_isready --host localhost --dbname postgres --username postgres" at Docker container b68b129c0874&#xD;
[testcontainers.org 00:00:43.66] Execute "pg_isready --host localhost --dbname postgres --username postgres" at Docker container b68b129c0874&#xD;
[testcontainers.org 00:00:44.73] Execute "pg_isready --host localhost --dbname postgres --username postgres" at Docker container b68b129c0874&#xD;
[testcontainers.org 00:00:44.81] Docker container b68b129c0874 ready&#xD;
[testcontainers.org 00:00:45.63] Delete Docker container b68b129c0874&#xD;
[testcontainers.org 00:00:46.19] Docker container cedcae626fff created&#xD;
[testcontainers.org 00:00:46.20] Start Docker container cedcae626fff&#xD;
[testcontainers.org 00:00:46.45] Wait for Docker container cedcae626fff to complete readiness checks&#xD;
[testcontainers.org 00:00:46.46] Execute "pg_isready --host localhost --dbname postgres --username postgres" at Docker container cedcae626fff&#xD;
[testcontainers.org 00:00:47.52] Execute "pg_isready --host localhost --dbname postgres --username postgres" at Docker container cedcae626fff&#xD;
[testcontainers.org 00:00:48.59] Execute "pg_isready --host localhost --dbname postgres --username postgres" at Docker container cedcae626fff&#xD;
[testcontainers.org 00:00:48.64] Docker container cedcae626fff ready&#xD;
[testcontainers.org 00:00:49.32] Delete Docker container cedcae626fff&#xD;
[testcontainers.org 00:00:49.80] Docker container fb4e158c5d25 created&#xD;
[testcontainers.org 00:00:49.81] Start Docker container fb4e158c5d25&#xD;
[testcontainers.org 00:00:50.03] Wait for Docker container fb4e158c5d25 to complete readiness checks&#xD;
[testcontainers.org 00:00:50.04] Execute "pg_isready --host localhost --dbname postgres --username postgres" at Docker container fb4e158c5d25&#xD;
[testcontainers.org 00:00:51.12] Execute "pg_isready --host localhost --dbname postgres --username postgres" at Docker container fb4e158c5d25&#xD;
[testcontainers.org 00:00:52.18] Execute "pg_isready --host localhost --dbname postgres --username postgres" at Docker container fb4e158c5d25&#xD;
[testcontainers.org 00:00:52.27] Docker container fb4e158c5d25 ready&#xD;
[testcontainers.org 00:00:53.09] Delete Docker container fb4e158c5d25&#xD;
[xUnit.net 00:00:55.15]   Finished:    OrderHub.Integration.Tests&#xD;
</StdOut>
    </Output>
  </ResultSummary>
</TestRun>