<?xml version="1.0" encoding="utf-8"?>
<TestRun id="a3de08de-e235-4040-ba0e-30c0cc9b022c" name="marco@DESKTOP-5I2MT27 2026-09-03 11:38:50" runUser="DESKTOP-5I2MT27\marco" xmlns="http://microsoft.com/schemas/VisualStudio/TeamTest/2010">
  <Times creation="2026-09-03T11:38:50.9620463-03:00" queuing="2026-09-03T11:38:50.9620470-03:00" start="2026-09-03T11:38:48.1312084-03:00" finish="2026-09-03T11:39:34.9482561-03:00" />
  <TestSettings name="default" id="b9e164af-1864-4a9f-be5c-ad2d4ff431c7">
    <Deployment runDeploymentRoot="marco_DESKTOP-5I2MT27_2026-09-03_11_38_50" />
  </TestSettings>
  <Results>
    <UnitTestResult executionId="e649be32-dfd8-49eb-a33c-4190dcb3bbfa" testId="53f0077f-deaf-6f2e-d115-fa620ed63201" testName="OrderHub.Integration.Tests.AdministrationApiTests.Coupon_management_obeys_role_matrix(role: Attendant, allowed: False)" computerName="DESKTOP-5I2MT27" duration="00:00:00.4353784" startTime="2026-09-03T11:39:01.9760807-03:00" endTime="2026-09-03T11:39:02.4097376-03:00" testType="13cdc9d9-ddb5-4fa4-a97d-d965ccfc6d4b" outcome="Passed" testListId="8c84fa94-04c1-424b-9868-57a2d4851a1d" relativeResultsDirectory="e649be32-dfd8-49eb-a33c-4190dcb3bbfa" />
    <UnitTestResult executionId="4d36da67-8dbc-4b85-8098-a11f17eb95bd" testId="71575f39-4ce2-a53d-3909-515421105de5" testName="OrderHub.Integration.Tests.CatalogApiTests.Administrative_errors_are_problem_details(error: &quot;validation&quot;, status: BadRequest)" computerName="DESKTOP-5I2MT27" duration="00:00:00.6328684" startTime="2026-09-03T11:39:04.6131905-03:00" endTime="2026-09-03T11:39:05.2445298-03:00" testType="13cdc9d9-ddb5-4fa4-a97d-d965ccfc6d4b" outcome="Passed" testListId="8c84fa94-04c1-424b-9868-57a2d4851a1d" relativeResultsDirectory="4d36da67-8dbc-4b85-8098-a11f17eb95bd" />
    <UnitTestResult executionId="e281643e-5710-4a32-8c9e-9d39caa92dc4" testId="2271f189-27bb-3cb7-88f6-f1d91388d147" testName="OrderHub.Integration.Tests.PublicOrderingApiTests.Context_exposes_only_public_active_data" computerName="DESKTOP-5I2MT27" duration="00:00:00.5093869" startTime="2026-09-03T11:38:52.0446433-03:00" endTime="2026-09-03T11:38:52.5523211-03:00" testType="13cdc9d9-ddb5-4fa4-a97d-d965ccfc6d4b" outcome="Passed" testListId="8c84fa94-04c1-424b-9868-57a2d4851a1d" relativeResultsDirectory="e281643e-5710-4a32-8c9e-9d39caa92dc4" />
    <UnitTestResult executionId="0328091d-a5ff-4121-ad00-472d46187cb8" testId="a5a5190a-964f-a15b-e4e8-c55c864ed5f4" testName="OrderHub.Integration.Tests.TenancyMigrationTests.Administrative_authentication_migration_upgrades_rolls_back_and_reapplies" computerName="DESKTOP-5I2MT27" duration="00:00:00.3822239" startTime="2026-09-03T11:39:21.4421224-03:00" endTime="2026-09-03T11:39:24.6666351-03:00" testType="13cdc9d9-ddb5-4fa4-a97d-d965ccfc6d4b" outcome="Passed" testListId="8c84fa94-04c1-424b-9868-57a2d4851a1d" relativeResultsDirectory="0328091d-a5ff-4121-ad00-472d46187cb8" />
    <UnitTestResult executionId="b9be7320-df83-417c-be4b-793b55bbb824" testId="b5bd217d-c3ce-9139-060f-27044e46017a" testName="OrderHub.Integration.Tests.AdministrationApiTests.Coupon_management_obeys_role_matrix(role: Delivery, allowed: False)" computerName="DESKTOP-5I2MT27" duration="00:00:00.4237047" startTime="2026-09-03T11:39:01.5515249-03:00" endTime="2026-09-03T11:39:01.9740050-03:00" testType="13cdc9d9-ddb5-4fa4-a97d-d965ccfc6d4b" outcome="Passed" testListId="8c84fa94-04c1-424b-9868-57a2d4851a1d" relativeResultsDirectory="b9be7320-df83-417c-be4b-793b55bbb824" />
    <UnitTestResult executionId="be437859-c2f5-433a-b60e-aa0d62f33693" testId="f844fb45-8f34-11a9-7d39-769008a17c28" testName="OrderHub.Integration.Tests.PostgreSqlPersistenceTests.Ef_write_and_dapper_read_connect_and_keep_tenants_isolated" computerName="DESKTOP-5I2MT27" duration="00:00:00.4754268" startTime="2026-09-03T11:38:49.8035676-03:00" endTime="2026-09-03T11:39:03.8861777-03:00" testType="13cdc9d9-ddb5-4fa4-a97d-d965ccfc6d4b" outcome="Passed" testListId="8c84fa94-04c1-424b-9868-57a2d4851a1d" relativeResultsDirectory="be437859-c2f5-433a-b60e-aa0d62f33693" />
    <UnitTestResult executionId="63bea795-ef7d-460e-b01d-47b80bc2daee" testId="3b368219-1dd9-4d7d-1bc3-0e171038d50f" testName="OrderHub.Integration.Tests.CatalogApiTests.Public_catalog_returns_external_contract_without_tenant_id" computerName="DESKTOP-5I2MT27" duration="00:00:00.5204341" startTime="2026-09-03T11:39:07.5996165-03:00" endTime="2026-09-03T11:39:08.1180950-03:00" testType="13cdc9d9-ddb5-4fa4-a97d-d965ccfc6d4b" outcome="Passed" testListId="8c84fa94-04c1-424b-9868-57a2d4851a1d" relativeResultsDirectory="63bea795-ef7d-460e-b01d-47b80bc2daee" />
    <UnitTestResult executionId="417ff1e2-f7b5-4abe-8974-b95fb46bb260" testId="3c616276-2552-be04-0804-6159a145fe71" testName="OrderHub.Integration.Tests.ApiFoundationTests.Missing_tenant_fails_safely_with_problem_details" computerName="DESKTOP-5I2MT27" duration="00:00:01.1268612" startTime="2026-09-03T11:38:49.8036565-03:00" endTime="2026-09-03T11:38:50.8649982-03:00" testType="13cdc9d9-ddb5-4fa4-a97d-d965ccfc6d4b" outcome="Passed" testListId="8c84fa94-04c1-424b-9868-57a2d4851a1d" relativeResultsDirectory="417ff1e2-f7b5-4abe-8974-b95fb46bb260" />
    <UnitTestResult executionId="20754363-b753-4ac1-8932-7702b06535db" testId="8bceabc6-2f20-06d8-1416-1228c3780ad3" testName="OrderHub.Integration.Tests.CustomerPersistenceTests.Concurrent_primary_address_changes_keep_one_atomic_winner" computerName="DESKTOP-5I2MT27" duration="00:00:01.1598479" startTime="2026-09-03T11:38:49.8036363-03:00" endTime="2026-09-03T11:39:05.6868389-03:00" testType="13cdc9d9-ddb5-4fa4-a97d-d965ccfc6d4b" outcome="Passed" testListId="8c84fa94-04c1-424b-9868-57a2d4851a1d" relativeResultsDirectory="20754363-b753-4ac1-8932-7702b06535db" />
    <UnitTestResult executionId="ef9b1519-1029-4a43-a37d-9c6fa791dd7d" testId="920298c3-1474-4d08-119d-561eae30fdc2" testName="OrderHub.Integration.Tests.AdministrationApiTests.Delivery_transition_obeys_role_matrix(role: Owner, allowed: True)" computerName="DESKTOP-5I2MT27" duration="00:00:00.6953049" startTime="2026-09-03T11:38:52.7507469-03:00" endTime="2026-09-03T11:38:53.4447980-03:00" testType="13cdc9d9-ddb5-4fa4-a97d-d965ccfc6d4b" outcome="Passed" testListId="8c84fa94-04c1-424b-9868-57a2d4851a1d" relativeResultsDirectory="ef9b1519-1029-4a43-a37d-9c6fa791dd7d" />
    <UnitTestResult executionId="bf538638-e147-44c4-a428-c98eb55135e1" testId="bc679aa6-0679-fb5c-95f4-6a6dba0d94f1" testName="OrderHub.Integration.Tests.CatalogApiTests.Administrative_errors_are_problem_details(error: &quot;conflict&quot;, status: Conflict)" computerName="DESKTOP-5I2MT27" duration="00:00:00.6024561" startTime="2026-09-03T11:39:05.2470112-03:00" endTime="2026-09-03T11:39:05.8475797-03:00" testType="13cdc9d9-ddb5-4fa4-a97d-d965ccfc6d4b" outcome="Passed" testListId="8c84fa94-04c1-424b-9868-57a2d4851a1d" relativeResultsDirectory="bf538638-e147-44c4-a428-c98eb55135e1" />
    <UnitTestResult executionId="82107ac9-0f53-4d01-8df1-aa45d5723ad6" testId="8c6b4536-c0e6-dcfb-2c6c-5c9cfe71002e" testName="OrderHub.Integration.Tests.AdministrationApiTests.Customer_operations_obey_role_matrix(role: Attendant, allowed: True)" computerName="DESKTOP-5I2MT27" duration="00:00:00.6428144" startTime="2026-09-03T11:38:56.7365023-03:00" endTime="2026-09-03T11:38:57.3732934-03:00" testType="13cdc9d9-ddb5-4fa4-a97d-d965ccfc6d4b" outcome="Passed" testListId="8c84fa94-04c1-424b-9868-57a2d4851a1d" relativeResultsDirectory="82107ac9-0f53-4d01-8df1-aa45d5723ad6" />
    <UnitTestResult executionId="82bddf0a-440e-4907-816a-859639577026" testId="9af3d785-f4f7-6a76-2da1-cf8263111714" testName="OrderHub.Integration.Tests.AdministrationApiTests.Customer_operations_obey_role_matrix(role: Kitchen, allowed: False)" computerName="DESKTOP-5I2MT27" duration="00:00:00.7397318" startTime="2026-09-03T11:38:57.3753677-03:00" endTime="2026-09-03T11:38:58.1137032-03:00" testType="13cdc9d9-ddb5-4fa4-a97d-d965ccfc6d4b" outcome="Passed" testListId="8c84fa94-04c1-424b-9868-57a2d4851a1d" relativeResultsDirectory="82bddf0a-440e-4907-816a-859639577026" />
    <UnitTestResult executionId="e48f2bfa-f717-463f-979d-a0d551983059" testId="a74178df-7586-5f18-9668-470f420d9d74" testName="OrderHub.Integration.Tests.CatalogPersistenceTests.Ef_and_Dapper_keep_catalogs_isolated_and_public_projection_active_only" computerName="DESKTOP-5I2MT27" duration="00:00:00.5071221" startTime="2026-09-03T11:39:12.5336758-03:00" endTime="2026-09-03T11:39:17.2203656-03:00" testType="13cdc9d9-ddb5-4fa4-a97d-d965ccfc6d4b" outcome="Passed" testListId="8c84fa94-04c1-424b-9868-57a2d4851a1d" relativeResultsDirectory="e48f2bfa-f717-463f-979d-a0d551983059" />
    <UnitTestResult executionId="89126b7e-9d49-4b37-b7d4-bd89df37cc58" testId="32f6860b-fcdb-a2bc-8a7d-1debd3df856a" testName="OrderHub.Integration.Tests.PublicOrderingApiTests.Confirmation_requires_idempotency_header_as_problem_details" computerName="DESKTOP-5I2MT27" duration="00:00:00.5843743" startTime="2026-09-03T11:38:51.4601584-03:00" endTime="2026-09-03T11:38:52.0424310-03:00" testType="13cdc9d9-ddb5-4fa4-a97d-d965ccfc6d4b" outcome="Passed" testListId="8c84fa94-04c1-424b-9868-57a2d4851a1d" relativeResultsDirectory="89126b7e-9d49-4b37-b7d4-bd89df37cc58" />
    <UnitTestResult executionId="57de203d-25e7-4490-a092-4162a6e60e0a" testId="4cc189c9-336b-2609-cdba-76e1b9862f99" testName="OrderHub.Integration.Tests.ModelConventionsTests.Tenancy_metadata_uses_expected_schema_columns_and_delete_behavior" computerName="DESKTOP-5I2MT27" duration="00:00:00.0495219" startTime="2026-09-03T11:38:51.9160375-03:00" endTime="2026-09-03T11:38:51.9512178-03:00" testType="13cdc9d9-ddb5-4fa4-a97d-d965ccfc6d4b" outcome="Passed" testListId="8c84fa94-04c1-424b-9868-57a2d4851a1d" relativeResultsDirectory="57de203d-25e7-4490-a092-4162a6e60e0a" />
    <UnitTestResult executionId="029e7758-ce7d-4ee2-9b67-e7412eabda06" testId="736aadb0-b3b7-8201-1a57-3355cb09ae5d" testName="OrderHub.Integration.Tests.ModelConventionsTests.Ordering_metadata_has_scoped_numbers_snapshots_and_concurrency" computerName="DESKTOP-5I2MT27" duration="00:00:00.0713657" startTime="2026-09-03T11:38:51.9552033-03:00" endTime="2026-09-03T11:38:52.0227126-03:00" testType="13cdc9d9-ddb5-4fa4-a97d-d965ccfc6d4b" outcome="Passed" testListId="8c84fa94-04c1-424b-9868-57a2d4851a1d" relativeResultsDirectory="029e7758-ce7d-4ee2-9b67-e7412eabda06" />
    <UnitTestResult executionId="d7385f6a-07d3-4f0a-948a-59f770a903d3" testId="bd5d25b3-a25f-7c95-a2ce-b4ca6470d7db" testName="OrderHub.Integration.Tests.OrderPersistenceTests.Concurrent_sequence_reservations_are_distinct_and_monotonic_per_establishment" computerName="DESKTOP-5I2MT27" duration="00:00:01.2086317" startTime="2026-09-03T11:38:53.0965993-03:00" endTime="2026-09-03T11:39:05.3080540-03:00" testType="13cdc9d9-ddb5-4fa4-a97d-d965ccfc6d4b" outcome="Passed" testListId="8c84fa94-04c1-424b-9868-57a2d4851a1d" relativeResultsDirectory="d7385f6a-07d3-4f0a-948a-59f770a903d3" />
    <UnitTestResult executionId="82b55162-e486-4337-a79b-e759a650c41e" testId="be622ec7-5e8d-5fbb-3590-5e56fa31def9" testName="OrderHub.Integration.Tests.AdministrationApiTests.Kitchen_transition_obeys_role_matrix(role: Admin, allowed: True)" computerName="DESKTOP-5I2MT27" duration="00:00:00.3734896" startTime="2026-09-03T11:38:59.0515356-03:00" endTime="2026-09-03T11:38:59.4229384-03:00" testType="13cdc9d9-ddb5-4fa4-a97d-d965ccfc6d4b" outcome="Passed" testListId="8c84fa94-04c1-424b-9868-57a2d4851a1d" relativeResultsDirectory="82b55162-e486-4337-a79b-e759a650c41e" />
    <UnitTestResult executionId="eb06f9be-3eb1-4f10-bfe4-9336dd84d7e2" testId="a2de8734-9d5e-1cf9-e240-f2c8c9dea2c6" testName="OrderHub.Integration.Tests.TenancyMigrationTests.Order_lifecycle_migration_upgrades_rolls_back_and_reapplies" computerName="DESKTOP-5I2MT27" duration="00:00:01.0850665" startTime="2026-09-03T11:39:13.0224343-03:00" endTime="2026-09-03T11:39:18.1453735-03:00" testType="13cdc9d9-ddb5-4fa4-a97d-d965ccfc6d4b" outcome="Passed" testListId="8c84fa94-04c1-424b-9868-57a2d4851a1d" relativeResultsDirectory="eb06f9be-3eb1-4f10-bfe4-9336dd84d7e2" />
    <UnitTestResult executionId="53f0d68f-724a-4221-a8da-fdb793675fee" testId="0311581a-f63e-b828-4af3-f2c68236e4ca" testName="OrderHub.Integration.Tests.AdministrationApiTests.Delivery_transition_obeys_role_matrix(role: Delivery, allowed: True)" computerName="DESKTOP-5I2MT27" duration="00:00:00.5627793" startTime="2026-09-03T11:38:51.2316528-03:00" endTime="2026-09-03T11:38:51.7922456-03:00" testType="13cdc9d9-ddb5-4fa4-a97d-d965ccfc6d4b" outcome="Passed" testListId="8c84fa94-04c1-424b-9868-57a2d4851a1d" relativeResultsDirectory="53f0d68f-724a-4221-a8da-fdb793675fee" />
    <UnitTestResult executionId="3fa7a7ef-08ad-4fcd-8313-253fa1e361ad" testId="5c519e53-fa95-60d3-19b4-cf4119a4efed" testName="OrderHub.Integration.Tests.CustomerPersistenceTests.Ef_and_Dapper_keep_customers_and_addresses_isolated_by_establishment" computerName="DESKTOP-5I2MT27" duration="00:00:00.5015939" startTime="2026-09-03T11:39:05.6892896-03:00" endTime="2026-09-03T11:39:11.7727083-03:00" testType="13cdc9d9-ddb5-4fa4-a97d-d965ccfc6d4b" outcome="Passed" testListId="8c84fa94-04c1-424b-9868-57a2d4851a1d" relativeResultsDirectory="3fa7a7ef-08ad-4fcd-8313-253fa1e361ad" />
    <UnitTestResult executionId="b23e9bc5-f42c-4d04-acf0-3a29f4661f4e" testId="eacc109e-b275-4ce1-310e-02b949b41d16" testName="OrderHub.Integration.Tests.TenancyMigrationTests.Coupon_management_migration_upgrades_rolls_back_and_reapplies" computerName="DESKTOP-5I2MT27" duration="00:00:00.4948376" startTime="2026-09-03T11:39:24.6680521-03:00" endTime="2026-09-03T11:39:28.0138609-03:00" testType="13cdc9d9-ddb5-4fa4-a97d-d965ccfc6d4b" outcome="Passed" testListId="8c84fa94-04c1-424b-9868-57a2d4851a1d" relativeResultsDirectory="b23e9bc5-f42c-4d04-acf0-3a29f4661f4e" />
    <UnitTestResult executionId="c53d656f-1f03-4512-a1d2-938eabdff405" testId="a34004a7-a1d7-772d-a6f3-9ec01d5d2153" testName="OrderHub.Integration.Tests.CatalogApiTests.Administrative_errors_are_problem_details(error: &quot;forbidden&quot;, status: Forbidden)" computerName="DESKTOP-5I2MT27" duration="00:00:00.7224713" startTime="2026-09-03T11:39:03.8894293-03:00" endTime="2026-09-03T11:39:04.6109977-03:00" testType="13cdc9d9-ddb5-4fa4-a97d-d965ccfc6d4b" outcome="Passed" testListId="8c84fa94-04c1-424b-9868-57a2d4851a1d" relativeResultsDirectory="c53d656f-1f03-4512-a1d2-938eabdff405" />
    <UnitTestResult executionId="701800c6-e939-4a3c-9e94-b5dedaed6b85" testId="da877cc6-ee78-f754-7c23-27622150aeeb" testName="OrderHub.Integration.Tests.AdministrationApiTests.Kitchen_transition_obeys_role_matrix(role: Delivery, allowed: False)" computerName="DESKTOP-5I2MT27" duration="00:00:00.4056167" startTime="2026-09-03T11:39:00.2445758-03:00" endTime="2026-09-03T11:39:00.6487964-03:00" testType="13cdc9d9-ddb5-4fa4-a97d-d965ccfc6d4b" outcome="Passed" testListId="8c84fa94-04c1-424b-9868-57a2d4851a1d" relativeResultsDirectory="701800c6-e939-4a3c-9e94-b5dedaed6b85" />
    <UnitTestResult executionId="f33e7e7d-0736-4fdd-b3dd-42ef19c2bdae" testId="0f4ef9d0-e561-56f1-c202-196148c41961" testName="OrderHub.Integration.Tests.AdministrationApiTests.Customer_operations_obey_role_matrix(role: Manager, allowed: True)" computerName="DESKTOP-5I2MT27" duration="00:00:00.5801590" startTime="2026-09-03T11:38:56.1516447-03:00" endTime="2026-09-03T11:38:56.7298260-03:00" testType="13cdc9d9-ddb5-4fa4-a97d-d965ccfc6d4b" outcome="Passed" testListId="8c84fa94-04c1-424b-9868-57a2d4851a1d" relativeResultsDirectory="f33e7e7d-0736-4fdd-b3dd-42ef19c2bdae" />
    <UnitTestResult executionId="f4b0c544-b5a5-4e73-aa93-602df489a410" testId="31ee3418-58f0-2466-e423-ff771d34a30e" testName="OrderHub.Integration.Tests.OrderPersistenceTests.Ef_and_Dapper_preserve_order_snapshots_totals_and_history" computerName="DESKTOP-5I2MT27" duration="00:00:00.4598293" startTime="2026-09-03T11:39:05.3133386-03:00" endTime="2026-09-03T11:39:11.4303342-03:00" testType="13cdc9d9-ddb5-4fa4-a97d-d965ccfc6d4b" outcome="Passed" testListId="8c84fa94-04c1-424b-9868-57a2d4851a1d" relativeResultsDirectory="f4b0c544-b5a5-4e73-aa93-602df489a410" />
    <UnitTestResult executionId="6f55c0b7-38af-4e91-9609-518f9f8483c4" testId="20001cab-be0c-797b-0765-9553cc525e0b" testName="OrderHub.Integration.Tests.ModelConventionsTests.Catalog_metadata_has_scoped_keys_constraints_and_restrictive_links" computerName="DESKTOP-5I2MT27" duration="00:00:02.1808093" startTime="2026-09-03T11:38:49.8035444-03:00" endTime="2026-09-03T11:38:51.9015861-03:00" testType="13cdc9d9-ddb5-4fa4-a97d-d965ccfc6d4b" outcome="Passed" testListId="8c84fa94-04c1-424b-9868-57a2d4851a1d" relativeResultsDirectory="6f55c0b7-38af-4e91-9609-518f9f8483c4" />
    <UnitTestResult executionId="af269be0-aa0c-40d0-a1ed-7bb9f6981e2d" testId="ce9978e8-39ca-b1b4-a814-57c5a8dfda4d" testName="OrderHub.Integration.Tests.PublicOrderingApiTests.Confirmation_contract_has_no_client_price_or_tenant_authority" computerName="DESKTOP-5I2MT27" duration="00:00:01.0822633" startTime="2026-09-03T11:38:49.8036150-03:00" endTime="2026-09-03T11:38:50.8413207-03:00" testType="13cdc9d9-ddb5-4fa4-a97d-d965ccfc6d4b" outcome="Passed" testListId="8c84fa94-04c1-424b-9868-57a2d4851a1d" relativeResultsDirectory="af269be0-aa0c-40d0-a1ed-7bb9f6981e2d" />
    <UnitTestResult executionId="e98af751-92db-4d48-b390-806b7b332f50" testId="6c0f8c6b-ac8e-c984-eebc-48975e0498fc" testName="OrderHub.Integration.Tests.AdministrationApiTests.Coupon_management_obeys_role_matrix(role: Kitchen, allowed: False)" computerName="DESKTOP-5I2MT27" duration="00:00:00.6158711" startTime="2026-09-03T11:39:02.8377982-03:00" endTime="2026-09-03T11:39:03.4523345-03:00" testType="13cdc9d9-ddb5-4fa4-a97d-d965ccfc6d4b" outcome="Passed" testListId="8c84fa94-04c1-424b-9868-57a2d4851a1d" relativeResultsDirectory="e98af751-92db-4d48-b390-806b7b332f50" />
    <UnitTestResult executionId="244f3afb-0549-4e1a-82cd-5596aee3a0f6" testId="343e7a5a-e064-2cdc-c1cf-0edefb1bf664" testName="OrderHub.Integration.Tests.CatalogApiTests.Administrative_catalog_requires_authentication" computerName="DESKTOP-5I2MT27" duration="00:00:00.5724521" startTime="2026-09-03T11:39:06.4272425-03:00" endTime="2026-09-03T11:39:06.9980696-03:00" testType="13cdc9d9-ddb5-4fa4-a97d-d965ccfc6d4b" outcome="Passed" testListId="8c84fa94-04c1-424b-9868-57a2d4851a1d" relativeResultsDirectory="244f3afb-0549-4e1a-82cd-5596aee3a0f6" />
    <UnitTestResult executionId="37e86436-0c7c-4ff9-a8e5-6b96f0914cc9" testId="d7a46417-2b36-5bb8-36ca-d70311f28774" testName="OrderHub.Integration.Tests.AdministrationApiTests.Coupon_management_obeys_role_matrix(role: Manager, allowed: True)" computerName="DESKTOP-5I2MT27" duration="00:00:00.5612203" startTime="2026-09-03T11:39:03.4542845-03:00" endTime="2026-09-03T11:39:04.0140474-03:00" testType="13cdc9d9-ddb5-4fa4-a97d-d965ccfc6d4b" outcome="Passed" testListId="8c84fa94-04c1-424b-9868-57a2d4851a1d" relativeResultsDirectory="37e86436-0c7c-4ff9-a8e5-6b96f0914cc9" />
    <UnitTestResult executionId="c22f5a47-2e1e-4bb4-8f8c-e38b6c45eba6" testId="8668b9c1-1529-0edb-17d4-d200981c8303" testName="OrderHub.Integration.Tests.AdministrationApiTests.Kitchen_transition_obeys_role_matrix(role: Attendant, allowed: False)" computerName="DESKTOP-5I2MT27" duration="00:00:00.3982030" startTime="2026-09-03T11:38:59.4248235-03:00" endTime="2026-09-03T11:38:59.8215399-03:00" testType="13cdc9d9-ddb5-4fa4-a97d-d965ccfc6d4b" outcome="Passed" testListId="8c84fa94-04c1-424b-9868-57a2d4851a1d" relativeResultsDirectory="c22f5a47-2e1e-4bb4-8f8c-e38b6c45eba6" />
    <UnitTestResult executionId="48260d3b-73ad-4cff-9d8e-3ed79cbb4ecd" testId="3008a9cc-211e-bafc-cff4-4ef3d140dd80" testName="OrderHub.Integration.Tests.AdministrationApiTests.Delivery_transition_obeys_role_matrix(role: Attendant, allowed: False)" computerName="DESKTOP-5I2MT27" duration="00:00:00.4469450" startTime="2026-09-03T11:38:52.3036864-03:00" endTime="2026-09-03T11:38:52.7489112-03:00" testType="13cdc9d9-ddb5-4fa4-a97d-d965ccfc6d4b" outcome="Passed" testListId="8c84fa94-04c1-424b-9868-57a2d4851a1d" relativeResultsDirectory="48260d3b-73ad-4cff-9d8e-3ed79cbb4ecd" />
    <UnitTestResult executionId="5af86e7d-6706-4d6f-a536-624e13f10766" testId="49c9c481-2621-aafb-0686-e95506673abc" testName="OrderHub.Integration.Tests.CatalogPersistenceTests.Repository_translates_duplicate_product_code_to_conflict" computerName="DESKTOP-5I2MT27" duration="00:00:01.8257644" startTime="2026-09-03T11:38:49.8011365-03:00" endTime="2026-09-03T11:39:05.1616014-03:00" testType="13cdc9d9-ddb5-4fa4-a97d-d965ccfc6d4b" outcome="Passed" testListId="8c84fa94-04c1-424b-9868-57a2d4851a1d" relativeResultsDirectory="5af86e7d-6706-4d6f-a536-624e13f10766" />
    <UnitTestResult executionId="d60a5589-8219-42ec-9bff-9fb58967dd36" testId="0cb8f215-4f12-f1da-df54-f054b077a652" testName="OrderHub.Integration.Tests.AdministrationApiTests.Delivery_transition_obeys_role_matrix(role: Admin, allowed: True)" computerName="DESKTOP-5I2MT27" duration="00:00:00.6532540" startTime="2026-09-03T11:38:53.4478163-03:00" endTime="2026-09-03T11:38:54.0986188-03:00" testType="13cdc9d9-ddb5-4fa4-a97d-d965ccfc6d4b" outcome="Passed" testListId="8c84fa94-04c1-424b-9868-57a2d4851a1d" relativeResultsDirectory="d60a5589-8219-42ec-9bff-9fb58967dd36" />
    <UnitTestResult executionId="b2deba4b-d466-48ea-8261-460e2e154e77" testId="9f84078c-e81f-8e27-4e11-3d1f4dd87675" testName="OrderHub.Integration.Tests.AdministrationApiTests.Customer_operations_obey_role_matrix(role: Admin, allowed: True)" computerName="DESKTOP-5I2MT27" duration="00:00:00.6843056" startTime="2026-09-03T11:38:55.4648096-03:00" endTime="2026-09-03T11:38:56.1491439-03:00" testType="13cdc9d9-ddb5-4fa4-a97d-d965ccfc6d4b" outcome="Passed" testListId="8c84fa94-04c1-424b-9868-57a2d4851a1d" relativeResultsDirectory="b2deba4b-d466-48ea-8261-460e2e154e77" />
    <UnitTestResult executionId="c90ca429-3111-4eb8-a581-82fa7495b3ca" testId="dcb42c9b-6f7f-5890-d089-c81ce2564481" testName="OrderHub.Integration.Tests.OpenApiExposureTests.OpenApi_and_Swagger_UI_are_not_available_outside_development" computerName="DESKTOP-5I2MT27" duration="00:00:01.0599121" startTime="2026-09-03T11:38:49.8034542-03:00" endTime="2026-09-03T11:38:50.8042735-03:00" testType="13cdc9d9-ddb5-4fa4-a97d-d965ccfc6d4b" outcome="Passed" testListId="8c84fa94-04c1-424b-9868-57a2d4851a1d" relativeResultsDirectory="c90ca429-3111-4eb8-a581-82fa7495b3ca" />
    <UnitTestResult executionId="2620c682-034a-4b44-a087-8a42c82ce8c5" testId="e0093778-3b9f-cd0b-2546-b9e1993e7df7" testName="OrderHub.Integration.Tests.CatalogApiTests.Missing_public_catalog_uses_standard_problem_details" computerName="DESKTOP-5I2MT27" duration="00:00:00.5765614" startTime="2026-09-03T11:39:05.8503588-03:00" endTime="2026-09-03T11:39:06.4248692-03:00" testType="13cdc9d9-ddb5-4fa4-a97d-d965ccfc6d4b" outcome="Passed" testListId="8c84fa94-04c1-424b-9868-57a2d4851a1d" relativeResultsDirectory="2620c682-034a-4b44-a087-8a42c82ce8c5" />
    <UnitTestResult executionId="ff303af0-9a7e-4ae3-a102-55dd9c628ef7" testId="28776393-96ad-2d42-a46c-e733e75c523a" testName="OrderHub.Integration.Tests.CouponPersistenceTests.Only_one_concurrent_confirmation_consumes_last_use_and_loser_remains_draft" computerName="DESKTOP-5I2MT27" duration="00:00:02.2119765" startTime="2026-09-03T11:38:49.8035168-03:00" endTime="2026-09-03T11:39:05.9959234-03:00" testType="13cdc9d9-ddb5-4fa4-a97d-d965ccfc6d4b" outcome="Passed" testListId="8c84fa94-04c1-424b-9868-57a2d4851a1d" relativeResultsDirectory="ff303af0-9a7e-4ae3-a102-55dd9c628ef7" />
    <UnitTestResult executionId="2d9539fe-80f3-4e45-8a23-ad066326c853" testId="1c14673c-ebea-5257-1ec5-85dc6922812b" testName="OrderHub.Integration.Tests.CustomerPersistenceTests.Database_allows_same_phone_in_other_unit_and_rejects_duplicate_in_same_unit" computerName="DESKTOP-5I2MT27" duration="00:00:00.4492901" startTime="2026-09-03T11:39:11.7742235-03:00" endTime="2026-09-03T11:39:15.3301176-03:00" testType="13cdc9d9-ddb5-4fa4-a97d-d965ccfc6d4b" outcome="Passed" testListId="8c84fa94-04c1-424b-9868-57a2d4851a1d" relativeResultsDirectory="2d9539fe-80f3-4e45-8a23-ad066326c853" />
    <UnitTestResult executionId="0aeec01b-9387-49e9-8926-435142a736b3" testId="715a83b5-6acf-0fd4-41a1-0c9e5a54528c" testName="OrderHub.Integration.Tests.CouponPersistenceTests.Code_is_unique_per_establishment_and_Dapper_is_tenant_scoped" computerName="DESKTOP-5I2MT27" duration="00:00:00.5431594" startTime="2026-09-03T11:39:05.9983488-03:00" endTime="2026-09-03T11:39:12.1001814-03:00" testType="13cdc9d9-ddb5-4fa4-a97d-d965ccfc6d4b" outcome="Passed" testListId="8c84fa94-04c1-424b-9868-57a2d4851a1d" relativeResultsDirectory="0aeec01b-9387-49e9-8926-435142a736b3" />
    <UnitTestResult executionId="2dfbba4a-650e-4626-8bc6-17e61ed6f2a0" testId="c6f3f74a-7695-96c3-0ac3-3b7135186241" testName="OrderHub.Integration.Tests.AdministrationApiTests.Delivery_transition_obeys_role_matrix(role: Manager, allowed: True)" computerName="DESKTOP-5I2MT27" duration="00:00:00.6476876" startTime="2026-09-03T11:38:54.1019677-03:00" endTime="2026-09-03T11:38:54.7482847-03:00" testType="13cdc9d9-ddb5-4fa4-a97d-d965ccfc6d4b" outcome="Passed" testListId="8c84fa94-04c1-424b-9868-57a2d4851a1d" relativeResultsDirectory="2dfbba4a-650e-4626-8bc6-17e61ed6f2a0" />
    <UnitTestResult executionId="62878d1a-ee92-45f4-a6ce-6bb7a0c8eee2" testId="5045c560-0ff1-c507-ea11-c8c562ee5011" testName="OrderHub.Integration.Tests.ModelConventionsTests.Customer_metadata_has_scoped_contact_and_single_primary_constraints" computerName="DESKTOP-5I2MT27" duration="00:00:00.0021192" startTime="2026-09-03T11:38:52.0269409-03:00" endTime="2026-09-03T11:38:52.0273136-03:00" testType="13cdc9d9-ddb5-4fa4-a97d-d965ccfc6d4b" outcome="Passed" testListId="8c84fa94-04c1-424b-9868-57a2d4851a1d" relativeResultsDirectory="62878d1a-ee92-45f4-a6ce-6bb7a0c8eee2" />
    <UnitTestResult executionId="ea70fbdf-349f-4432-8b27-498ea35e6018" testId="5f599e2e-6672-3c85-94cb-0bbe046df154" testName="OrderHub.Integration.Tests.AdministrationApiTests.Delivery_transition_obeys_role_matrix(role: Kitchen, allowed: False)" computerName="DESKTOP-5I2MT27" duration="00:00:00.5088279" startTime="2026-09-03T11:38:51.7951627-03:00" endTime="2026-09-03T11:38:52.3015285-03:00" testType="13cdc9d9-ddb5-4fa4-a97d-d965ccfc6d4b" outcome="Passed" testListId="8c84fa94-04c1-424b-9868-57a2d4851a1d" relativeResultsDirectory="ea70fbdf-349f-4432-8b27-498ea35e6018" />
    <UnitTestResult executionId="f728897c-0608-4d6d-afd7-ab55050aa42f" testId="dd952674-bf53-0939-275c-516d4751956f" testName="OrderHub.Integration.Tests.ApiFoundationTests.Health_endpoint_is_available" computerName="DESKTOP-5I2MT27" duration="00:00:00.0140846" startTime="2026-09-03T11:38:50.8943040-03:00" endTime="2026-09-03T11:38:50.9054662-03:00" testType="13cdc9d9-ddb5-4fa4-a97d-d965ccfc6d4b" outcome="Passed" testListId="8c84fa94-04c1-424b-9868-57a2d4851a1d" relativeResultsDirectory="f728897c-0608-4d6d-afd7-ab55050aa42f" />
    <UnitTestResult executionId="7477a8f3-1d42-40f6-9505-62091c162884" testId="1bf98bc6-485b-1926-8fa9-fb980dbe56bc" testName="OrderHub.Integration.Tests.TenancyMigrationTests.Order_payments_migration_upgrades_rolls_back_and_reapplies" computerName="DESKTOP-5I2MT27" duration="00:00:02.5862411" startTime="2026-09-03T11:38:49.8035926-03:00" endTime="2026-09-03T11:39:06.0532619-03:00" testType="13cdc9d9-ddb5-4fa4-a97d-d965ccfc6d4b" outcome="Passed" testListId="8c84fa94-04c1-424b-9868-57a2d4851a1d" relativeResultsDirectory="7477a8f3-1d42-40f6-9505-62091c162884" />
    <UnitTestResult executionId="2a7fccb8-597e-4465-a121-8a909407921c" testId="36d485a6-3642-eec7-766b-22095bf4393c" testName="OrderHub.Integration.Tests.PublicOrderingApiTests.OpenApi_contains_public_ordering_routes_and_contracts" computerName="DESKTOP-5I2MT27" duration="00:00:00.5409326" startTime="2026-09-03T11:38:52.5555855-03:00" endTime="2026-09-03T11:38:53.0939454-03:00" testType="13cdc9d9-ddb5-4fa4-a97d-d965ccfc6d4b" outcome="Passed" testListId="8c84fa94-04c1-424b-9868-57a2d4851a1d" relativeResultsDirectory="2a7fccb8-597e-4465-a121-8a909407921c" />
    <UnitTestResult executionId="54523bca-6cb8-4181-af44-e97ca5fa64d7" testId="71ef6a05-5fd4-595f-a32b-ad241af70644" testName="OrderHub.Integration.Tests.ApiFoundationTests.Correlation_id_is_preserved_in_response" computerName="DESKTOP-5I2MT27" duration="00:00:00.0449131" startTime="2026-09-03T11:38:50.8688149-03:00" endTime="2026-09-03T11:38:50.8906881-03:00" testType="13cdc9d9-ddb5-4fa4-a97d-d965ccfc6d4b" outcome="Passed" testListId="8c84fa94-04c1-424b-9868-57a2d4851a1d" relativeResultsDirectory="54523bca-6cb8-4181-af44-e97ca5fa64d7" />
    <UnitTestResult executionId="f3eb1fdb-b454-4e3a-84b2-ef1154fb7ab0" testId="24c44e29-bb9a-23a1-7e46-09f668d14607" testName="OrderHub.Integration.Tests.PublicOrderingPersistenceTests.Idempotency_key_is_scoped_by_establishment" computerName="DESKTOP-5I2MT27" duration="00:00:01.7422685" startTime="2026-09-03T11:38:52.0315755-03:00" endTime="2026-09-03T11:39:05.5269239-03:00" testType="13cdc9d9-ddb5-4fa4-a97d-d965ccfc6d4b" outcome="Passed" testListId="8c84fa94-04c1-424b-9868-57a2d4851a1d" relativeResultsDirectory="f3eb1fdb-b454-4e3a-84b2-ef1154fb7ab0" />
    <UnitTestResult executionId="2fda592d-2fcd-4294-9b90-de4f259a64a8" testId="47bbb92e-31d7-68bc-b508-ea21fab43e38" testName="OrderHub.Integration.Tests.TenancyMigrationTests.Public_ordering_migration_upgrades_rolls_back_and_reapplies" computerName="DESKTOP-5I2MT27" duration="00:00:00.3781539" startTime="2026-09-03T11:39:18.1467519-03:00" endTime="2026-09-03T11:39:21.4407467-03:00" testType="13cdc9d9-ddb5-4fa4-a97d-d965ccfc6d4b" outcome="Passed" testListId="8c84fa94-04c1-424b-9868-57a2d4851a1d" relativeResultsDirectory="2fda592d-2fcd-4294-9b90-de4f259a64a8" />
    <UnitTestResult executionId="1478c0d3-16a7-419c-b685-d737e74f91d5" testId="038e5073-99c3-08f6-e107-3c4ebbebc329" testName="OrderHub.Integration.Tests.AdministrationApiTests.Customer_operations_obey_role_matrix(role: Owner, allowed: True)" computerName="DESKTOP-5I2MT27" duration="00:00:00.7130429" startTime="2026-09-03T11:38:54.7507841-03:00" endTime="2026-09-03T11:38:55.4621493-03:00" testType="13cdc9d9-ddb5-4fa4-a97d-d965ccfc6d4b" outcome="Passed" testListId="8c84fa94-04c1-424b-9868-57a2d4851a1d" relativeResultsDirectory="1478c0d3-16a7-419c-b685-d737e74f91d5" />
    <UnitTestResult executionId="accb4317-9601-446f-83a1-26c92d5ea3d5" testId="f205f437-9d88-1b9e-cecb-63559c9fb416" testName="OrderHub.Integration.Tests.CatalogPersistenceTests.Database_rejects_duplicate_code_and_cross_unit_relations" computerName="DESKTOP-5I2MT27" duration="00:00:00.4742478" startTime="2026-09-03T11:39:05.1648382-03:00" endTime="2026-09-03T11:39:12.5323418-03:00" testType="13cdc9d9-ddb5-4fa4-a97d-d965ccfc6d4b" outcome="Passed" testListId="8c84fa94-04c1-424b-9868-57a2d4851a1d" relativeResultsDirectory="accb4317-9601-446f-83a1-26c92d5ea3d5" />
    <UnitTestResult executionId="c3b8d614-182f-4ac6-b1d4-9230c1f1be85" testId="0a2feb50-c2a0-3195-b45a-3d8681eb0aec" testName="OrderHub.Integration.Tests.AdministrationApiTests.Administrative_routes_and_explicit_contracts_are_in_openapi" computerName="DESKTOP-5I2MT27" duration="00:00:01.4519785" startTime="2026-09-03T11:38:49.8060701-03:00" endTime="2026-09-03T11:38:51.2289238-03:00" testType="13cdc9d9-ddb5-4fa4-a97d-d965ccfc6d4b" outcome="Passed" testListId="8c84fa94-04c1-424b-9868-57a2d4851a1d" relativeResultsDirectory="c3b8d614-182f-4ac6-b1d4-9230c1f1be85" />
    <UnitTestResult executionId="a06a850f-dca0-4c50-988d-1f9450f49477" testId="196ee092-b0b3-6f93-2edc-76e8c4fe6c66" testName="OrderHub.Integration.Tests.IdentityPersistenceTests.Access_gateway_observes_explicit_active_same_tenant_association" computerName="DESKTOP-5I2MT27" duration="00:00:01.1888513" startTime="2026-09-03T11:38:49.8036781-03:00" endTime="2026-09-03T11:39:05.5962308-03:00" testType="13cdc9d9-ddb5-4fa4-a97d-d965ccfc6d4b" outcome="Passed" testListId="8c84fa94-04c1-424b-9868-57a2d4851a1d" relativeResultsDirectory="a06a850f-dca0-4c50-988d-1f9450f49477" />
    <UnitTestResult executionId="c27024ca-7e82-4ed1-b759-ad56ee11f1ee" testId="19ac5c30-46c9-fcc7-4870-ce24df94f797" testName="OrderHub.Integration.Tests.OperationsPersistenceTests.Qr_requires_matching_slug_and_token_and_hours_are_unit_scoped" computerName="DESKTOP-5I2MT27" duration="00:00:01.5061610" startTime="2026-09-03T11:38:50.9335341-03:00" endTime="2026-09-03T11:39:05.1122646-03:00" testType="13cdc9d9-ddb5-4fa4-a97d-d965ccfc6d4b" outcome="Passed" testListId="8c84fa94-04c1-424b-9868-57a2d4851a1d" relativeResultsDirectory="c27024ca-7e82-4ed1-b759-ad56ee11f1ee" />
    <UnitTestResult executionId="78705784-35ca-4fdf-89b0-12a7b5d0a59e" testId="2510c1cf-d0fc-f6c2-10f0-b258d361bf8d" testName="OrderHub.Integration.Tests.OpenApiExposureTests.OpenApi_and_Swagger_UI_are_available_in_development" computerName="DESKTOP-5I2MT27" duration="00:00:00.6582851" startTime="2026-09-03T11:38:50.8614331-03:00" endTime="2026-09-03T11:38:51.4665666-03:00" testType="13cdc9d9-ddb5-4fa4-a97d-d965ccfc6d4b" outcome="Passed" testListId="8c84fa94-04c1-424b-9868-57a2d4851a1d" relativeResultsDirectory="78705784-35ca-4fdf-89b0-12a7b5d0a59e" />
    <UnitTestResult executionId="b84576fa-98f4-4354-9ee2-ebaf3491f418" testId="9cc7151e-10f1-27a3-2c1c-6598f347ac37" testName="OrderHub.Integration.Tests.TenancyMigrationTests.Initial_tenancy_migration_applies_and_rolls_back_on_empty_database" computerName="DESKTOP-5I2MT27" duration="00:00:00.4977801" startTime="2026-09-03T11:39:31.5047798-03:00" endTime="2026-09-03T11:39:34.8283429-03:00" testType="13cdc9d9-ddb5-4fa4-a97d-d965ccfc6d4b" outcome="Passed" testListId="8c84fa94-04c1-424b-9868-57a2d4851a1d" relativeResultsDirectory="b84576fa-98f4-4354-9ee2-ebaf3491f418" />
    <UnitTestResult executionId="f1e16182-7c91-4fca-b73e-b57302fb783b" testId="b44b36a3-164a-95a8-9304-bdfe2ffe8a55" testName="OrderHub.Integration.Tests.AdministrationApiTests.Kitchen_transition_obeys_role_matrix(role: Kitchen, allowed: True)" computerName="DESKTOP-5I2MT27" duration="00:00:00.4208845" startTime="2026-09-03T11:38:59.8232232-03:00" endTime="2026-09-03T11:39:00.2428108-03:00" testType="13cdc9d9-ddb5-4fa4-a97d-d965ccfc6d4b" outcome="Passed" testListId="8c84fa94-04c1-424b-9868-57a2d4851a1d" relativeResultsDirectory="f1e16182-7c91-4fca-b73e-b57302fb783b" />
    <UnitTestResult executionId="3c35dc2b-e957-4be8-942a-81ab21227234" testId="e078d07d-88ed-4674-cf1d-f85e01684cb1" testName="OrderHub.Integration.Tests.AdministrationApiTests.Coupon_management_obeys_role_matrix(role: Owner, allowed: True)" computerName="DESKTOP-5I2MT27" duration="00:00:00.4258294" startTime="2026-09-03T11:39:02.4114806-03:00" endTime="2026-09-03T11:39:02.8360406-03:00" testType="13cdc9d9-ddb5-4fa4-a97d-d965ccfc6d4b" outcome="Passed" testListId="8c84fa94-04c1-424b-9868-57a2d4851a1d" relativeResultsDirectory="3c35dc2b-e957-4be8-942a-81ab21227234" />
    <UnitTestResult executionId="1dd938a1-48f8-4d94-8e56-02482d597d60" testId="6a1a73d0-dc95-5697-bfed-64936bb43608" testName="OrderHub.Integration.Tests.AdministrationApiTests.Kitchen_transition_obeys_role_matrix(role: Owner, allowed: True)" computerName="DESKTOP-5I2MT27" duration="00:00:00.4791727" startTime="2026-09-03T11:39:00.6512764-03:00" endTime="2026-09-03T11:39:01.1285489-03:00" testType="13cdc9d9-ddb5-4fa4-a97d-d965ccfc6d4b" outcome="Passed" testListId="8c84fa94-04c1-424b-9868-57a2d4851a1d" relativeResultsDirectory="1dd938a1-48f8-4d94-8e56-02482d597d60" />
    <UnitTestResult executionId="1001d07d-ce6a-4b2a-aa2a-284bbd8c99b6" testId="944f60dd-3d77-4b65-bd90-de546d1f9fa7" testName="OrderHub.Integration.Tests.TenancyPersistenceTests.Ef_write_and_dapper_read_enforce_tenant_and_active_public_scope" computerName="DESKTOP-5I2MT27" duration="00:00:01.3944072" startTime="2026-09-03T11:38:49.8072973-03:00" endTime="2026-09-03T11:39:05.3795783-03:00" testType="13cdc9d9-ddb5-4fa4-a97d-d965ccfc6d4b" outcome="Passed" testListId="8c84fa94-04c1-424b-9868-57a2d4851a1d" relativeResultsDirectory="1001d07d-ce6a-4b2a-aa2a-284bbd8c99b6" />
    <UnitTestResult executionId="21e8cd4a-39e6-40db-9485-d5cc5f914160" testId="f1da1987-e357-8287-5fae-38d4162a339a" testName="OrderHub.Integration.Tests.PublicOrderingApiTests.Invalid_public_reference_returns_problem_details_without_lookup" computerName="DESKTOP-5I2MT27" duration="00:00:00.6382487" startTime="2026-09-03T11:38:50.8649006-03:00" endTime="2026-09-03T11:38:51.4576308-03:00" testType="13cdc9d9-ddb5-4fa4-a97d-d965ccfc6d4b" outcome="Passed" testListId="8c84fa94-04c1-424b-9868-57a2d4851a1d" relativeResultsDirectory="21e8cd4a-39e6-40db-9485-d5cc5f914160" />
    <UnitTestResult executionId="8e8657a4-cb75-47f8-a4ec-901e3eed625b" testId="7bdfeb7b-7102-32cb-8a63-16dad8a68c04" testName="OrderHub.Integration.Tests.PublicOrderingPersistenceTests.Failed_public_confirmation_rolls_back_saved_order" computerName="DESKTOP-5I2MT27" duration="00:00:00.3770718" startTime="2026-09-03T11:39:05.5303860-03:00" endTime="2026-09-03T11:39:11.5528593-03:00" testType="13cdc9d9-ddb5-4fa4-a97d-d965ccfc6d4b" outcome="Passed" testListId="8c84fa94-04c1-424b-9868-57a2d4851a1d" relativeResultsDirectory="8e8657a4-cb75-47f8-a4ec-901e3eed625b" />
    <UnitTestResult executionId="91ed3c27-6c95-4de5-9ad2-75c14dfc2860" testId="8741c69d-de3d-4b55-b8cd-3a81800acc85" testName="OrderHub.Integration.Tests.AdministrationApiTests.Cross_unit_scope_is_forbidden_as_problem_details" computerName="DESKTOP-5I2MT27" duration="00:00:00.7058859" startTime="2026-09-03T11:39:04.0172627-03:00" endTime="2026-09-03T11:39:04.7204569-03:00" testType="13cdc9d9-ddb5-4fa4-a97d-d965ccfc6d4b" outcome="Passed" testListId="8c84fa94-04c1-424b-9868-57a2d4851a1d" relativeResultsDirectory="91ed3c27-6c95-4de5-9ad2-75c14dfc2860" />
    <UnitTestResult executionId="5ec433f1-5baf-4c08-92f9-4289fbc3e6ce" testId="8bb3be91-7102-54f1-caeb-f18e65fd2a7b" testName="OrderHub.Integration.Tests.ModelConventionsTests.Coupon_metadata_has_scoped_code_usage_and_concurrency_constraints" computerName="DESKTOP-5I2MT27" duration="00:00:00.0018213" startTime="2026-09-03T11:38:52.0291454-03:00" endTime="2026-09-03T11:38:52.0292271-03:00" testType="13cdc9d9-ddb5-4fa4-a97d-d965ccfc6d4b" outcome="Passed" testListId="8c84fa94-04c1-424b-9868-57a2d4851a1d" relativeResultsDirectory="5ec433f1-5baf-4c08-92f9-4289fbc3e6ce" />
    <UnitTestResult executionId="f17678af-0fd6-4e3c-885d-107aac71bb61" testId="3f815fe9-05de-7e3a-df80-bd211b246a63" testName="OrderHub.Integration.Tests.AdministrationApiTests.Customer_operations_obey_role_matrix(role: Delivery, allowed: False)" computerName="DESKTOP-5I2MT27" duration="00:00:00.5233858" startTime="2026-09-03T11:38:58.1157857-03:00" endTime="2026-09-03T11:38:58.6375242-03:00" testType="13cdc9d9-ddb5-4fa4-a97d-d965ccfc6d4b" outcome="Passed" testListId="8c84fa94-04c1-424b-9868-57a2d4851a1d" relativeResultsDirectory="f17678af-0fd6-4e3c-885d-107aac71bb61" />
    <UnitTestResult executionId="3b813cfe-3f17-4811-aa67-9d3333538814" testId="dfd82172-4397-7a6c-02fe-ba64c66916cd" testName="OrderHub.Integration.Tests.CatalogApiTests.Manager_can_dispatch_administrative_catalog_command" computerName="DESKTOP-5I2MT27" duration="00:00:00.5983910" startTime="2026-09-03T11:39:07.0002336-03:00" endTime="2026-09-03T11:39:07.5974270-03:00" testType="13cdc9d9-ddb5-4fa4-a97d-d965ccfc6d4b" outcome="Passed" testListId="8c84fa94-04c1-424b-9868-57a2d4851a1d" relativeResultsDirectory="3b813cfe-3f17-4811-aa67-9d3333538814" />
    <UnitTestResult executionId="ca774a75-a168-42e2-bf72-f9b1929f2a27" testId="214e62af-e1c3-6b30-4bd2-8d679b2108e9" testName="OrderHub.Integration.Tests.TenancyMigrationTests.Customer_records_migration_upgrades_rolls_back_and_reapplies" computerName="DESKTOP-5I2MT27" duration="00:00:00.5872203" startTime="2026-09-03T11:39:28.0152277-03:00" endTime="2026-09-03T11:39:31.5034677-03:00" testType="13cdc9d9-ddb5-4fa4-a97d-d965ccfc6d4b" outcome="Passed" testListId="8c84fa94-04c1-424b-9868-57a2d4851a1d" relativeResultsDirectory="ca774a75-a168-42e2-bf72-f9b1929f2a27" />
    <UnitTestResult executionId="6650f57d-1a87-406c-809c-7bebb6008651" testId="4fe09273-c14e-3aa9-5cc5-451884c02e55" testName="OrderHub.Integration.Tests.AdministrationApiTests.Coupon_management_obeys_role_matrix(role: Admin, allowed: True)" computerName="DESKTOP-5I2MT27" duration="00:00:00.4207116" startTime="2026-09-03T11:39:01.1312135-03:00" endTime="2026-09-03T11:39:01.5498385-03:00" testType="13cdc9d9-ddb5-4fa4-a97d-d965ccfc6d4b" outcome="Passed" testListId="8c84fa94-04c1-424b-9868-57a2d4851a1d" relativeResultsDirectory="6650f57d-1a87-406c-809c-7bebb6008651" />
    <UnitTestResult executionId="37ebe865-49db-4bdd-8ccd-302a7294334c" testId="a2ae4f74-edc1-d7ce-11df-82d1524c7f65" testName="OrderHub.Integration.Tests.AdministrationApiTests.Kitchen_transition_obeys_role_matrix(role: Manager, allowed: True)" computerName="DESKTOP-5I2MT27" duration="00:00:00.4108990" startTime="2026-09-03T11:38:58.6396647-03:00" endTime="2026-09-03T11:38:59.0490479-03:00" testType="13cdc9d9-ddb5-4fa4-a97d-d965ccfc6d4b" outcome="Passed" testListId="8c84fa94-04c1-424b-9868-57a2d4851a1d" relativeResultsDirectory="37ebe865-49db-4bdd-8ccd-302a7294334c" />
    <UnitTestResult executionId="f886575c-30c3-4405-8c48-0e0e3e6ccd7c" testId="5ad2ed3f-f7da-ea37-1605-cc9481ea1b6d" testName="OrderHub.Integration.Tests.PaymentPersistenceTests.Concurrent_confirmations_are_serialized_and_idempotent_against_authoritative_total" computerName="DESKTOP-5I2MT27" duration="00:00:02.4291805" startTime="2026-09-03T11:38:51.4709718-03:00" endTime="2026-09-03T11:39:05.8397245-03:00" testType="13cdc9d9-ddb5-4fa4-a97d-d965ccfc6d4b" outcome="Passed" testListId="8c84fa94-04c1-424b-9868-57a2d4851a1d" relativeResultsDirectory="f886575c-30c3-4405-8c48-0e0e3e6ccd7c" />
    <UnitTestResult executionId="9a91cc4a-c8fd-407a-a3d2-bb56ef32e836" testId="92d6633a-9bb1-4dd1-9afa-0b989075cec7" testName="OrderHub.Integration.Tests.TenancyMigrationTests.Product_catalog_migration_upgrades_rolls_back_and_reapplies" computerName="DESKTOP-5I2MT27" duration="00:00:01.4645660" startTime="2026-09-03T11:39:06.0574241-03:00" endTime="2026-09-03T11:39:13.0205629-03:00" testType="13cdc9d9-ddb5-4fa4-a97d-d965ccfc6d4b" outcome="Passed" testListId="8c84fa94-04c1-424b-9868-57a2d4851a1d" relativeResultsDirectory="9a91cc4a-c8fd-407a-a3d2-bb56ef32e836" />
    <UnitTestResult executionId="fa33b089-d884-470a-a213-52bcfdd07a4a" testId="f7637013-9573-d1c5-1a70-f88f9427f9d3" testName="OrderHub.Integration.Tests.ModelConventionsTests.Payment_metadata_has_scoped_codes_idempotency_and_concurrency" computerName="DESKTOP-5I2MT27" duration="00:00:00.0023494" startTime="2026-09-03T11:38:52.0251145-03:00" endTime="2026-09-03T11:38:52.0251887-03:00" testType="13cdc9d9-ddb5-4fa4-a97d-d965ccfc6d4b" outcome="Passed" testListId="8c84fa94-04c1-424b-9868-57a2d4851a1d" relativeResultsDirectory="fa33b089-d884-470a-a213-52bcfdd07a4a" />
  </Results>
  <TestDefinitions>
    <UnitTest name="OrderHub.Integration.Tests.CouponPersistenceTests.Code_is_unique_per_establishment_and_Dapper_is_tenant_scoped" storage="c:\users\marco\source\repos\orderhub\tests\orderhub.integration.tests\bin\debug\net10.0\orderhub.integration.tests.dll" id="715a83b5-6acf-0fd4-41a1-0c9e5a54528c">
      <Execution id="0aeec01b-9387-49e9-8926-435142a736b3" />
      <TestMethod codeBase="C:\Users\marco\source\repos\OrderHub\tests\OrderHub.Integration.Tests\bin\Debug\net10.0\OrderHub.Integration.Tests.dll" adapterTypeName="executor://xunit/VsTestRunner3/netcore/" className="OrderHub.Integration.Tests.CouponPersistenceTests" name="Code_is_unique_per_establishment_and_Dapper_is_tenant_scoped" />
    </UnitTest>
    <UnitTest name="OrderHub.Integration.Tests.AdministrationApiTests.Kitchen_transition_obeys_role_matrix(role: Delivery, allowed: False)" storage="c:\users\marco\source\repos\orderhub\tests\orderhub.integration.tests\bin\debug\net10.0\orderhub.integration.tests.dll" id="da877cc6-ee78-f754-7c23-27622150aeeb">
      <Execution id="701800c6-e939-4a3c-9e94-b5dedaed6b85" />
      <TestMethod codeBase="C:\Users\marco\source\repos\OrderHub\tests\OrderHub.Integration.Tests\bin\Debug\net10.0\OrderHub.Integration.Tests.dll" adapterTypeName="executor://xunit/VsTestRunner3/netcore/" className="OrderHub.Integration.Tests.AdministrationApiTests" name="Kitchen_transition_obeys_role_matrix" />
    </UnitTest>
    <UnitTest name="OrderHub.Integration.Tests.TenancyMigrationTests.Order_payments_migration_upgrades_rolls_back_and_reapplies" storage="c:\users\marco\source\repos\orderhub\tests\orderhub.integration.tests\bin\debug\net10.0\orderhub.integration.tests.dll" id="1bf98bc6-485b-1926-8fa9-fb980dbe56bc">
      <Execution id="7477a8f3-1d42-40f6-9505-62091c162884" />
      <TestMethod codeBase="C:\Users\marco\source\repos\OrderHub\tests\OrderHub.Integration.Tests\bin\Debug\net10.0\OrderHub.Integration.Tests.dll" adapterTypeName="executor://xunit/VsTestRunner3/netcore/" className="OrderHub.Integration.Tests.TenancyMigrationTests" name="Order_payments_migration_upgrades_rolls_back_and_reapplies" />
    </UnitTest>
    <UnitTest name="OrderHub.Integration.Tests.AdministrationApiTests.Delivery_transition_obeys_role_matrix(role: Admin, allowed: True)" storage="c:\users\marco\source\repos\orderhub\tests\orderhub.integration.tests\bin\debug\net10.0\orderhub.integration.tests.dll" id="0cb8f215-4f12-f1da-df54-f054b077a652">
      <Execution id="d60a5589-8219-42ec-9bff-9fb58967dd36" />
      <TestMethod codeBase="C:\Users\marco\source\repos\OrderHub\tests\OrderHub.Integration.Tests\bin\Debug\net10.0\OrderHub.Integration.Tests.dll" adapterTypeName="executor://xunit/VsTestRunner3/netcore/" className="OrderHub.Integration.Tests.AdministrationApiTests" name="Delivery_transition_obeys_role_matrix" />
    </UnitTest>
    <UnitTest name="OrderHub.Integration.Tests.CustomerPersistenceTests.Database_allows_same_phone_in_other_unit_and_rejects_duplicate_in_same_unit" storage="c:\users\marco\source\repos\orderhub\tests\orderhub.integration.tests\bin\debug\net10.0\orderhub.integration.tests.dll" id="1c14673c-ebea-5257-1ec5-85dc6922812b">
      <Execution id="2d9539fe-80f3-4e45-8a23-ad066326c853" />
      <TestMethod codeBase="C:\Users\marco\source\repos\OrderHub\tests\OrderHub.Integration.Tests\bin\Debug\net10.0\OrderHub.Integration.Tests.dll" adapterTypeName="executor://xunit/VsTestRunner3/netcore/" className="OrderHub.Integration.Tests.CustomerPersistenceTests" name="Database_allows_same_phone_in_other_unit_and_rejects_duplicate_in_same_unit" />
    </UnitTest>
    <UnitTest name="OrderHub.Integration.Tests.TenancyMigrationTests.Order_lifecycle_migration_upgrades_rolls_back_and_reapplies" storage="c:\users\marco\source\repos\orderhub\tests\orderhub.integration.tests\bin\debug\net10.0\orderhub.integration.tests.dll" id="a2de8734-9d5e-1cf9-e240-f2c8c9dea2c6">
      <Execution id="eb06f9be-3eb1-4f10-bfe4-9336dd84d7e2" />
      <TestMethod codeBase="C:\Users\marco\source\repos\OrderHub\tests\OrderHub.Integration.Tests\bin\Debug\net10.0\OrderHub.Integration.Tests.dll" adapterTypeName="executor://xunit/VsTestRunner3/netcore/" className="OrderHub.Integration.Tests.TenancyMigrationTests" name="Order_lifecycle_migration_upgrades_rolls_back_and_reapplies" />
    </UnitTest>
    <UnitTest name="OrderHub.Integration.Tests.AdministrationApiTests.Coupon_management_obeys_role_matrix(role: Kitchen, allowed: False)" storage="c:\users\marco\source\repos\orderhub\tests\orderhub.integration.tests\bin\debug\net10.0\orderhub.integration.tests.dll" id="6c0f8c6b-ac8e-c984-eebc-48975e0498fc">
      <Execution id="e98af751-92db-4d48-b390-806b7b332f50" />
      <TestMethod codeBase="C:\Users\marco\source\repos\OrderHub\tests\OrderHub.Integration.Tests\bin\Debug\net10.0\OrderHub.Integration.Tests.dll" adapterTypeName="executor://xunit/VsTestRunner3/netcore/" className="OrderHub.Integration.Tests.AdministrationApiTests" name="Coupon_management_obeys_role_matrix" />
    </UnitTest>
    <UnitTest name="OrderHub.Integration.Tests.CustomerPersistenceTests.Ef_and_Dapper_keep_customers_and_addresses_isolated_by_establishment" storage="c:\users\marco\source\repos\orderhub\tests\orderhub.integration.tests\bin\debug\net10.0\orderhub.integration.tests.dll" id="5c519e53-fa95-60d3-19b4-cf4119a4efed">
      <Execution id="3fa7a7ef-08ad-4fcd-8313-253fa1e361ad" />
      <TestMethod codeBase="C:\Users\marco\source\repos\OrderHub\tests\OrderHub.Integration.Tests\bin\Debug\net10.0\OrderHub.Integration.Tests.dll" adapterTypeName="executor://xunit/VsTestRunner3/netcore/" className="OrderHub.Integration.Tests.CustomerPersistenceTests" name="Ef_and_Dapper_keep_customers_and_addresses_isolated_by_establishment" />
    </UnitTest>
    <UnitTest name="OrderHub.Integration.Tests.CatalogApiTests.Administrative_catalog_requires_authentication" storage="c:\users\marco\source\repos\orderhub\tests\orderhub.integration.tests\bin\debug\net10.0\orderhub.integration.tests.dll" id="343e7a5a-e064-2cdc-c1cf-0edefb1bf664">
      <Execution id="244f3afb-0549-4e1a-82cd-5596aee3a0f6" />
      <TestMethod codeBase="C:\Users\marco\source\repos\OrderHub\tests\OrderHub.Integration.Tests\bin\Debug\net10.0\OrderHub.Integration.Tests.dll" adapterTypeName="executor://xunit/VsTestRunner3/netcore/" className="OrderHub.Integration.Tests.CatalogApiTests" name="Administrative_catalog_requires_authentication" />
    </UnitTest>
    <UnitTest name="OrderHub.Integration.Tests.AdministrationApiTests.Coupon_management_obeys_role_matrix(role: Delivery, allowed: False)" storage="c:\users\marco\source\repos\orderhub\tests\orderhub.integration.tests\bin\debug\net10.0\orderhub.integration.tests.dll" id="b5bd217d-c3ce-9139-060f-27044e46017a">
      <Execution id="b9be7320-df83-417c-be4b-793b55bbb824" />
      <TestMethod codeBase="C:\Users\marco\source\repos\OrderHub\tests\OrderHub.Integration.Tests\bin\Debug\net10.0\OrderHub.Integration.Tests.dll" adapterTypeName="executor://xunit/VsTestRunner3/netcore/" className="OrderHub.Integration.Tests.AdministrationApiTests" name="Coupon_management_obeys_role_matrix" />
    </UnitTest>
    <UnitTest name="OrderHub.Integration.Tests.CatalogApiTests.Missing_public_catalog_uses_standard_problem_details" storage="c:\users\marco\source\repos\orderhub\tests\orderhub.integration.tests\bin\debug\net10.0\orderhub.integration.tests.dll" id="e0093778-3b9f-cd0b-2546-b9e1993e7df7">
      <Execution id="2620c682-034a-4b44-a087-8a42c82ce8c5" />
      <TestMethod codeBase="C:\Users\marco\source\repos\OrderHub\tests\OrderHub.Integration.Tests\bin\Debug\net10.0\OrderHub.Integration.Tests.dll" adapterTypeName="executor://xunit/VsTestRunner3/netcore/" className="OrderHub.Integration.Tests.CatalogApiTests" name="Missing_public_catalog_uses_standard_problem_details" />
    </UnitTest>
    <UnitTest name="OrderHub.Integration.Tests.ApiFoundationTests.Missing_tenant_fails_safely_with_problem_details" storage="c:\users\marco\source\repos\orderhub\tests\orderhub.integration.tests\bin\debug\net10.0\orderhub.integration.tests.dll" id="3c616276-2552-be04-0804-6159a145fe71">
      <Execution id="417ff1e2-f7b5-4abe-8974-b95fb46bb260" />
      <TestMethod codeBase="C:\Users\marco\source\repos\OrderHub\tests\OrderHub.Integration.Tests\bin\Debug\net10.0\OrderHub.Integration.Tests.dll" adapterTypeName="executor://xunit/VsTestRunner3/netcore/" className="OrderHub.Integration.Tests.ApiFoundationTests" name="Missing_tenant_fails_safely_with_problem_details" />
    </UnitTest>
    <UnitTest name="OrderHub.Integration.Tests.PaymentPersistenceTests.Concurrent_confirmations_are_serialized_and_idempotent_against_authoritative_total" storage="c:\users\marco\source\repos\orderhub\tests\orderhub.integration.tests\bin\debug\net10.0\orderhub.integration.tests.dll" id="5ad2ed3f-f7da-ea37-1605-cc9481ea1b6d">
      <Execution id="f886575c-30c3-4405-8c48-0e0e3e6ccd7c" />
      <TestMethod codeBase="C:\Users\marco\source\repos\OrderHub\tests\OrderHub.Integration.Tests\bin\Debug\net10.0\OrderHub.Integration.Tests.dll" adapterTypeName="executor://xunit/VsTestRunner3/netcore/" className="OrderHub.Integration.Tests.PaymentPersistenceTests" name="Concurrent_confirmations_are_serialized_and_idempotent_against_authoritative_total" />
    </UnitTest>
    <UnitTest name="OrderHub.Integration.Tests.TenancyPersistenceTests.Ef_write_and_dapper_read_enforce_tenant_and_active_public_scope" storage="c:\users\marco\source\repos\orderhub\tests\orderhub.integration.tests\bin\debug\net10.0\orderhub.integration.tests.dll" id="944f60dd-3d77-4b65-bd90-de546d1f9fa7">
      <Execution id="1001d07d-ce6a-4b2a-aa2a-284bbd8c99b6" />
      <TestMethod codeBase="C:\Users\marco\source\repos\OrderHub\tests\OrderHub.Integration.Tests\bin\Debug\net10.0\OrderHub.Integration.Tests.dll" adapterTypeName="executor://xunit/VsTestRunner3/netcore/" className="OrderHub.Integration.Tests.TenancyPersistenceTests" name="Ef_write_and_dapper_read_enforce_tenant_and_active_public_scope" />
    </UnitTest>
    <UnitTest name="OrderHub.Integration.Tests.AdministrationApiTests.Customer_operations_obey_role_matrix(role: Delivery, allowed: False)" storage="c:\users\marco\source\repos\orderhub\tests\orderhub.integration.tests\bin\debug\net10.0\orderhub.integration.tests.dll" id="3f815fe9-05de-7e3a-df80-bd211b246a63">
      <Execution id="f17678af-0fd6-4e3c-885d-107aac71bb61" />
      <TestMethod codeBase="C:\Users\marco\source\repos\OrderHub\tests\OrderHub.Integration.Tests\bin\Debug\net10.0\OrderHub.Integration.Tests.dll" adapterTypeName="executor://xunit/VsTestRunner3/netcore/" className="OrderHub.Integration.Tests.AdministrationApiTests" name="Customer_operations_obey_role_matrix" />
    </UnitTest>
    <UnitTest name="OrderHub.Integration.Tests.AdministrationApiTests.Customer_operations_obey_role_matrix(role: Admin, allowed: True)" storage="c:\users\marco\source\repos\orderhub\tests\orderhub.integration.tests\bin\debug\net10.0\orderhub.integration.tests.dll" id="9f84078c-e81f-8e27-4e11-3d1f4dd87675">
      <Execution id="b2deba4b-d466-48ea-8261-460e2e154e77" />
      <TestMethod codeBase="C:\Users\marco\source\repos\OrderHub\tests\OrderHub.Integration.Tests\bin\Debug\net10.0\OrderHub.Integration.Tests.dll" adapterTypeName="executor://xunit/VsTestRunner3/netcore/" className="OrderHub.Integration.Tests.AdministrationApiTests" name="Customer_operations_obey_role_matrix" />
    </UnitTest>
    <UnitTest name="OrderHub.Integration.Tests.CatalogPersistenceTests.Repository_translates_duplicate_product_code_to_conflict" storage="c:\users\marco\source\repos\orderhub\tests\orderhub.integration.tests\bin\debug\net10.0\orderhub.integration.tests.dll" id="49c9c481-2621-aafb-0686-e95506673abc">
      <Execution id="5af86e7d-6706-4d6f-a536-624e13f10766" />
      <TestMethod codeBase="C:\Users\marco\source\repos\OrderHub\tests\OrderHub.Integration.Tests\bin\Debug\net10.0\OrderHub.Integration.Tests.dll" adapterTypeName="executor://xunit/VsTestRunner3/netcore/" className="OrderHub.Integration.Tests.CatalogPersistenceTests" name="Repository_translates_duplicate_product_code_to_conflict" />
    </UnitTest>
    <UnitTest name="OrderHub.Integration.Tests.AdministrationApiTests.Administrative_routes_and_explicit_contracts_are_in_openapi" storage="c:\users\marco\source\repos\orderhub\tests\orderhub.integration.tests\bin\debug\net10.0\orderhub.integration.tests.dll" id="0a2feb50-c2a0-3195-b45a-3d8681eb0aec">
      <Execution id="c3b8d614-182f-4ac6-b1d4-9230c1f1be85" />
      <TestMethod codeBase="C:\Users\marco\source\repos\OrderHub\tests\OrderHub.Integration.Tests\bin\Debug\net10.0\OrderHub.Integration.Tests.dll" adapterTypeName="executor://xunit/VsTestRunner3/netcore/" className="OrderHub.Integration.Tests.AdministrationApiTests" name="Administrative_routes_and_explicit_contracts_are_in_openapi" />
    </UnitTest>
    <UnitTest name="OrderHub.Integration.Tests.ModelConventionsTests.Customer_metadata_has_scoped_contact_and_single_primary_constraints" storage="c:\users\marco\source\repos\orderhub\tests\orderhub.integration.tests\bin\debug\net10.0\orderhub.integration.tests.dll" id="5045c560-0ff1-c507-ea11-c8c562ee5011">
      <Execution id="62878d1a-ee92-45f4-a6ce-6bb7a0c8eee2" />
      <TestMethod codeBase="C:\Users\marco\source\repos\OrderHub\tests\OrderHub.Integration.Tests\bin\Debug\net10.0\OrderHub.Integration.Tests.dll" adapterTypeName="executor://xunit/VsTestRunner3/netcore/" className="OrderHub.Integration.Tests.ModelConventionsTests" name="Customer_metadata_has_scoped_contact_and_single_primary_constraints" />
    </UnitTest>
    <UnitTest name="OrderHub.Integration.Tests.ModelConventionsTests.Coupon_metadata_has_scoped_code_usage_and_concurrency_constraints" storage="c:\users\marco\source\repos\orderhub\tests\orderhub.integration.tests\bin\debug\net10.0\orderhub.integration.tests.dll" id="8bb3be91-7102-54f1-caeb-f18e65fd2a7b">
      <Execution id="5ec433f1-5baf-4c08-92f9-4289fbc3e6ce" />
      <TestMethod codeBase="C:\Users\marco\source\repos\OrderHub\tests\OrderHub.Integration.Tests\bin\Debug\net10.0\OrderHub.Integration.Tests.dll" adapterTypeName="executor://xunit/VsTestRunner3/netcore/" className="OrderHub.Integration.Tests.ModelConventionsTests" name="Coupon_metadata_has_scoped_code_usage_and_concurrency_constraints" />
    </UnitTest>
    <UnitTest name="OrderHub.Integration.Tests.AdministrationApiTests.Kitchen_transition_obeys_role_matrix(role: Admin, allowed: True)" storage="c:\users\marco\source\repos\orderhub\tests\orderhub.integration.tests\bin\debug\net10.0\orderhub.integration.tests.dll" id="be622ec7-5e8d-5fbb-3590-5e56fa31def9">
      <Execution id="82b55162-e486-4337-a79b-e759a650c41e" />
      <TestMethod codeBase="C:\Users\marco\source\repos\OrderHub\tests\OrderHub.Integration.Tests\bin\Debug\net10.0\OrderHub.Integration.Tests.dll" adapterTypeName="executor://xunit/VsTestRunner3/netcore/" className="OrderHub.Integration.Tests.AdministrationApiTests" name="Kitchen_transition_obeys_role_matrix" />
    </UnitTest>
    <UnitTest name="OrderHub.Integration.Tests.AdministrationApiTests.Delivery_transition_obeys_role_matrix(role: Manager, allowed: True)" storage="c:\users\marco\source\repos\orderhub\tests\orderhub.integration.tests\bin\debug\net10.0\orderhub.integration.tests.dll" id="c6f3f74a-7695-96c3-0ac3-3b7135186241">
      <Execution id="2dfbba4a-650e-4626-8bc6-17e61ed6f2a0" />
      <TestMethod codeBase="C:\Users\marco\source\repos\OrderHub\tests\OrderHub.Integration.Tests\bin\Debug\net10.0\OrderHub.Integration.Tests.dll" adapterTypeName="executor://xunit/VsTestRunner3/netcore/" className="OrderHub.Integration.Tests.AdministrationApiTests" name="Delivery_transition_obeys_role_matrix" />
    </UnitTest>
    <UnitTest name="OrderHub.Integration.Tests.AdministrationApiTests.Customer_operations_obey_role_matrix(role: Attendant, allowed: True)" storage="c:\users\marco\source\repos\orderhub\tests\orderhub.integration.tests\bin\debug\net10.0\orderhub.integration.tests.dll" id="8c6b4536-c0e6-dcfb-2c6c-5c9cfe71002e">
      <Execution id="82107ac9-0f53-4d01-8df1-aa45d5723ad6" />
      <TestMethod codeBase="C:\Users\marco\source\repos\OrderHub\tests\OrderHub.Integration.Tests\bin\Debug\net10.0\OrderHub.Integration.Tests.dll" adapterTypeName="executor://xunit/VsTestRunner3/netcore/" className="OrderHub.Integration.Tests.AdministrationApiTests" name="Customer_operations_obey_role_matrix" />
    </UnitTest>
    <UnitTest name="OrderHub.Integration.Tests.IdentityPersistenceTests.Access_gateway_observes_explicit_active_same_tenant_association" storage="c:\users\marco\source\repos\orderhub\tests\orderhub.integration.tests\bin\debug\net10.0\orderhub.integration.tests.dll" id="196ee092-b0b3-6f93-2edc-76e8c4fe6c66">
      <Execution id="a06a850f-dca0-4c50-988d-1f9450f49477" />
      <TestMethod codeBase="C:\Users\marco\source\repos\OrderHub\tests\OrderHub.Integration.Tests\bin\Debug\net10.0\OrderHub.Integration.Tests.dll" adapterTypeName="executor://xunit/VsTestRunner3/netcore/" className="OrderHub.Integration.Tests.IdentityPersistenceTests" name="Access_gateway_observes_explicit_active_same_tenant_association" />
    </UnitTest>
    <UnitTest name="OrderHub.Integration.Tests.AdministrationApiTests.Delivery_transition_obeys_role_matrix(role: Owner, allowed: True)" storage="c:\users\marco\source\repos\orderhub\tests\orderhub.integration.tests\bin\debug\net10.0\orderhub.integration.tests.dll" id="920298c3-1474-4d08-119d-561eae30fdc2">
      <Execution id="ef9b1519-1029-4a43-a37d-9c6fa791dd7d" />
      <TestMethod codeBase="C:\Users\marco\source\repos\OrderHub\tests\OrderHub.Integration.Tests\bin\Debug\net10.0\OrderHub.Integration.Tests.dll" adapterTypeName="executor://xunit/VsTestRunner3/netcore/" className="OrderHub.Integration.Tests.AdministrationApiTests" name="Delivery_transition_obeys_role_matrix" />
    </UnitTest>
    <UnitTest name="OrderHub.Integration.Tests.AdministrationApiTests.Delivery_transition_obeys_role_matrix(role: Kitchen, allowed: False)" storage="c:\users\marco\source\repos\orderhub\tests\orderhub.integration.tests\bin\debug\net10.0\orderhub.integration.tests.dll" id="5f599e2e-6672-3c85-94cb-0bbe046df154">
      <Execution id="ea70fbdf-349f-4432-8b27-498ea35e6018" />
      <TestMethod codeBase="C:\Users\marco\source\repos\OrderHub\tests\OrderHub.Integration.Tests\bin\Debug\net10.0\OrderHub.Integration.Tests.dll" adapterTypeName="executor://xunit/VsTestRunner3/netcore/" className="OrderHub.Integration.Tests.AdministrationApiTests" name="Delivery_transition_obeys_role_matrix" />
    </UnitTest>
    <UnitTest name="OrderHub.Integration.Tests.AdministrationApiTests.Delivery_transition_obeys_role_matrix(role: Attendant, allowed: False)" storage="c:\users\marco\source\repos\orderhub\tests\orderhub.integration.tests\bin\debug\net10.0\orderhub.integration.tests.dll" id="3008a9cc-211e-bafc-cff4-4ef3d140dd80">
      <Execution id="48260d3b-73ad-4cff-9d8e-3ed79cbb4ecd" />
      <TestMethod codeBase="C:\Users\marco\source\repos\OrderHub\tests\OrderHub.Integration.Tests\bin\Debug\net10.0\OrderHub.Integration.Tests.dll" adapterTypeName="executor://xunit/VsTestRunner3/netcore/" className="OrderHub.Integration.Tests.AdministrationApiTests" name="Delivery_transition_obeys_role_matrix" />
    </UnitTest>
    <UnitTest name="OrderHub.Integration.Tests.CatalogPersistenceTests.Database_rejects_duplicate_code_and_cross_unit_relations" storage="c:\users\marco\source\repos\orderhub\tests\orderhub.integration.tests\bin\debug\net10.0\orderhub.integration.tests.dll" id="f205f437-9d88-1b9e-cecb-63559c9fb416">
      <Execution id="accb4317-9601-446f-83a1-26c92d5ea3d5" />
      <TestMethod codeBase="C:\Users\marco\source\repos\OrderHub\tests\OrderHub.Integration.Tests\bin\Debug\net10.0\OrderHub.Integration.Tests.dll" adapterTypeName="executor://xunit/VsTestRunner3/netcore/" className="OrderHub.Integration.Tests.CatalogPersistenceTests" name="Database_rejects_duplicate_code_and_cross_unit_relations" />
    </UnitTest>
    <UnitTest name="OrderHub.Integration.Tests.CatalogApiTests.Administrative_errors_are_problem_details(error: &quot;conflict&quot;, status: Conflict)" storage="c:\users\marco\source\repos\orderhub\tests\orderhub.integration.tests\bin\debug\net10.0\orderhub.integration.tests.dll" id="bc679aa6-0679-fb5c-95f4-6a6dba0d94f1">
      <Execution id="bf538638-e147-44c4-a428-c98eb55135e1" />
      <TestMethod codeBase="C:\Users\marco\source\repos\OrderHub\tests\OrderHub.Integration.Tests\bin\Debug\net10.0\OrderHub.Integration.Tests.dll" adapterTypeName="executor://xunit/VsTestRunner3/netcore/" className="OrderHub.Integration.Tests.CatalogApiTests" name="Administrative_errors_are_problem_details" />
    </UnitTest>
    <UnitTest name="OrderHub.Integration.Tests.AdministrationApiTests.Delivery_transition_obeys_role_matrix(role: Delivery, allowed: True)" storage="c:\users\marco\source\repos\orderhub\tests\orderhub.integration.tests\bin\debug\net10.0\orderhub.integration.tests.dll" id="0311581a-f63e-b828-4af3-f2c68236e4ca">
      <Execution id="53f0d68f-724a-4221-a8da-fdb793675fee" />
      <TestMethod codeBase="C:\Users\marco\source\repos\OrderHub\tests\OrderHub.Integration.Tests\bin\Debug\net10.0\OrderHub.Integration.Tests.dll" adapterTypeName="executor://xunit/VsTestRunner3/netcore/" className="OrderHub.Integration.Tests.AdministrationApiTests" name="Delivery_transition_obeys_role_matrix" />
    </UnitTest>
    <UnitTest name="OrderHub.Integration.Tests.AdministrationApiTests.Cross_unit_scope_is_forbidden_as_problem_details" storage="c:\users\marco\source\repos\orderhub\tests\orderhub.integration.tests\bin\debug\net10.0\orderhub.integration.tests.dll" id="8741c69d-de3d-4b55-b8cd-3a81800acc85">
      <Execution id="91ed3c27-6c95-4de5-9ad2-75c14dfc2860" />
      <TestMethod codeBase="C:\Users\marco\source\repos\OrderHub\tests\OrderHub.Integration.Tests\bin\Debug\net10.0\OrderHub.Integration.Tests.dll" adapterTypeName="executor://xunit/VsTestRunner3/netcore/" className="OrderHub.Integration.Tests.AdministrationApiTests" name="Cross_unit_scope_is_forbidden_as_problem_details" />
    </UnitTest>
    <UnitTest name="OrderHub.Integration.Tests.TenancyMigrationTests.Product_catalog_migration_upgrades_rolls_back_and_reapplies" storage="c:\users\marco\source\repos\orderhub\tests\orderhub.integration.tests\bin\debug\net10.0\orderhub.integration.tests.dll" id="92d6633a-9bb1-4dd1-9afa-0b989075cec7">
      <Execution id="9a91cc4a-c8fd-407a-a3d2-bb56ef32e836" />
      <TestMethod codeBase="C:\Users\marco\source\repos\OrderHub\tests\OrderHub.Integration.Tests\bin\Debug\net10.0\OrderHub.Integration.Tests.dll" adapterTypeName="executor://xunit/VsTestRunner3/netcore/" className="OrderHub.Integration.Tests.TenancyMigrationTests" name="Product_catalog_migration_upgrades_rolls_back_and_reapplies" />
    </UnitTest>
    <UnitTest name="OrderHub.Integration.Tests.OrderPersistenceTests.Ef_and_Dapper_preserve_order_snapshots_totals_and_history" storage="c:\users\marco\source\repos\orderhub\tests\orderhub.integration.tests\bin\debug\net10.0\orderhub.integration.tests.dll" id="31ee3418-58f0-2466-e423-ff771d34a30e">
      <Execution id="f4b0c544-b5a5-4e73-aa93-602df489a410" />
      <TestMethod codeBase="C:\Users\marco\source\repos\OrderHub\tests\OrderHub.Integration.Tests\bin\Debug\net10.0\OrderHub.Integration.Tests.dll" adapterTypeName="executor://xunit/VsTestRunner3/netcore/" className="OrderHub.Integration.Tests.OrderPersistenceTests" name="Ef_and_Dapper_preserve_order_snapshots_totals_and_history" />
    </UnitTest>
    <UnitTest name="OrderHub.Integration.Tests.ApiFoundationTests.Health_endpoint_is_available" storage="c:\users\marco\source\repos\orderhub\tests\orderhub.integration.tests\bin\debug\net10.0\orderhub.integration.tests.dll" id="dd952674-bf53-0939-275c-516d4751956f">
      <Execution id="f728897c-0608-4d6d-afd7-ab55050aa42f" />
      <TestMethod codeBase="C:\Users\marco\source\repos\OrderHub\tests\OrderHub.Integration.Tests\bin\Debug\net10.0\OrderHub.Integration.Tests.dll" adapterTypeName="executor://xunit/VsTestRunner3/netcore/" className="OrderHub.Integration.Tests.ApiFoundationTests" name="Health_endpoint_is_available" />
    </UnitTest>
    <UnitTest name="OrderHub.Integration.Tests.AdministrationApiTests.Kitchen_transition_obeys_role_matrix(role: Owner, allowed: True)" storage="c:\users\marco\source\repos\orderhub\tests\orderhub.integration.tests\bin\debug\net10.0\orderhub.integration.tests.dll" id="6a1a73d0-dc95-5697-bfed-64936bb43608">
      <Execution id="1dd938a1-48f8-4d94-8e56-02482d597d60" />
      <TestMethod codeBase="C:\Users\marco\source\repos\OrderHub\tests\OrderHub.Integration.Tests\bin\Debug\net10.0\OrderHub.Integration.Tests.dll" adapterTypeName="executor://xunit/VsTestRunner3/netcore/" className="OrderHub.Integration.Tests.AdministrationApiTests" name="Kitchen_transition_obeys_role_matrix" />
    </UnitTest>
    <UnitTest name="OrderHub.Integration.Tests.CouponPersistenceTests.Only_one_concurrent_confirmation_consumes_last_use_and_loser_remains_draft" storage="c:\users\marco\source\repos\orderhub\tests\orderhub.integration.tests\bin\debug\net10.0\orderhub.integration.tests.dll" id="28776393-96ad-2d42-a46c-e733e75c523a">
      <Execution id="ff303af0-9a7e-4ae3-a102-55dd9c628ef7" />
      <TestMethod codeBase="C:\Users\marco\source\repos\OrderHub\tests\OrderHub.Integration.Tests\bin\Debug\net10.0\OrderHub.Integration.Tests.dll" adapterTypeName="executor://xunit/VsTestRunner3/netcore/" className="OrderHub.Integration.Tests.CouponPersistenceTests" name="Only_one_concurrent_confirmation_consumes_last_use_and_loser_remains_draft" />
    </UnitTest>
    <UnitTest name="OrderHub.Integration.Tests.ApiFoundationTests.Correlation_id_is_preserved_in_response" storage="c:\users\marco\source\repos\orderhub\tests\orderhub.integration.tests\bin\debug\net10.0\orderhub.integration.tests.dll" id="71ef6a05-5fd4-595f-a32b-ad241af70644">
      <Execution id="54523bca-6cb8-4181-af44-e97ca5fa64d7" />
      <TestMethod codeBase="C:\Users\marco\source\repos\OrderHub\tests\OrderHub.Integration.Tests\bin\Debug\net10.0\OrderHub.Integration.Tests.dll" adapterTypeName="executor://xunit/VsTestRunner3/netcore/" className="OrderHub.Integration.Tests.ApiFoundationTests" name="Correlation_id_is_preserved_in_response" />
    </UnitTest>
    <UnitTest name="OrderHub.Integration.Tests.PublicOrderingApiTests.OpenApi_contains_public_ordering_routes_and_contracts" storage="c:\users\marco\source\repos\orderhub\tests\orderhub.integration.tests\bin\debug\net10.0\orderhub.integration.tests.dll" id="36d485a6-3642-eec7-766b-22095bf4393c">
      <Execution id="2a7fccb8-597e-4465-a121-8a909407921c" />
      <TestMethod codeBase="C:\Users\marco\source\repos\OrderHub\tests\OrderHub.Integration.Tests\bin\Debug\net10.0\OrderHub.Integration.Tests.dll" adapterTypeName="executor://xunit/VsTestRunner3/netcore/" className="OrderHub.Integration.Tests.PublicOrderingApiTests" name="OpenApi_contains_public_ordering_routes_and_contracts" />
    </UnitTest>
    <UnitTest name="OrderHub.Integration.Tests.OpenApiExposureTests.OpenApi_and_Swagger_UI_are_available_in_development" storage="c:\users\marco\source\repos\orderhub\tests\orderhub.integration.tests\bin\debug\net10.0\orderhub.integration.tests.dll" id="2510c1cf-d0fc-f6c2-10f0-b258d361bf8d">
      <Execution id="78705784-35ca-4fdf-89b0-12a7b5d0a59e" />
      <TestMethod codeBase="C:\Users\marco\source\repos\OrderHub\tests\OrderHub.Integration.Tests\bin\Debug\net10.0\OrderHub.Integration.Tests.dll" adapterTypeName="executor://xunit/VsTestRunner3/netcore/" className="OrderHub.Integration.Tests.OpenApiExposureTests" name="OpenApi_and_Swagger_UI_are_available_in_development" />
    </UnitTest>
    <UnitTest name="OrderHub.Integration.Tests.PublicOrderingApiTests.Invalid_public_reference_returns_problem_details_without_lookup" storage="c:\users\marco\source\repos\orderhub\tests\orderhub.integration.tests\bin\debug\net10.0\orderhub.integration.tests.dll" id="f1da1987-e357-8287-5fae-38d4162a339a">
      <Execution id="21e8cd4a-39e6-40db-9485-d5cc5f914160" />
      <TestMethod codeBase="C:\Users\marco\source\repos\OrderHub\tests\OrderHub.Integration.Tests\bin\Debug\net10.0\OrderHub.Integration.Tests.dll" adapterTypeName="executor://xunit/VsTestRunner3/netcore/" className="OrderHub.Integration.Tests.PublicOrderingApiTests" name="Invalid_public_reference_returns_problem_details_without_lookup" />
    </UnitTest>
    <UnitTest name="OrderHub.Integration.Tests.OrderPersistenceTests.Concurrent_sequence_reservations_are_distinct_and_monotonic_per_establishment" storage="c:\users\marco\source\repos\orderhub\tests\orderhub.integration.tests\bin\debug\net10.0\orderhub.integration.tests.dll" id="bd5d25b3-a25f-7c95-a2ce-b4ca6470d7db">
      <Execution id="d7385f6a-07d3-4f0a-948a-59f770a903d3" />
      <TestMethod codeBase="C:\Users\marco\source\repos\OrderHub\tests\OrderHub.Integration.Tests\bin\Debug\net10.0\OrderHub.Integration.Tests.dll" adapterTypeName="executor://xunit/VsTestRunner3/netcore/" className="OrderHub.Integration.Tests.OrderPersistenceTests" name="Concurrent_sequence_reservations_are_distinct_and_monotonic_per_establishment" />
    </UnitTest>
    <UnitTest name="OrderHub.Integration.Tests.TenancyMigrationTests.Administrative_authentication_migration_upgrades_rolls_back_and_reapplies" storage="c:\users\marco\source\repos\orderhub\tests\orderhub.integration.tests\bin\debug\net10.0\orderhub.integration.tests.dll" id="a5a5190a-964f-a15b-e4e8-c55c864ed5f4">
      <Execution id="0328091d-a5ff-4121-ad00-472d46187cb8" />
      <TestMethod codeBase="C:\Users\marco\source\repos\OrderHub\tests\OrderHub.Integration.Tests\bin\Debug\net10.0\OrderHub.Integration.Tests.dll" adapterTypeName="executor://xunit/VsTestRunner3/netcore/" className="OrderHub.Integration.Tests.TenancyMigrationTests" name="Administrative_authentication_migration_upgrades_rolls_back_and_reapplies" />
    </UnitTest>
    <UnitTest name="OrderHub.Integration.Tests.AdministrationApiTests.Customer_operations_obey_role_matrix(role: Owner, allowed: True)" storage="c:\users\marco\source\repos\orderhub\tests\orderhub.integration.tests\bin\debug\net10.0\orderhub.integration.tests.dll" id="038e5073-99c3-08f6-e107-3c4ebbebc329">
      <Execution id="1478c0d3-16a7-419c-b685-d737e74f91d5" />
      <TestMethod codeBase="C:\Users\marco\source\repos\OrderHub\tests\OrderHub.Integration.Tests\bin\Debug\net10.0\OrderHub.Integration.Tests.dll" adapterTypeName="executor://xunit/VsTestRunner3/netcore/" className="OrderHub.Integration.Tests.AdministrationApiTests" name="Customer_operations_obey_role_matrix" />
    </UnitTest>
    <UnitTest name="OrderHub.Integration.Tests.OperationsPersistenceTests.Qr_requires_matching_slug_and_token_and_hours_are_unit_scoped" storage="c:\users\marco\source\repos\orderhub\tests\orderhub.integration.tests\bin\debug\net10.0\orderhub.integration.tests.dll" id="19ac5c30-46c9-fcc7-4870-ce24df94f797">
      <Execution id="c27024ca-7e82-4ed1-b759-ad56ee11f1ee" />
      <TestMethod codeBase="C:\Users\marco\source\repos\OrderHub\tests\OrderHub.Integration.Tests\bin\Debug\net10.0\OrderHub.Integration.Tests.dll" adapterTypeName="executor://xunit/VsTestRunner3/netcore/" className="OrderHub.Integration.Tests.OperationsPersistenceTests" name="Qr_requires_matching_slug_and_token_and_hours_are_unit_scoped" />
    </UnitTest>
    <UnitTest name="OrderHub.Integration.Tests.PublicOrderingApiTests.Confirmation_requires_idempotency_header_as_problem_details" storage="c:\users\marco\source\repos\orderhub\tests\orderhub.integration.tests\bin\debug\net10.0\orderhub.integration.tests.dll" id="32f6860b-fcdb-a2bc-8a7d-1debd3df856a">
      <Execution id="89126b7e-9d49-4b37-b7d4-bd89df37cc58" />
      <TestMethod codeBase="C:\Users\marco\source\repos\OrderHub\tests\OrderHub.Integration.Tests\bin\Debug\net10.0\OrderHub.Integration.Tests.dll" adapterTypeName="executor://xunit/VsTestRunner3/netcore/" className="OrderHub.Integration.Tests.PublicOrderingApiTests" name="Confirmation_requires_idempotency_header_as_problem_details" />
    </UnitTest>
    <UnitTest name="OrderHub.Integration.Tests.PublicOrderingApiTests.Context_exposes_only_public_active_data" storage="c:\users\marco\source\repos\orderhub\tests\orderhub.integration.tests\bin\debug\net10.0\orderhub.integration.tests.dll" id="2271f189-27bb-3cb7-88f6-f1d91388d147">
      <Execution id="e281643e-5710-4a32-8c9e-9d39caa92dc4" />
      <TestMethod codeBase="C:\Users\marco\source\repos\OrderHub\tests\OrderHub.Integration.Tests\bin\Debug\net10.0\OrderHub.Integration.Tests.dll" adapterTypeName="executor://xunit/VsTestRunner3/netcore/" className="OrderHub.Integration.Tests.PublicOrderingApiTests" name="Context_exposes_only_public_active_data" />
    </UnitTest>
    <UnitTest name="OrderHub.Integration.Tests.AdministrationApiTests.Customer_operations_obey_role_matrix(role: Kitchen, allowed: False)" storage="c:\users\marco\source\repos\orderhub\tests\orderhub.integration.tests\bin\debug\net10.0\orderhub.integration.tests.dll" id="9af3d785-f4f7-6a76-2da1-cf8263111714">
      <Execution id="82bddf0a-440e-4907-816a-859639577026" />
      <TestMethod codeBase="C:\Users\marco\source\repos\OrderHub\tests\OrderHub.Integration.Tests\bin\Debug\net10.0\OrderHub.Integration.Tests.dll" adapterTypeName="executor://xunit/VsTestRunner3/netcore/" className="OrderHub.Integration.Tests.AdministrationApiTests" name="Customer_operations_obey_role_matrix" />
    </UnitTest>
    <UnitTest name="OrderHub.Integration.Tests.AdministrationApiTests.Kitchen_transition_obeys_role_matrix(role: Manager, allowed: True)" storage="c:\users\marco\source\repos\orderhub\tests\orderhub.integration.tests\bin\debug\net10.0\orderhub.integration.tests.dll" id="a2ae4f74-edc1-d7ce-11df-82d1524c7f65">
      <Execution id="37ebe865-49db-4bdd-8ccd-302a7294334c" />
      <TestMethod codeBase="C:\Users\marco\source\repos\OrderHub\tests\OrderHub.Integration.Tests\bin\Debug\net10.0\OrderHub.Integration.Tests.dll" adapterTypeName="executor://xunit/VsTestRunner3/netcore/" className="OrderHub.Integration.Tests.AdministrationApiTests" name="Kitchen_transition_obeys_role_matrix" />
    </UnitTest>
    <UnitTest name="OrderHub.Integration.Tests.TenancyMigrationTests.Coupon_management_migration_upgrades_rolls_back_and_reapplies" storage="c:\users\marco\source\repos\orderhub\tests\orderhub.integration.tests\bin\debug\net10.0\orderhub.integration.tests.dll" id="eacc109e-b275-4ce1-310e-02b949b41d16">
      <Execution id="b23e9bc5-f42c-4d04-acf0-3a29f4661f4e" />
      <TestMethod codeBase="C:\Users\marco\source\repos\OrderHub\tests\OrderHub.Integration.Tests\bin\Debug\net10.0\OrderHub.Integration.Tests.dll" adapterTypeName="executor://xunit/VsTestRunner3/netcore/" className="OrderHub.Integration.Tests.TenancyMigrationTests" name="Coupon_management_migration_upgrades_rolls_back_and_reapplies" />
    </UnitTest>
    <UnitTest name="OrderHub.Integration.Tests.TenancyMigrationTests.Initial_tenancy_migration_applies_and_rolls_back_on_empty_database" storage="c:\users\marco\source\repos\orderhub\tests\orderhub.integration.tests\bin\debug\net10.0\orderhub.integration.tests.dll" id="9cc7151e-10f1-27a3-2c1c-6598f347ac37">
      <Execution id="b84576fa-98f4-4354-9ee2-ebaf3491f418" />
      <TestMethod codeBase="C:\Users\marco\source\repos\OrderHub\tests\OrderHub.Integration.Tests\bin\Debug\net10.0\OrderHub.Integration.Tests.dll" adapterTypeName="executor://xunit/VsTestRunner3/netcore/" className="OrderHub.Integration.Tests.TenancyMigrationTests" name="Initial_tenancy_migration_applies_and_rolls_back_on_empty_database" />
    </UnitTest>
    <UnitTest name="OrderHub.Integration.Tests.AdministrationApiTests.Kitchen_transition_obeys_role_matrix(role: Attendant, allowed: False)" storage="c:\users\marco\source\repos\orderhub\tests\orderhub.integration.tests\bin\debug\net10.0\orderhub.integration.tests.dll" id="8668b9c1-1529-0edb-17d4-d200981c8303">
      <Execution id="c22f5a47-2e1e-4bb4-8f8c-e38b6c45eba6" />
      <TestMethod codeBase="C:\Users\marco\source\repos\OrderHub\tests\OrderHub.Integration.Tests\bin\Debug\net10.0\OrderHub.Integration.Tests.dll" adapterTypeName="executor://xunit/VsTestRunner3/netcore/" className="OrderHub.Integration.Tests.AdministrationApiTests" name="Kitchen_transition_obeys_role_matrix" />
    </UnitTest>
    <UnitTest name="OrderHub.Integration.Tests.AdministrationApiTests.Kitchen_transition_obeys_role_matrix(role: Kitchen, allowed: True)" storage="c:\users\marco\source\repos\orderhub\tests\orderhub.integration.tests\bin\debug\net10.0\orderhub.integration.tests.dll" id="b44b36a3-164a-95a8-9304-bdfe2ffe8a55">
      <Execution id="f1e16182-7c91-4fca-b73e-b57302fb783b" />
      <TestMethod codeBase="C:\Users\marco\source\repos\OrderHub\tests\OrderHub.Integration.Tests\bin\Debug\net10.0\OrderHub.Integration.Tests.dll" adapterTypeName="executor://xunit/VsTestRunner3/netcore/" className="OrderHub.Integration.Tests.AdministrationApiTests" name="Kitchen_transition_obeys_role_matrix" />
    </UnitTest>
[...]
[testcontainers.org 00:00:11.06] Execute "pg_isready --host localhost --dbname postgres --username postgres" at Docker container 74e8f3b87214&#xD;
[testcontainers.org 00:00:11.08] Execute "pg_isready --host localhost --dbname postgres --username postgres" at Docker container 37a70d7cea44&#xD;
[testcontainers.org 00:00:11.61] Execute "pg_isready --host localhost --dbname postgres --username postgres" at Docker container 22246dedd636&#xD;
[testcontainers.org 00:00:11.81] Execute "pg_isready --host localhost --dbname postgres --username postgres" at Docker container 495fb084e1f4&#xD;
[testcontainers.org 00:00:11.84] Execute "pg_isready --host localhost --dbname postgres --username postgres" at Docker container 9d47fa553b3a&#xD;
[testcontainers.org 00:00:11.84] Execute "pg_isready --host localhost --dbname postgres --username postgres" at Docker container 208ce393050a&#xD;
[testcontainers.org 00:00:11.93] Execute "pg_isready --host localhost --dbname postgres --username postgres" at Docker container cc6a45d9a686&#xD;
[testcontainers.org 00:00:12.00] Execute "pg_isready --host localhost --dbname postgres --username postgres" at Docker container 7c82a06f2a50&#xD;
[testcontainers.org 00:00:12.00] Execute "pg_isready --host localhost --dbname postgres --username postgres" at Docker container 8015317b9ba4&#xD;
[testcontainers.org 00:00:12.04] Execute "pg_isready --host localhost --dbname postgres --username postgres" at Docker container eaef79fc72c4&#xD;
[testcontainers.org 00:00:12.13] Execute "pg_isready --host localhost --dbname postgres --username postgres" at Docker container 74e8f3b87214&#xD;
[testcontainers.org 00:00:12.13] Execute "pg_isready --host localhost --dbname postgres --username postgres" at Docker container dfa31b165c26&#xD;
[testcontainers.org 00:00:12.16] Execute "pg_isready --host localhost --dbname postgres --username postgres" at Docker container 37a70d7cea44&#xD;
[testcontainers.org 00:00:12.68] Execute "pg_isready --host localhost --dbname postgres --username postgres" at Docker container 22246dedd636&#xD;
[testcontainers.org 00:00:12.75] Docker container 22246dedd636 ready&#xD;
[testcontainers.org 00:00:12.88] Execute "pg_isready --host localhost --dbname postgres --username postgres" at Docker container 495fb084e1f4&#xD;
[testcontainers.org 00:00:12.91] Execute "pg_isready --host localhost --dbname postgres --username postgres" at Docker container 208ce393050a&#xD;
[testcontainers.org 00:00:12.91] Execute "pg_isready --host localhost --dbname postgres --username postgres" at Docker container 9d47fa553b3a&#xD;
[testcontainers.org 00:00:12.99] Docker container 9d47fa553b3a ready&#xD;
[testcontainers.org 00:00:12.99] Docker container 208ce393050a ready&#xD;
[testcontainers.org 00:00:13.00] Execute "pg_isready --host localhost --dbname postgres --username postgres" at Docker container cc6a45d9a686&#xD;
[testcontainers.org 00:00:13.08] Execute "pg_isready --host localhost --dbname postgres --username postgres" at Docker container 7c82a06f2a50&#xD;
[testcontainers.org 00:00:13.08] Execute "pg_isready --host localhost --dbname postgres --username postgres" at Docker container 8015317b9ba4&#xD;
[testcontainers.org 00:00:13.12] Execute "pg_isready --host localhost --dbname postgres --username postgres" at Docker container eaef79fc72c4&#xD;
[testcontainers.org 00:00:13.17] Docker container 8015317b9ba4 ready&#xD;
[testcontainers.org 00:00:13.17] Docker container 7c82a06f2a50 ready&#xD;
[testcontainers.org 00:00:13.20] Execute "pg_isready --host localhost --dbname postgres --username postgres" at Docker container dfa31b165c26&#xD;
[testcontainers.org 00:00:13.20] Execute "pg_isready --host localhost --dbname postgres --username postgres" at Docker container 74e8f3b87214&#xD;
[testcontainers.org 00:00:13.22] Docker container eaef79fc72c4 ready&#xD;
[testcontainers.org 00:00:13.23] Execute "pg_isready --host localhost --dbname postgres --username postgres" at Docker container 37a70d7cea44&#xD;
[testcontainers.org 00:00:13.30] Docker container 74e8f3b87214 ready&#xD;
[testcontainers.org 00:00:13.30] Docker container dfa31b165c26 ready&#xD;
[testcontainers.org 00:00:13.34] Docker container 37a70d7cea44 ready&#xD;
[testcontainers.org 00:00:13.38] Delete Docker container 8015317b9ba4&#xD;
[testcontainers.org 00:00:13.97] Execute "pg_isready --host localhost --dbname postgres --username postgres" at Docker container 495fb084e1f4&#xD;
[testcontainers.org 00:00:14.09] Docker container 495fb084e1f4 ready&#xD;
[testcontainers.org 00:00:14.11] Execute "pg_isready --host localhost --dbname postgres --username postgres" at Docker container cc6a45d9a686&#xD;
[testcontainers.org 00:00:14.23] Docker container cc6a45d9a686 ready&#xD;
[testcontainers.org 00:00:14.51] Delete Docker container 208ce393050a&#xD;
[testcontainers.org 00:00:14.53] Delete Docker container dfa31b165c26&#xD;
[testcontainers.org 00:00:14.53] Delete Docker container 37a70d7cea44&#xD;
[testcontainers.org 00:00:14.54] Delete Docker container 9d47fa553b3a&#xD;
[testcontainers.org 00:00:14.93] Delete Docker container 7c82a06f2a50&#xD;
[testcontainers.org 00:00:15.01] Delete Docker container 495fb084e1f4&#xD;
[testcontainers.org 00:00:15.10] Delete Docker container cc6a45d9a686&#xD;
[testcontainers.org 00:00:15.21] Delete Docker container 22246dedd636&#xD;
[testcontainers.org 00:00:15.24] Delete Docker container 74e8f3b87214&#xD;
[testcontainers.org 00:00:15.52] Delete Docker container eaef79fc72c4&#xD;
[testcontainers.org 00:00:15.63] Docker container 831e4ea58a97 created&#xD;
[testcontainers.org 00:00:15.64] Start Docker container 831e4ea58a97&#xD;
[testcontainers.org 00:00:15.65] Docker container 52883fd13c2a created&#xD;
[testcontainers.org 00:00:15.66] Start Docker container 52883fd13c2a&#xD;
[testcontainers.org 00:00:15.88] Docker container 41bfd21c3453 created&#xD;
[testcontainers.org 00:00:15.89] Start Docker container 41bfd21c3453&#xD;
[testcontainers.org 00:00:16.04] Wait for Docker container 52883fd13c2a to complete readiness checks&#xD;
[testcontainers.org 00:00:16.06] Execute "pg_isready --host localhost --dbname postgres --username postgres" at Docker container 52883fd13c2a&#xD;
[testcontainers.org 00:00:16.06] Wait for Docker container 831e4ea58a97 to complete readiness checks&#xD;
[testcontainers.org 00:00:16.09] Execute "pg_isready --host localhost --dbname postgres --username postgres" at Docker container 831e4ea58a97&#xD;
[testcontainers.org 00:00:16.09] Docker container 4c234c0860b2 created&#xD;
[testcontainers.org 00:00:16.12] Start Docker container 4c234c0860b2&#xD;
[testcontainers.org 00:00:16.27] Wait for Docker container 41bfd21c3453 to complete readiness checks&#xD;
[testcontainers.org 00:00:16.29] Execute "pg_isready --host localhost --dbname postgres --username postgres" at Docker container 41bfd21c3453&#xD;
[testcontainers.org 00:00:16.43] Docker container b0fc76774f9f created&#xD;
[testcontainers.org 00:00:16.45] Start Docker container b0fc76774f9f&#xD;
[testcontainers.org 00:00:16.46] Wait for Docker container 4c234c0860b2 to complete readiness checks&#xD;
[testcontainers.org 00:00:16.47] Docker container 6982d4115138 created&#xD;
[testcontainers.org 00:00:16.48] Execute "pg_isready --host localhost --dbname postgres --username postgres" at Docker container 4c234c0860b2&#xD;
[testcontainers.org 00:00:16.49] Start Docker container 6982d4115138&#xD;
[testcontainers.org 00:00:16.77] Wait for Docker container b0fc76774f9f to complete readiness checks&#xD;
[testcontainers.org 00:00:16.79] Execute "pg_isready --host localhost --dbname postgres --username postgres" at Docker container b0fc76774f9f&#xD;
[testcontainers.org 00:00:16.81] Wait for Docker container 6982d4115138 to complete readiness checks&#xD;
[testcontainers.org 00:00:16.82] Execute "pg_isready --host localhost --dbname postgres --username postgres" at Docker container 6982d4115138&#xD;
[testcontainers.org 00:00:17.17] Execute "pg_isready --host localhost --dbname postgres --username postgres" at Docker container 52883fd13c2a&#xD;
[testcontainers.org 00:00:17.21] Execute "pg_isready --host localhost --dbname postgres --username postgres" at Docker container 831e4ea58a97&#xD;
[testcontainers.org 00:00:17.39] Execute "pg_isready --host localhost --dbname postgres --username postgres" at Docker container 41bfd21c3453&#xD;
[testcontainers.org 00:00:17.59] Execute "pg_isready --host localhost --dbname postgres --username postgres" at Docker container 4c234c0860b2&#xD;
[testcontainers.org 00:00:17.90] Execute "pg_isready --host localhost --dbname postgres --username postgres" at Docker container b0fc76774f9f&#xD;
[testcontainers.org 00:00:17.93] Execute "pg_isready --host localhost --dbname postgres --username postgres" at Docker container 6982d4115138&#xD;
[testcontainers.org 00:00:18.29] Execute "pg_isready --host localhost --dbname postgres --username postgres" at Docker container 52883fd13c2a&#xD;
[testcontainers.org 00:00:18.32] Execute "pg_isready --host localhost --dbname postgres --username postgres" at Docker container 831e4ea58a97&#xD;
[testcontainers.org 00:00:18.48] Execute "pg_isready --host localhost --dbname postgres --username postgres" at Docker container 41bfd21c3453&#xD;
[testcontainers.org 00:00:18.67] Execute "pg_isready --host localhost --dbname postgres --username postgres" at Docker container 4c234c0860b2&#xD;
[testcontainers.org 00:00:18.99] Execute "pg_isready --host localhost --dbname postgres --username postgres" at Docker container b0fc76774f9f&#xD;
[testcontainers.org 00:00:19.01] Execute "pg_isready --host localhost --dbname postgres --username postgres" at Docker container 6982d4115138&#xD;
[testcontainers.org 00:00:19.40] Execute "pg_isready --host localhost --dbname postgres --username postgres" at Docker container 52883fd13c2a&#xD;
[testcontainers.org 00:00:19.43] Execute "pg_isready --host localhost --dbname postgres --username postgres" at Docker container 831e4ea58a97&#xD;
[testcontainers.org 00:00:19.54] Execute "pg_isready --host localhost --dbname postgres --username postgres" at Docker container 41bfd21c3453&#xD;
[testcontainers.org 00:00:19.72] Execute "pg_isready --host localhost --dbname postgres --username postgres" at Docker container 4c234c0860b2&#xD;
[testcontainers.org 00:00:20.05] Execute "pg_isready --host localhost --dbname postgres --username postgres" at Docker container b0fc76774f9f&#xD;
[testcontainers.org 00:00:20.06] Execute "pg_isready --host localhost --dbname postgres --username postgres" at Docker container 6982d4115138&#xD;
[testcontainers.org 00:00:20.46] Execute "pg_isready --host localhost --dbname postgres --username postgres" at Docker container 52883fd13c2a&#xD;
[testcontainers.org 00:00:20.49] Execute "pg_isready --host localhost --dbname postgres --username postgres" at Docker container 831e4ea58a97&#xD;
[testcontainers.org 00:00:20.52] Docker container 52883fd13c2a ready&#xD;
[testcontainers.org 00:00:20.59] Execute "pg_isready --host localhost --dbname postgres --username postgres" at Docker container 41bfd21c3453&#xD;
[testcontainers.org 00:00:20.65] Docker container 41bfd21c3453 ready&#xD;
[testcontainers.org 00:00:20.78] Execute "pg_isready --host localhost --dbname postgres --username postgres" at Docker container 4c234c0860b2&#xD;
[testcontainers.org 00:00:20.85] Docker container 4c234c0860b2 ready&#xD;
[testcontainers.org 00:00:20.99] Delete Docker container 52883fd13c2a&#xD;
[testcontainers.org 00:00:21.03] Delete Docker container 41bfd21c3453&#xD;
[testcontainers.org 00:00:21.10] Execute "pg_isready --host localhost --dbname postgres --username postgres" at Docker container b0fc76774f9f&#xD;
[testcontainers.org 00:00:21.11] Execute "pg_isready --host localhost --dbname postgres --username postgres" at Docker container 6982d4115138&#xD;
[testcontainers.org 00:00:21.17] Docker container b0fc76774f9f ready&#xD;
[testcontainers.org 00:00:21.19] Docker container 6982d4115138 ready&#xD;
[testcontainers.org 00:00:21.36] Delete Docker container 4c234c0860b2&#xD;
[testcontainers.org 00:00:21.56] Execute "pg_isready --host localhost --dbname postgres --username postgres" at Docker container 831e4ea58a97&#xD;
[testcontainers.org 00:00:21.64] Docker container 831e4ea58a97 ready&#xD;
[testcontainers.org 00:00:21.72] Delete Docker container b0fc76774f9f&#xD;
[testcontainers.org 00:00:21.96] Docker container 5f61adc79a7d created&#xD;
[testcontainers.org 00:00:21.97] Start Docker container 5f61adc79a7d&#xD;
[testcontainers.org 00:00:22.13] Delete Docker container 831e4ea58a97&#xD;
[testcontainers.org 00:00:22.24] Wait for Docker container 5f61adc79a7d to complete readiness checks&#xD;
[testcontainers.org 00:00:22.25] Execute "pg_isready --host localhost --dbname postgres --username postgres" at Docker container 5f61adc79a7d&#xD;
[testcontainers.org 00:00:22.66] Delete Docker container 6982d4115138&#xD;
[testcontainers.org 00:00:22.72] Docker container 63120342b2e8 created&#xD;
[testcontainers.org 00:00:22.73] Start Docker container 63120342b2e8&#xD;
[testcontainers.org 00:00:23.03] Wait for Docker container 63120342b2e8 to complete readiness checks&#xD;
[testcontainers.org 00:00:23.04] Execute "pg_isready --host localhost --dbname postgres --username postgres" at Docker container 63120342b2e8&#xD;
[testcontainers.org 00:00:23.19] Docker container ee5f329df606 created&#xD;
[testcontainers.org 00:00:23.20] Start Docker container ee5f329df606&#xD;
[testcontainers.org 00:00:23.32] Execute "pg_isready --host localhost --dbname postgres --username postgres" at Docker container 5f61adc79a7d&#xD;
[testcontainers.org 00:00:23.44] Wait for Docker container ee5f329df606 to complete readiness checks&#xD;
[testcontainers.org 00:00:23.45] Execute "pg_isready --host localhost --dbname postgres --username postgres" at Docker container ee5f329df606&#xD;
[testcontainers.org 00:00:24.11] Execute "pg_isready --host localhost --dbname postgres --username postgres" at Docker container 63120342b2e8&#xD;
[testcontainers.org 00:00:24.40] Execute "pg_isready --host localhost --dbname postgres --username postgres" at Docker container 5f61adc79a7d&#xD;
[testcontainers.org 00:00:24.47] Docker container 5f61adc79a7d ready&#xD;
[testcontainers.org 00:00:24.51] Execute "pg_isready --host localhost --dbname postgres --username postgres" at Docker container ee5f329df606&#xD;
[testcontainers.org 00:00:24.92] Delete Docker container 5f61adc79a7d&#xD;
[testcontainers.org 00:00:25.19] Execute "pg_isready --host localhost --dbname postgres --username postgres" at Docker container 63120342b2e8&#xD;
[testcontainers.org 00:00:25.58] Execute "pg_isready --host localhost --dbname postgres --username postgres" at Docker container ee5f329df606&#xD;
[testcontainers.org 00:00:26.24] Execute "pg_isready --host localhost --dbname postgres --username postgres" at Docker container 63120342b2e8&#xD;
[testcontainers.org 00:00:26.29] Docker container 63120342b2e8 ready&#xD;
[testcontainers.org 00:00:26.63] Execute "pg_isready --host localhost --dbname postgres --username postgres" at Docker container ee5f329df606&#xD;
[testcontainers.org 00:00:26.70] Docker container ee5f329df606 ready&#xD;
[testcontainers.org 00:00:26.81] Delete Docker container 63120342b2e8&#xD;
[testcontainers.org 00:00:27.79] Delete Docker container ee5f329df606&#xD;
[testcontainers.org 00:00:28.31] Docker container 4b0a24676a8b created&#xD;
[testcontainers.org 00:00:28.32] Start Docker container 4b0a24676a8b&#xD;
[testcontainers.org 00:00:28.53] Wait for Docker container 4b0a24676a8b to complete readiness checks&#xD;
[testcontainers.org 00:00:28.54] Execute "pg_isready --host localhost --dbname postgres --username postgres" at Docker container 4b0a24676a8b&#xD;
[testcontainers.org 00:00:29.59] Execute "pg_isready --host localhost --dbname postgres --username postgres" at Docker container 4b0a24676a8b&#xD;
[testcontainers.org 00:00:30.64] Execute "pg_isready --host localhost --dbname postgres --username postgres" at Docker container 4b0a24676a8b&#xD;
[testcontainers.org 00:00:30.70] Docker container 4b0a24676a8b ready&#xD;
[testcontainers.org 00:00:31.08] Delete Docker container 4b0a24676a8b&#xD;
[testcontainers.org 00:00:31.58] Docker container 29a281e4b65d created&#xD;
[testcontainers.org 00:00:31.59] Start Docker container 29a281e4b65d&#xD;
[testcontainers.org 00:00:31.78] Wait for Docker container 29a281e4b65d to complete readiness checks&#xD;
[testcontainers.org 00:00:31.79] Execute "pg_isready --host localhost --dbname postgres --username postgres" at Docker container 29a281e4b65d&#xD;
[testcontainers.org 00:00:32.85] Execute "pg_isready --host localhost --dbname postgres --username postgres" at Docker container 29a281e4b65d&#xD;
[testcontainers.org 00:00:33.90] Execute "pg_isready --host localhost --dbname postgres --username postgres" at Docker container 29a281e4b65d&#xD;
[testcontainers.org 00:00:33.95] Docker container 29a281e4b65d ready&#xD;
[testcontainers.org 00:00:34.34] Delete Docker container 29a281e4b65d&#xD;
[testcontainers.org 00:00:34.80] Docker container b1416cd3a452 created&#xD;
[testcontainers.org 00:00:34.81] Start Docker container b1416cd3a452&#xD;
[testcontainers.org 00:00:34.99] Wait for Docker container b1416cd3a452 to complete readiness checks&#xD;
[testcontainers.org 00:00:35.00] Execute "pg_isready --host localhost --dbname postgres --username postgres" at Docker container b1416cd3a452&#xD;
[testcontainers.org 00:00:36.05] Execute "pg_isready --host localhost --dbname postgres --username postgres" at Docker container b1416cd3a452&#xD;
[testcontainers.org 00:00:37.11] Execute "pg_isready --host localhost --dbname postgres --username postgres" at Docker container b1416cd3a452&#xD;
[testcontainers.org 00:00:37.16] Docker container b1416cd3a452 ready&#xD;
[testcontainers.org 00:00:37.66] Delete Docker container b1416cd3a452&#xD;
[testcontainers.org 00:00:38.15] Docker container 049edc853baa created&#xD;
[testcontainers.org 00:00:38.16] Start Docker container 049edc853baa&#xD;
[testcontainers.org 00:00:38.35] Wait for Docker container 049edc853baa to complete readiness checks&#xD;
[testcontainers.org 00:00:38.36] Execute "pg_isready --host localhost --dbname postgres --username postgres" at Docker container 049edc853baa&#xD;
[testcontainers.org 00:00:39.41] Execute "pg_isready --host localhost --dbname postgres --username postgres" at Docker container 049edc853baa&#xD;
[testcontainers.org 00:00:40.48] Execute "pg_isready --host localhost --dbname postgres --username postgres" at Docker container 049edc853baa&#xD;
[testcontainers.org 00:00:40.53] Docker container 049edc853baa ready&#xD;
[testcontainers.org 00:00:41.12] Delete Docker container 049edc853baa&#xD;
[testcontainers.org 00:00:41.65] Docker container 8978ad008893 created&#xD;
[testcontainers.org 00:00:41.66] Start Docker container 8978ad008893&#xD;
[testcontainers.org 00:00:41.84] Wait for Docker container 8978ad008893 to complete readiness checks&#xD;
[testcontainers.org 00:00:41.85] Execute "pg_isready --host localhost --dbname postgres --username postgres" at Docker container 8978ad008893&#xD;
[testcontainers.org 00:00:42.90] Execute "pg_isready --host localhost --dbname postgres --username postgres" at Docker container 8978ad008893&#xD;
[testcontainers.org 00:00:43.96] Execute "pg_isready --host localhost --dbname postgres --username postgres" at Docker container 8978ad008893&#xD;
[testcontainers.org 00:00:44.01] Docker container 8978ad008893 ready&#xD;
[testcontainers.org 00:00:44.51] Delete Docker container 8978ad008893&#xD;
[xUnit.net 00:00:45.48]   Finished:    OrderHub.Integration.Tests&#xD;
</StdOut>
    </Output>
    <RunInfos>
      <RunInfo computerName="DESKTOP-5I2MT27" outcome="Warning" timestamp="2026-09-03T11:39:34.9100902-03:00">
        <Text>Coletor de dados 'Blame' mensagem: A execução de todos os testes foi concluída. O arquivo de sequência não será gerado..</Text>
      </RunInfo>
    </RunInfos>
  </ResultSummary>
</TestRun>